2021-07-20 00:44:52,856 Read Config Success
2021-07-20 00:44:54,980 Wallet Connected
2021-07-20 00:44:56,932 Access Level Tier 3: Snipping,Max Speed:10, Auto Sells, Limit Sells, Limit Buys, Stop Loss
2021-07-20 00:45:26,044 Read Config Success
2021-07-20 00:45:28,125 Wallet Connected
2021-07-20 00:45:30,480 Access Level Tier 3: Snipping,Max Speed:10, Auto Sells, Limit Sells, Limit Buys, Stop Loss
2021-07-20 00:45:33,483 Please Input Buy Amount!
2021-07-20 00:45:39,065 Start Bot
2021-07-20 00:45:39,311 Waiting liquidity to be added
2021-07-20 00:45:45,813 Stop Bot
2021-07-20 00:46:57,773 Read Config Success
2021-07-20 00:46:59,633 Wallet Connected
2021-07-20 00:47:01,198 Access Level Tier 3: Snipping,Max Speed:10, Auto Sells, Limit Sells, Limit Buys, Stop Loss
2021-07-20 00:47:04,203 Please Input Buy Amount!
2021-07-20 00:47:12,208 Start Bot
2021-07-20 00:47:12,463 Waiting liquidity to be added
2021-07-20 00:47:16,435 Stop Bot
2021-07-20 00:47:58,977 Read Config Success
2021-07-20 00:48:01,192 Wallet Connected
2021-07-20 00:48:02,691 Access Level Tier 3: Snipping,Max Speed:10, Auto Sells, Limit Sells, Limit Buys, Stop Loss
2021-07-20 00:48:11,836 Start Bot
2021-07-20 00:48:12,091 Waiting Presale Start
2021-07-20 00:48:13,563 Stop Bot
2021-07-20 00:51:54,588 Read Config Success
2021-07-20 00:51:56,692 Wallet Connected
2021-07-20 00:51:59,194 Access Level Tier 3: Snipping,Max Speed:10, Auto Sells, Limit Sells, Limit Buys, Stop Loss
2021-07-20 00:52:02,890 Please Input Buy Amount!
2021-07-20 00:52:06,947 Inset Presale Address!
2021-07-20 00:52:25,837 Read Config Success
2021-07-20 00:52:26,968 Wallet Connected
2021-07-20 00:52:28,659 Access Level Tier 3: Snipping,Max Speed:10, Auto Sells, Limit Sells, Limit Buys, Stop Loss
2021-07-20 00:55:53,026 Read Config Success
2021-07-20 00:55:54,449 Wallet Connected
2021-07-20 00:55:55,967 Access Level Tier 3: Snipping,Max Speed:10, Auto Sells, Limit Sells, Limit Buys, Stop Loss
2021-07-20 00:59:22,348 Read Config Success
2021-07-20 00:59:23,630 Wallet Connected
2021-07-20 00:59:25,045 Access Level Tier 3: Snipping,Max Speed:10, Auto Sells, Limit Sells, Limit Buys, Stop Loss
2021-07-20 00:59:45,896 Start Bot
2021-07-20 00:59:46,136 Waiting liquidity to be added
2021-07-20 00:59:48,483 Stop Bot
2021-07-20 00:59:51,747 Start Bot
2021-07-20 00:59:51,958 Waiting Sell Moment....
2021-07-20 00:59:52,421 Checking the condition, current price:100.0%
2021-07-20 00:59:53,159 Checking the condition, current price:100.0%
2021-07-20 00:59:53,944 Checking the condition, current price:100.0%
2021-07-20 00:59:54,242 Start Sell
2021-07-20 00:59:54,243 Wait until transaction completed...
2021-07-20 00:59:55,398 Sell transaction: 0xffb6ec400d95d2e118b8048a7b3ff149b2890cd50521469a9bd20e94a59ad749
2021-07-20 01:00:03,301 Sell transaction confirmed
2021-07-20 01:00:05,931 Stop Bot
