2021-07-10 20:06:49,479 Read Config Success
2021-07-10 20:06:52,058 Wallet Connected
2021-07-10 20:07:25,975 Read Config Success
2021-07-10 20:07:27,889 Wallet Connected
2021-07-10 20:17:30,724 Read Config Success
2021-07-10 20:17:32,410 Wallet Connected
2021-07-10 20:33:31,468 Read Config Success
2021-07-10 20:33:33,942 Wallet Connected
2021-07-10 20:33:38,527 Please Input Buy Amount!
2021-07-10 20:33:44,932 Start Bot
2021-07-10 20:33:45,324 Waiting liquidity to be added
2021-07-10 20:34:41,079 Liquidity Added : 0xb2c0ca753c907ef7765dcb717f2933273b8096aee5ca0e870f4da9d6c05c6f4f
2021-07-10 20:34:41,080 Start Buy
2021-07-10 20:34:41,456 Wait until transaction completed...
2021-07-10 20:34:41,457 Buy transaction: 0xea3b89b36f40230aeca4d6504b3faeff6b5e25487dd4914f498643fca0ecc63b
2021-07-10 20:34:47,462 Buy transaction confirmed
2021-07-10 20:34:48,135 Checking the condition, current price:0.0031879, buy price:0.00318795
2021-07-10 20:34:48,641 Checking the condition, current price:0.0031879, buy price:0.00318795
2021-07-10 20:34:49,143 Checking the condition, current price:0.0031879, buy price:0.00318795
2021-07-10 20:34:49,664 Checking the condition, current price:0.0031879, buy price:0.00318795
2021-07-10 20:34:50,177 Checking the condition, current price:0.0031879, buy price:0.00318795
2021-07-10 20:34:50,689 Checking the condition, current price:0.0031879, buy price:0.00318795
2021-07-10 20:34:51,202 Checking the condition, current price:0.0031879, buy price:0.00318795
2021-07-10 20:34:51,704 Checking the condition, current price:0.00318793, buy price:0.00318795
2021-07-10 20:34:52,219 Checking the condition, current price:0.00318793, buy price:0.00318795
2021-07-10 20:34:52,732 Checking the condition, current price:0.00318793, buy price:0.00318795
2021-07-10 20:34:53,245 Checking the condition, current price:0.00318793, buy price:0.00318795
2021-07-10 20:34:53,759 Checking the condition, current price:0.00318793, buy price:0.00318795
2021-07-10 20:34:54,271 Checking the condition, current price:0.00318793, buy price:0.00318795
2021-07-10 20:34:54,787 Checking the condition, current price:0.00318793, buy price:0.00318795
2021-07-10 20:34:55,304 Checking the condition, current price:0.00318793, buy price:0.00318795
2021-07-10 20:34:55,812 Checking the condition, current price:0.00318793, buy price:0.00318795
2021-07-10 20:34:56,320 Checking the condition, current price:0.00318788, buy price:0.00318795
2021-07-10 20:34:56,828 Checking the condition, current price:0.00318788, buy price:0.00318795
2021-07-10 20:34:57,344 Checking the condition, current price:0.00318788, buy price:0.00318795
2021-07-10 20:34:57,848 Checking the condition, current price:0.00318788, buy price:0.00318795
2021-07-10 20:34:58,357 Checking the condition, current price:0.00318788, buy price:0.00318795
2021-07-10 20:34:58,859 Checking the condition, current price:0.00318788, buy price:0.00318795
2021-07-10 20:34:59,359 Checking the condition, current price:0.00318788, buy price:0.00318795
2021-07-10 20:34:59,872 Checking the condition, current price:0.00318788, buy price:0.00318795
2021-07-10 20:35:00,375 Checking the condition, current price:0.00318791, buy price:0.00318795
2021-07-10 20:35:00,889 Checking the condition, current price:0.00318791, buy price:0.00318795
2021-07-10 20:35:01,402 Checking the condition, current price:0.00318791, buy price:0.00318795
2021-07-10 20:35:01,916 Checking the condition, current price:0.00318791, buy price:0.00318795
2021-07-10 20:35:02,426 Checking the condition, current price:0.00318791, buy price:0.00318795
2021-07-10 20:35:02,928 Checking the condition, current price:0.00318801, buy price:0.00318795
2021-07-10 20:35:03,442 Checking the condition, current price:0.00318801, buy price:0.00318795
2021-07-10 20:35:03,955 Checking the condition, current price:0.00318801, buy price:0.00318795
2021-07-10 20:35:04,469 Checking the condition, current price:0.00318801, buy price:0.00318795
2021-07-10 20:35:04,982 Checking the condition, current price:0.00318801, buy price:0.00318795
2021-07-10 20:35:05,495 Checking the condition, current price:0.00318801, buy price:0.00318795
2021-07-10 20:35:05,995 Checking the condition, current price:0.00318801, buy price:0.00318795
2021-07-10 20:35:06,531 Checking the condition, current price:0.00318801, buy price:0.00318795
2021-07-10 20:35:07,015 Checking the condition, current price:0.00318801, buy price:0.00318795
2021-07-10 20:35:07,527 Checking the condition, current price:0.00318801, buy price:0.00318795
2021-07-10 20:35:08,038 Checking the condition, current price:0.00318801, buy price:0.00318795
2021-07-10 20:35:08,551 Checking the condition, current price:0.003188, buy price:0.00318795
2021-07-10 20:35:09,051 Checking the condition, current price:0.003188, buy price:0.00318795
2021-07-10 20:35:09,568 Checking the condition, current price:0.003188, buy price:0.00318795
2021-07-10 20:35:10,082 Checking the condition, current price:0.003188, buy price:0.00318795
2021-07-10 20:35:10,581 Checking the condition, current price:0.003188, buy price:0.00318795
2021-07-10 20:35:11,084 Checking the condition, current price:0.00318806, buy price:0.00318795
2021-07-10 20:35:11,586 Checking the condition, current price:0.00318806, buy price:0.00318795
2021-07-10 20:35:12,100 Checking the condition, current price:0.00318806, buy price:0.00318795
2021-07-10 20:35:12,615 Checking the condition, current price:0.00318806, buy price:0.00318795
2021-07-10 20:35:13,118 Checking the condition, current price:0.00318806, buy price:0.00318795
2021-07-10 20:35:13,633 Checking the condition, current price:0.00318806, buy price:0.00318795
2021-07-10 20:35:14,149 Checking the condition, current price:0.00318806, buy price:0.00318795
2021-07-10 20:35:14,652 Checking the condition, current price:0.00318806, buy price:0.00318795
2021-07-10 20:35:15,166 Checking the condition, current price:0.00318806, buy price:0.00318795
2021-07-10 20:35:15,678 Checking the condition, current price:0.00318806, buy price:0.00318795
2021-07-10 20:35:16,192 Checking the condition, current price:0.00318806, buy price:0.00318795
2021-07-10 20:35:16,710 Checking the condition, current price:0.00318806, buy price:0.00318795
2021-07-10 20:35:17,217 Checking the condition, current price:0.00318806, buy price:0.00318795
2021-07-10 20:35:17,730 Checking the condition, current price:0.00318806, buy price:0.00318795
2021-07-10 20:35:18,240 Checking the condition, current price:0.00318806, buy price:0.00318795
2021-07-10 20:35:18,751 Checking the condition, current price:0.00318806, buy price:0.00318795
2021-07-10 20:35:19,265 Checking the condition, current price:0.00318806, buy price:0.00318795
2021-07-10 20:35:19,780 Checking the condition, current price:0.00318806, buy price:0.00318795
2021-07-10 20:35:20,292 Checking the condition, current price:0.00318806, buy price:0.00318795
2021-07-10 20:35:20,831 Checking the condition, current price:0.00318806, buy price:0.00318795
2021-07-10 20:35:21,340 Checking the condition, current price:0.00318806, buy price:0.00318795
2021-07-10 20:35:21,856 Checking the condition, current price:0.00318807, buy price:0.00318795
2021-07-10 20:35:22,381 Checking the condition, current price:0.00318807, buy price:0.00318795
2021-07-10 20:35:22,896 Checking the condition, current price:0.00318807, buy price:0.00318795
2021-07-10 20:35:23,405 Checking the condition, current price:0.00318807, buy price:0.00318795
2021-07-10 20:35:23,919 Checking the condition, current price:0.00318807, buy price:0.00318795
2021-07-10 20:35:24,419 Checking the condition, current price:0.00318807, buy price:0.00318795
2021-07-10 20:35:24,932 Checking the condition, current price:0.00318807, buy price:0.00318795
2021-07-10 20:35:25,444 Checking the condition, current price:0.00318806, buy price:0.00318795
2021-07-10 20:35:25,960 Checking the condition, current price:0.00318806, buy price:0.00318795
2021-07-10 20:35:26,475 Checking the condition, current price:0.00318806, buy price:0.00318795
2021-07-10 20:35:26,991 Checking the condition, current price:0.00318808, buy price:0.00318795
2021-07-10 20:35:27,491 Checking the condition, current price:0.00318808, buy price:0.00318795
2021-07-10 20:35:28,002 Checking the condition, current price:0.00318808, buy price:0.00318795
2021-07-10 20:35:28,503 Checking the condition, current price:0.00318808, buy price:0.00318795
2021-07-10 20:35:29,016 Checking the condition, current price:0.00318808, buy price:0.00318795
2021-07-10 20:35:29,518 Checking the condition, current price:0.00318808, buy price:0.00318795
2021-07-10 20:35:30,028 Checking the condition, current price:0.00318808, buy price:0.00318795
2021-07-10 20:35:30,542 Checking the condition, current price:0.0031881, buy price:0.00318795
2021-07-10 20:35:31,059 Checking the condition, current price:0.0031881, buy price:0.00318795
2021-07-10 20:35:31,573 Checking the condition, current price:0.0031881, buy price:0.00318795
2021-07-10 20:35:32,084 Checking the condition, current price:0.0031881, buy price:0.00318795
2021-07-10 20:35:32,598 Checking the condition, current price:0.0031881, buy price:0.00318795
2021-07-10 20:35:33,113 Checking the condition, current price:0.0031881, buy price:0.00318795
2021-07-10 20:35:33,613 Checking the condition, current price:0.0031881, buy price:0.00318795
2021-07-10 20:35:34,130 Checking the condition, current price:0.0031881, buy price:0.00318795
2021-07-10 20:35:34,645 Checking the condition, current price:0.0031881, buy price:0.00318795
2021-07-10 20:35:35,158 Checking the condition, current price:0.0031881, buy price:0.00318795
2021-07-10 20:35:35,659 Checking the condition, current price:0.0031881, buy price:0.00318795
2021-07-10 20:35:36,174 Checking the condition, current price:0.0031881, buy price:0.00318795
2021-07-10 20:35:36,689 Checking the condition, current price:0.00318811, buy price:0.00318795
2021-07-10 20:35:37,205 Checking the condition, current price:0.00318811, buy price:0.00318795
2021-07-10 20:35:37,724 Checking the condition, current price:0.00318811, buy price:0.00318795
2021-07-10 20:35:38,230 Checking the condition, current price:0.00318811, buy price:0.00318795
2021-07-10 20:35:38,747 Checking the condition, current price:0.00318811, buy price:0.00318795
2021-07-10 20:35:39,257 Checking the condition, current price:0.00318811, buy price:0.00318795
2021-07-10 20:35:39,761 Checking the condition, current price:0.00318812, buy price:0.00318795
2021-07-10 20:35:40,276 Checking the condition, current price:0.00318812, buy price:0.00318795
2021-07-10 20:35:40,787 Checking the condition, current price:0.00318812, buy price:0.00318795
2021-07-10 20:35:41,288 Checking the condition, current price:0.00318812, buy price:0.00318795
2021-07-10 20:35:41,802 Checking the condition, current price:0.00318814, buy price:0.00318795
2021-07-10 20:35:42,312 Checking the condition, current price:0.00318814, buy price:0.00318795
2021-07-10 20:35:42,824 Checking the condition, current price:0.00318814, buy price:0.00318795
2021-07-10 20:35:43,335 Checking the condition, current price:0.00318814, buy price:0.00318795
2021-07-10 20:35:43,846 Checking the condition, current price:0.00318814, buy price:0.00318795
2021-07-10 20:35:44,358 Checking the condition, current price:0.00318814, buy price:0.00318795
2021-07-10 20:35:44,870 Checking the condition, current price:0.0031882, buy price:0.00318795
2021-07-10 20:35:45,381 Checking the condition, current price:0.0031882, buy price:0.00318795
2021-07-10 20:35:45,895 Checking the condition, current price:0.0031882, buy price:0.00318795
2021-07-10 20:35:46,402 Checking the condition, current price:0.0031882, buy price:0.00318795
2021-07-10 20:35:46,917 Checking the condition, current price:0.0031882, buy price:0.00318795
2021-07-10 20:35:47,433 Checking the condition, current price:0.0031882, buy price:0.00318795
2021-07-10 20:35:47,948 Checking the condition, current price:0.0031882, buy price:0.00318795
2021-07-10 20:35:48,457 Checking the condition, current price:0.0031882, buy price:0.00318795
2021-07-10 20:35:48,973 Checking the condition, current price:0.0031882, buy price:0.00318795
2021-07-10 20:35:49,487 Checking the condition, current price:0.0031882, buy price:0.00318795
2021-07-10 20:35:49,999 Checking the condition, current price:0.0031882, buy price:0.00318795
2021-07-10 20:35:50,510 Checking the condition, current price:0.0031882, buy price:0.00318795
2021-07-10 20:35:51,025 Checking the condition, current price:0.0031882, buy price:0.00318795
2021-07-10 20:35:51,536 Checking the condition, current price:0.00318823, buy price:0.00318795
2021-07-10 20:35:52,047 Checking the condition, current price:0.00318823, buy price:0.00318795
2021-07-10 20:35:52,652 Checking the condition, current price:0.00318823, buy price:0.00318795
2021-07-10 20:35:53,225 Checking the condition, current price:0.00318823, buy price:0.00318795
2021-07-10 20:35:53,751 Checking the condition, current price:0.00318823, buy price:0.00318795
2021-07-10 20:35:54,257 Checking the condition, current price:0.00318823, buy price:0.00318795
2021-07-10 20:35:54,768 Checking the condition, current price:0.00318823, buy price:0.00318795
2021-07-10 20:35:55,283 Checking the condition, current price:0.00318823, buy price:0.00318795
2021-07-10 20:35:55,797 Checking the condition, current price:0.00318823, buy price:0.00318795
2021-07-10 20:35:56,312 Checking the condition, current price:0.00318823, buy price:0.00318795
2021-07-10 20:35:56,817 Checking the condition, current price:0.00318823, buy price:0.00318795
2021-07-10 20:35:57,331 Checking the condition, current price:0.00318822, buy price:0.00318795
2021-07-10 20:35:57,845 Checking the condition, current price:0.00318822, buy price:0.00318795
2021-07-10 20:35:58,404 Checking the condition, current price:0.00318822, buy price:0.00318795
2021-07-10 20:35:58,907 Checking the condition, current price:0.00318822, buy price:0.00318795
2021-07-10 20:35:59,409 Checking the condition, current price:0.00318822, buy price:0.00318795
2021-07-10 20:35:59,923 Checking the condition, current price:0.00318819, buy price:0.00318795
2021-07-10 20:36:00,454 Checking the condition, current price:0.00318819, buy price:0.00318795
2021-07-10 20:36:00,968 Checking the condition, current price:0.00318819, buy price:0.00318795
2021-07-10 20:36:01,481 Checking the condition, current price:0.00318819, buy price:0.00318795
2021-07-10 20:36:01,996 Checking the condition, current price:0.00318819, buy price:0.00318795
2021-07-10 20:36:02,498 Checking the condition, current price:0.00318819, buy price:0.00318795
2021-07-10 20:36:02,999 Checking the condition, current price:0.00318819, buy price:0.00318795
2021-07-10 20:36:03,513 Checking the condition, current price:0.00318819, buy price:0.00318795
2021-07-10 20:36:04,033 Checking the condition, current price:0.00318819, buy price:0.00318795
2021-07-10 20:36:04,561 Checking the condition, current price:0.00318819, buy price:0.00318795
2021-07-10 20:36:05,075 Checking the condition, current price:0.00318819, buy price:0.00318795
2021-07-10 20:36:05,577 Checking the condition, current price:0.00318819, buy price:0.00318795
2021-07-10 20:36:06,084 Checking the condition, current price:0.0031882, buy price:0.00318795
2021-07-10 20:36:06,587 Checking the condition, current price:0.0031882, buy price:0.00318795
2021-07-10 20:36:07,091 Checking the condition, current price:0.0031882, buy price:0.00318795
2021-07-10 20:36:07,607 Checking the condition, current price:0.0031882, buy price:0.00318795
2021-07-10 20:36:08,110 Checking the condition, current price:0.0031882, buy price:0.00318795
2021-07-10 20:36:08,612 Checking the condition, current price:0.0031882, buy price:0.00318795
2021-07-10 20:36:09,111 Checking the condition, current price:0.0031882, buy price:0.00318795
2021-07-10 20:36:09,629 Checking the condition, current price:0.00319074, buy price:0.00318795
2021-07-10 20:36:10,132 Checking the condition, current price:0.00319074, buy price:0.00318795
2021-07-10 20:36:10,633 Checking the condition, current price:0.00319074, buy price:0.00318795
2021-07-10 20:36:11,136 Checking the condition, current price:0.00319074, buy price:0.00318795
2021-07-10 20:36:11,640 Checking the condition, current price:0.00319074, buy price:0.00318795
2021-07-10 20:36:12,147 Checking the condition, current price:0.00319075, buy price:0.00318795
2021-07-10 20:36:12,650 Checking the condition, current price:0.00319075, buy price:0.00318795
2021-07-10 20:36:13,155 Checking the condition, current price:0.00319075, buy price:0.00318795
2021-07-10 20:36:13,656 Checking the condition, current price:0.00319075, buy price:0.00318795
2021-07-10 20:36:14,173 Checking the condition, current price:0.00319075, buy price:0.00318795
2021-07-10 20:36:14,688 Checking the condition, current price:0.00319082, buy price:0.00318795
2021-07-10 20:36:15,187 Checking the condition, current price:0.00319082, buy price:0.00318795
2021-07-10 20:36:15,689 Checking the condition, current price:0.00319082, buy price:0.00318795
2021-07-10 20:36:16,191 Checking the condition, current price:0.00319082, buy price:0.00318795
2021-07-10 20:36:16,706 Checking the condition, current price:0.00319082, buy price:0.00318795
2021-07-10 20:36:17,209 Checking the condition, current price:0.00319082, buy price:0.00318795
2021-07-10 20:36:17,712 Checking the condition, current price:0.00319082, buy price:0.00318795
2021-07-10 20:36:18,227 Checking the condition, current price:0.00319073, buy price:0.00318795
2021-07-10 20:36:18,730 Checking the condition, current price:0.00319073, buy price:0.00318795
2021-07-10 20:36:19,348 Checking the condition, current price:0.00319073, buy price:0.00318795
2021-07-10 20:36:19,987 Checking the condition, current price:0.00319075, buy price:0.00318795
2021-07-10 20:36:20,530 Checking the condition, current price:0.00319075, buy price:0.00318795
2021-07-10 20:36:21,044 Checking the condition, current price:0.00319073, buy price:0.00318795
2021-07-10 20:36:21,547 Checking the condition, current price:0.00319073, buy price:0.00318795
2021-07-10 20:36:22,050 Checking the condition, current price:0.00319073, buy price:0.00318795
2021-07-10 20:36:22,562 Checking the condition, current price:0.00319073, buy price:0.00318795
2021-07-10 20:36:23,078 Checking the condition, current price:0.00319073, buy price:0.00318795
2021-07-10 20:36:23,593 Checking the condition, current price:0.00319082, buy price:0.00318795
2021-07-10 20:36:24,108 Checking the condition, current price:0.00319082, buy price:0.00318795
2021-07-10 20:36:24,611 Checking the condition, current price:0.00319082, buy price:0.00318795
2021-07-10 20:36:25,115 Checking the condition, current price:0.00319073, buy price:0.00318795
2021-07-10 20:36:25,628 Checking the condition, current price:0.00319073, buy price:0.00318795
2021-07-10 20:36:26,144 Checking the condition, current price:0.00319073, buy price:0.00318795
2021-07-10 20:36:26,657 Checking the condition, current price:0.00319073, buy price:0.00318795
2021-07-10 20:36:27,169 Checking the condition, current price:0.00319073, buy price:0.00318795
2021-07-10 20:36:27,686 Checking the condition, current price:0.00319073, buy price:0.00318795
2021-07-10 20:36:28,196 Checking the condition, current price:0.00319073, buy price:0.00318795
2021-07-10 20:36:28,698 Checking the condition, current price:0.00319073, buy price:0.00318795
2021-07-10 20:36:29,209 Checking the condition, current price:0.00319073, buy price:0.00318795
2021-07-10 20:36:29,722 Checking the condition, current price:0.00319009, buy price:0.00318795
2021-07-10 20:36:30,236 Checking the condition, current price:0.00319073, buy price:0.00318795
2021-07-10 20:36:30,752 Checking the condition, current price:0.00319073, buy price:0.00318795
2021-07-10 20:36:31,265 Checking the condition, current price:0.00319031, buy price:0.00318795
2021-07-10 20:36:31,780 Checking the condition, current price:0.00319031, buy price:0.00318795
2021-07-10 20:36:32,293 Checking the condition, current price:0.00319009, buy price:0.00318795
2021-07-10 20:36:32,806 Checking the condition, current price:0.00319063, buy price:0.00318795
2021-07-10 20:36:33,307 Checking the condition, current price:0.00319063, buy price:0.00318795
2021-07-10 20:36:33,809 Checking the condition, current price:0.00319031, buy price:0.00318795
2021-07-10 20:36:34,312 Checking the condition, current price:0.00319031, buy price:0.00318795
2021-07-10 20:36:34,816 Checking the condition, current price:0.00319031, buy price:0.00318795
2021-07-10 20:36:35,316 Checking the condition, current price:0.00319031, buy price:0.00318795
2021-07-10 20:36:35,830 Checking the condition, current price:0.00319062, buy price:0.00318795
2021-07-10 20:36:36,338 Checking the condition, current price:0.00319062, buy price:0.00318795
2021-07-10 20:36:36,844 Checking the condition, current price:0.00319062, buy price:0.00318795
2021-07-10 20:36:37,348 Checking the condition, current price:0.00319062, buy price:0.00318795
2021-07-10 20:36:37,849 Checking the condition, current price:0.00319062, buy price:0.00318795
2021-07-10 20:36:38,353 Checking the condition, current price:0.00319063, buy price:0.00318795
2021-07-10 20:36:38,867 Checking the condition, current price:0.00319063, buy price:0.00318795
2021-07-10 20:36:39,381 Checking the condition, current price:0.00319063, buy price:0.00318795
2021-07-10 20:36:39,884 Checking the condition, current price:0.00319063, buy price:0.00318795
2021-07-10 20:36:40,385 Checking the condition, current price:0.00319063, buy price:0.00318795
2021-07-10 20:36:40,885 Checking the condition, current price:0.00319066, buy price:0.00318795
2021-07-10 20:36:41,387 Checking the condition, current price:0.00319066, buy price:0.00318795
2021-07-10 20:36:41,902 Checking the condition, current price:0.00319066, buy price:0.00318795
2021-07-10 20:36:42,416 Checking the condition, current price:0.00319066, buy price:0.00318795
2021-07-10 20:36:42,929 Checking the condition, current price:0.00319066, buy price:0.00318795
2021-07-10 20:36:43,445 Checking the condition, current price:0.00319066, buy price:0.00318795
2021-07-10 20:36:43,944 Checking the condition, current price:0.00319066, buy price:0.00318795
2021-07-10 20:36:44,461 Checking the condition, current price:0.00319066, buy price:0.00318795
2021-07-10 20:36:44,964 Checking the condition, current price:0.00319066, buy price:0.00318795
2021-07-10 20:36:45,475 Checking the condition, current price:0.00319066, buy price:0.00318795
2021-07-10 20:36:45,988 Checking the condition, current price:0.00319066, buy price:0.00318795
2021-07-10 20:36:46,489 Checking the condition, current price:0.00319066, buy price:0.00318795
2021-07-10 20:36:47,002 Checking the condition, current price:0.00319066, buy price:0.00318795
2021-07-10 20:36:47,517 Checking the condition, current price:0.00319067, buy price:0.00318795
2021-07-10 20:36:48,031 Checking the condition, current price:0.00319067, buy price:0.00318795
2021-07-10 20:36:48,533 Checking the condition, current price:0.00319067, buy price:0.00318795
2021-07-10 20:36:49,038 Checking the condition, current price:0.00319067, buy price:0.00318795
2021-07-10 20:36:49,537 Checking the condition, current price:0.00319067, buy price:0.00318795
2021-07-10 20:36:50,048 Checking the condition, current price:0.00319067, buy price:0.00318795
2021-07-10 20:36:50,560 Checking the condition, current price:0.00319067, buy price:0.00318795
2021-07-10 20:36:51,077 Checking the condition, current price:0.00319073, buy price:0.00318795
2021-07-10 20:36:51,593 Checking the condition, current price:0.00319073, buy price:0.00318795
2021-07-10 20:36:52,097 Checking the condition, current price:0.00319073, buy price:0.00318795
2021-07-10 20:36:52,611 Checking the condition, current price:0.00319073, buy price:0.00318795
2021-07-10 20:36:53,154 Checking the condition, current price:0.00319073, buy price:0.00318795
2021-07-10 20:36:53,663 Checking the condition, current price:0.00319073, buy price:0.00318795
2021-07-10 20:36:54,170 Checking the condition, current price:0.00319074, buy price:0.00318795
2021-07-10 20:36:54,687 Checking the condition, current price:0.00319074, buy price:0.00318795
2021-07-10 20:36:55,189 Checking the condition, current price:0.00319074, buy price:0.00318795
2021-07-10 20:36:56,096 Checking the condition, current price:0.00319074, buy price:0.00318795
2021-07-10 20:36:56,602 Checking the condition, current price:0.00319074, buy price:0.00318795
2021-07-10 20:36:57,109 Checking the condition, current price:0.00319074, buy price:0.00318795
2021-07-10 20:36:57,611 Checking the condition, current price:0.00319074, buy price:0.00318795
2021-07-10 20:36:58,115 Checking the condition, current price:0.00319073, buy price:0.00318795
2021-07-10 20:36:58,720 Checking the condition, current price:0.00319073, buy price:0.00318795
2021-07-10 20:36:59,229 Checking the condition, current price:0.00319073, buy price:0.00318795
2021-07-10 20:36:59,789 Checking the condition, current price:0.00319073, buy price:0.00318795
2021-07-10 20:37:00,297 Checking the condition, current price:0.00319073, buy price:0.00318795
2021-07-10 20:37:00,833 Checking the condition, current price:0.00319073, buy price:0.00318795
2021-07-10 20:37:01,515 Checking the condition, current price:0.00319073, buy price:0.00318795
2021-07-10 20:37:02,025 Checking the condition, current price:0.00319073, buy price:0.00318795
2021-07-10 20:37:02,564 Checking the condition, current price:0.00319082, buy price:0.00318795
2021-07-10 20:37:03,074 Checking the condition, current price:0.00319082, buy price:0.00318795
2021-07-10 20:37:03,628 Checking the condition, current price:0.00319082, buy price:0.00318795
2021-07-10 20:37:04,240 Checking the condition, current price:0.00319082, buy price:0.00318795
2021-07-10 20:37:05,588 Checking the condition, current price:0.00319084, buy price:0.00318795
2021-07-10 20:37:06,098 Checking the condition, current price:0.00319084, buy price:0.00318795
2021-07-10 20:37:06,610 Checking the condition, current price:0.00319084, buy price:0.00318795
2021-07-10 20:37:07,123 Checking the condition, current price:0.00319084, buy price:0.00318795
2021-07-10 20:37:08,158 Checking the condition, current price:0.00319084, buy price:0.00318795
2021-07-10 20:37:08,670 Checking the condition, current price:0.00319084, buy price:0.00318795
2021-07-10 20:37:09,183 Checking the condition, current price:0.00319084, buy price:0.00318795
2021-07-10 20:37:09,685 Checking the condition, current price:0.00319084, buy price:0.00318795
2021-07-10 20:37:10,197 Checking the condition, current price:0.00319084, buy price:0.00318795
2021-07-10 20:37:10,713 Checking the condition, current price:0.00319084, buy price:0.00318795
2021-07-10 20:37:11,225 Checking the condition, current price:0.00319085, buy price:0.00318795
2021-07-10 20:37:11,737 Checking the condition, current price:0.00319085, buy price:0.00318795
2021-07-10 20:37:12,254 Checking the condition, current price:0.00319085, buy price:0.00318795
2021-07-10 20:37:12,769 Checking the condition, current price:0.00319085, buy price:0.00318795
2021-07-10 20:37:13,271 Checking the condition, current price:0.00319085, buy price:0.00318795
2021-07-10 20:37:13,785 Checking the condition, current price:0.00319085, buy price:0.00318795
2021-07-10 20:37:14,295 Checking the condition, current price:0.00319085, buy price:0.00318795
2021-07-10 20:37:14,810 Checking the condition, current price:0.00319085, buy price:0.00318795
2021-07-10 20:37:15,315 Checking the condition, current price:0.00319085, buy price:0.00318795
2021-07-10 20:37:15,829 Checking the condition, current price:0.00319085, buy price:0.00318795
2021-07-10 20:37:16,340 Checking the condition, current price:0.00319085, buy price:0.00318795
2021-07-10 20:37:16,855 Checking the condition, current price:0.00319085, buy price:0.00318795
2021-07-10 20:37:17,358 Checking the condition, current price:0.00319085, buy price:0.00318795
2021-07-10 20:37:17,860 Checking the condition, current price:0.00319088, buy price:0.00318795
2021-07-10 20:37:18,364 Checking the condition, current price:0.00319088, buy price:0.00318795
2021-07-10 20:37:18,863 Checking the condition, current price:0.00319088, buy price:0.00318795
2021-07-10 20:37:19,372 Checking the condition, current price:0.00319088, buy price:0.00318795
2021-07-10 20:37:19,878 Checking the condition, current price:0.00319088, buy price:0.00318795
2021-07-10 20:37:20,386 Checking the condition, current price:0.00319086, buy price:0.00318795
2021-07-10 20:37:20,889 Checking the condition, current price:0.00319086, buy price:0.00318795
2021-07-10 20:37:21,702 Checking the condition, current price:0.00319086, buy price:0.00318795
2021-07-10 20:37:22,642 Checking the condition, current price:0.00319086, buy price:0.00318795
2021-07-10 20:37:23,260 Checking the condition, current price:0.00319086, buy price:0.00318795
2021-07-10 20:37:23,837 Checking the condition, current price:0.00319086, buy price:0.00318795
2021-07-10 20:37:24,507 Checking the condition, current price:0.0031909, buy price:0.00318795
2021-07-10 20:37:25,017 Checking the condition, current price:0.0031909, buy price:0.00318795
2021-07-10 20:37:25,565 Checking the condition, current price:0.0031909, buy price:0.00318795
2021-07-10 20:37:26,147 Checking the condition, current price:0.0031909, buy price:0.00318795
2021-07-10 20:37:26,660 Checking the condition, current price:0.00319083, buy price:0.00318795
2021-07-10 20:37:27,172 Checking the condition, current price:0.00319083, buy price:0.00318795
2021-07-10 20:37:27,666 Checking the condition, current price:0.00319083, buy price:0.00318795
2021-07-10 20:37:28,178 Checking the condition, current price:0.00319083, buy price:0.00318795
2021-07-10 20:37:28,695 Checking the condition, current price:0.00319083, buy price:0.00318795
2021-07-10 20:37:29,216 Checking the condition, current price:0.00319083, buy price:0.00318795
2021-07-10 20:37:29,726 Checking the condition, current price:0.00319083, buy price:0.00318795
2021-07-10 20:37:30,240 Checking the condition, current price:0.00319084, buy price:0.00318795
2021-07-10 20:37:30,755 Checking the condition, current price:0.00319084, buy price:0.00318795
2021-07-10 20:37:31,270 Checking the condition, current price:0.00319084, buy price:0.00318795
2021-07-10 20:37:31,782 Checking the condition, current price:0.00319084, buy price:0.00318795
2021-07-10 20:37:32,299 Checking the condition, current price:0.00319084, buy price:0.00318795
2021-07-10 20:37:32,801 Checking the condition, current price:0.00319086, buy price:0.00318795
2021-07-10 20:37:33,317 Checking the condition, current price:0.00319086, buy price:0.00318795
2021-07-10 20:37:33,830 Checking the condition, current price:0.00319086, buy price:0.00318795
2021-07-10 20:37:34,345 Checking the condition, current price:0.00319086, buy price:0.00318795
2021-07-10 20:37:34,857 Checking the condition, current price:0.00319086, buy price:0.00318795
2021-07-10 20:37:35,372 Checking the condition, current price:0.00319086, buy price:0.00318795
2021-07-10 20:37:35,871 Checking the condition, current price:0.00319086, buy price:0.00318795
2021-07-10 20:37:36,371 Checking the condition, current price:0.00319086, buy price:0.00318795
2021-07-10 20:37:36,874 Checking the condition, current price:0.00319086, buy price:0.00318795
2021-07-10 20:37:37,388 Checking the condition, current price:0.00319086, buy price:0.00318795
2021-07-10 20:37:37,893 Checking the condition, current price:0.00319086, buy price:0.00318795
2021-07-10 20:37:38,407 Checking the condition, current price:0.00319086, buy price:0.00318795
2021-07-10 20:37:38,909 Checking the condition, current price:0.00319086, buy price:0.00318795
2021-07-10 20:37:39,421 Checking the condition, current price:0.00319086, buy price:0.00318795
2021-07-10 20:37:39,926 Checking the condition, current price:0.00319086, buy price:0.00318795
2021-07-10 20:37:40,440 Checking the condition, current price:0.00319086, buy price:0.00318795
2021-07-10 20:37:40,958 Checking the condition, current price:0.00319086, buy price:0.00318795
2021-07-10 20:37:41,462 Checking the condition, current price:0.00319088, buy price:0.00318795
2021-07-10 20:37:41,978 Checking the condition, current price:0.00319088, buy price:0.00318795
2021-07-10 20:37:42,492 Checking the condition, current price:0.00319088, buy price:0.00318795
2021-07-10 20:37:43,005 Checking the condition, current price:0.00319088, buy price:0.00318795
2021-07-10 20:37:43,506 Checking the condition, current price:0.00319088, buy price:0.00318795
2021-07-10 20:37:44,021 Checking the condition, current price:0.00319088, buy price:0.00318795
2021-07-10 20:37:44,537 Checking the condition, current price:0.00319088, buy price:0.00318795
2021-07-10 20:37:45,050 Checking the condition, current price:0.00319088, buy price:0.00318795
2021-07-10 20:37:45,567 Checking the condition, current price:0.00319094, buy price:0.00318795
2021-07-10 20:37:46,070 Checking the condition, current price:0.00319094, buy price:0.00318795
2021-07-10 20:37:46,571 Checking the condition, current price:0.00319094, buy price:0.00318795
2021-07-10 20:37:47,073 Checking the condition, current price:0.00319093, buy price:0.00318795
2021-07-10 20:37:47,586 Checking the condition, current price:0.00319093, buy price:0.00318795
2021-07-10 20:37:48,089 Checking the condition, current price:0.00319093, buy price:0.00318795
2021-07-10 20:37:48,603 Checking the condition, current price:0.00319093, buy price:0.00318795
2021-07-10 20:37:49,119 Checking the condition, current price:0.00319093, buy price:0.00318795
2021-07-10 20:37:49,632 Checking the condition, current price:0.00319093, buy price:0.00318795
2021-07-10 20:37:50,146 Checking the condition, current price:0.00319093, buy price:0.00318795
2021-07-10 20:37:50,650 Checking the condition, current price:0.00319083, buy price:0.00318795
2021-07-10 20:37:51,164 Checking the condition, current price:0.00319083, buy price:0.00318795
2021-07-10 20:37:51,673 Checking the condition, current price:0.00319083, buy price:0.00318795
2021-07-10 20:37:52,174 Checking the condition, current price:0.00319083, buy price:0.00318795
2021-07-10 20:37:52,689 Checking the condition, current price:0.00319083, buy price:0.00318795
2021-07-10 20:37:53,283 Checking the condition, current price:0.00319083, buy price:0.00318795
2021-07-10 20:37:53,793 Checking the condition, current price:0.00319083, buy price:0.00318795
2021-07-10 20:37:54,311 Checking the condition, current price:0.00319083, buy price:0.00318795
2021-07-10 20:37:55,447 Checking the condition, current price:0.00319083, buy price:0.00318795
2021-07-10 20:37:56,060 Checking the condition, current price:0.00319083, buy price:0.00318795
2021-07-10 20:37:56,581 Checking the condition, current price:0.00319083, buy price:0.00318795
2021-07-10 20:37:57,087 Checking the condition, current price:0.00319084, buy price:0.00318795
2021-07-10 20:37:57,601 Checking the condition, current price:0.00319084, buy price:0.00318795
2021-07-10 20:37:58,118 Checking the condition, current price:0.00319084, buy price:0.00318795
2021-07-10 20:37:58,624 Checking the condition, current price:0.00319084, buy price:0.00318795
2021-07-10 20:37:59,141 Checking the condition, current price:0.00319084, buy price:0.00318795
2021-07-10 20:37:59,654 Checking the condition, current price:0.00319084, buy price:0.00318795
2021-07-10 20:38:00,180 Checking the condition, current price:0.00319084, buy price:0.00318795
2021-07-10 20:38:00,704 Checking the condition, current price:0.00319084, buy price:0.00318795
2021-07-10 20:38:01,208 Checking the condition, current price:0.00319084, buy price:0.00318795
2021-07-10 20:38:01,719 Checking the condition, current price:0.00319084, buy price:0.00318795
2021-07-10 20:38:02,236 Checking the condition, current price:0.00319084, buy price:0.00318795
2021-07-10 20:38:02,751 Checking the condition, current price:0.00319084, buy price:0.00318795
2021-07-10 20:38:03,251 Checking the condition, current price:0.00319084, buy price:0.00318795
2021-07-10 20:38:03,762 Checking the condition, current price:0.00319084, buy price:0.00318795
2021-07-10 20:38:04,274 Checking the condition, current price:0.00319084, buy price:0.00318795
2021-07-10 20:38:04,804 Checking the condition, current price:0.00319084, buy price:0.00318795
2021-07-10 20:38:05,309 Checking the condition, current price:0.00319084, buy price:0.00318795
2021-07-10 20:38:05,825 Checking the condition, current price:0.00319084, buy price:0.00318795
2021-07-10 20:38:06,335 Checking the condition, current price:0.00319084, buy price:0.00318795
2021-07-10 20:38:06,848 Checking the condition, current price:0.00319084, buy price:0.00318795
2021-07-10 20:38:07,362 Checking the condition, current price:0.00319084, buy price:0.00318795
2021-07-10 20:38:07,878 Checking the condition, current price:0.00319084, buy price:0.00318795
2021-07-10 20:38:08,385 Checking the condition, current price:0.00319084, buy price:0.00318795
2021-07-10 20:38:08,896 Checking the condition, current price:0.00319084, buy price:0.00318795
2021-07-10 20:38:09,407 Checking the condition, current price:0.00319093, buy price:0.00318795
2021-07-10 20:38:09,909 Checking the condition, current price:0.00319093, buy price:0.00318795
2021-07-10 20:38:10,422 Checking the condition, current price:0.00319093, buy price:0.00318795
2021-07-10 20:38:10,922 Checking the condition, current price:0.00319093, buy price:0.00318795
2021-07-10 20:38:11,437 Checking the condition, current price:0.00319094, buy price:0.00318795
2021-07-10 20:38:11,953 Checking the condition, current price:0.00319094, buy price:0.00318795
2021-07-10 20:38:12,460 Checking the condition, current price:0.00319094, buy price:0.00318795
2021-07-10 20:38:12,961 Checking the condition, current price:0.00319094, buy price:0.00318795
2021-07-10 20:38:13,468 Checking the condition, current price:0.00319094, buy price:0.00318795
2021-07-10 20:38:13,981 Checking the condition, current price:0.00319094, buy price:0.00318795
2021-07-10 20:38:14,493 Checking the condition, current price:0.00319094, buy price:0.00318795
2021-07-10 20:38:14,997 Checking the condition, current price:0.00319096, buy price:0.00318795
2021-07-10 20:38:15,499 Checking the condition, current price:0.00319096, buy price:0.00318795
2021-07-10 20:38:16,009 Checking the condition, current price:0.00319096, buy price:0.00318795
2021-07-10 20:38:16,513 Checking the condition, current price:0.00319096, buy price:0.00318795
2021-07-10 20:38:17,024 Checking the condition, current price:0.00319096, buy price:0.00318795
2021-07-10 20:38:17,548 Checking the condition, current price:0.00319096, buy price:0.00318795
2021-07-10 20:38:18,066 Checking the condition, current price:0.00319096, buy price:0.00318795
2021-07-10 20:38:18,612 Checking the condition, current price:0.00319096, buy price:0.00318795
2021-07-10 20:38:19,147 Checking the condition, current price:0.00319096, buy price:0.00318795
2021-07-10 20:38:19,740 Checking the condition, current price:0.00319096, buy price:0.00318795
2021-07-10 20:38:20,247 Checking the condition, current price:0.00319096, buy price:0.00318795
2021-07-10 20:38:20,758 Checking the condition, current price:0.00319099, buy price:0.00318795
2021-07-10 20:38:21,373 Checking the condition, current price:0.00319099, buy price:0.00318795
2021-07-10 20:38:21,891 Checking the condition, current price:0.00319099, buy price:0.00318795
2021-07-10 20:38:22,395 Checking the condition, current price:0.00319099, buy price:0.00318795
2021-07-10 20:38:22,906 Checking the condition, current price:0.00319099, buy price:0.00318795
2021-07-10 20:38:23,423 Checking the condition, current price:0.00319099, buy price:0.00318795
2021-07-10 20:38:23,938 Checking the condition, current price:0.00319099, buy price:0.00318795
2021-07-10 20:38:24,449 Checking the condition, current price:0.00319099, buy price:0.00318795
2021-07-10 20:38:24,959 Checking the condition, current price:0.00319099, buy price:0.00318795
2021-07-10 20:38:25,472 Checking the condition, current price:0.00319099, buy price:0.00318795
2021-07-10 20:38:26,082 Checking the condition, current price:0.00319099, buy price:0.00318795
2021-07-10 20:38:26,591 Checking the condition, current price:0.00319099, buy price:0.00318795
2021-07-10 20:38:27,101 Checking the condition, current price:0.00319099, buy price:0.00318795
2021-07-10 20:38:27,616 Checking the condition, current price:0.00319099, buy price:0.00318795
2021-07-10 20:38:28,125 Checking the condition, current price:0.00319099, buy price:0.00318795
2021-07-10 20:38:28,641 Checking the condition, current price:0.00319099, buy price:0.00318795
2021-07-10 20:38:29,153 Checking the condition, current price:0.00319099, buy price:0.00318795
2021-07-10 20:38:29,665 Checking the condition, current price:0.00319099, buy price:0.00318795
2021-07-10 20:38:30,190 Checking the condition, current price:0.00319131, buy price:0.00318795
2021-07-10 20:38:30,705 Checking the condition, current price:0.00319131, buy price:0.00318795
2021-07-10 20:38:31,219 Checking the condition, current price:0.00319131, buy price:0.00318795
2021-07-10 20:38:31,733 Checking the condition, current price:0.00319131, buy price:0.00318795
2021-07-10 20:38:32,234 Checking the condition, current price:0.00319131, buy price:0.00318795
2021-07-10 20:38:32,738 Checking the condition, current price:0.0031913, buy price:0.00318795
2021-07-10 20:38:33,250 Checking the condition, current price:0.0031913, buy price:0.00318795
2021-07-10 20:38:33,752 Checking the condition, current price:0.0031913, buy price:0.00318795
2021-07-10 20:38:34,265 Checking the condition, current price:0.0031913, buy price:0.00318795
2021-07-10 20:38:34,779 Checking the condition, current price:0.0031913, buy price:0.00318795
2021-07-10 20:38:35,290 Checking the condition, current price:0.0031913, buy price:0.00318795
2021-07-10 20:38:35,807 Checking the condition, current price:0.0031913, buy price:0.00318795
2021-07-10 20:38:36,320 Checking the condition, current price:0.0031913, buy price:0.00318795
2021-07-10 20:38:36,834 Checking the condition, current price:0.0031913, buy price:0.00318795
2021-07-10 20:38:37,342 Checking the condition, current price:0.0031913, buy price:0.00318795
2021-07-10 20:38:37,842 Checking the condition, current price:0.0031913, buy price:0.00318795
2021-07-10 20:38:38,350 Checking the condition, current price:0.0031913, buy price:0.00318795
2021-07-10 20:38:38,862 Checking the condition, current price:0.00319131, buy price:0.00318795
2021-07-10 20:38:39,374 Checking the condition, current price:0.00319131, buy price:0.00318795
2021-07-10 20:38:39,877 Checking the condition, current price:0.00319131, buy price:0.00318795
2021-07-10 20:38:40,393 Checking the condition, current price:0.00319131, buy price:0.00318795
2021-07-10 20:38:40,902 Checking the condition, current price:0.00319131, buy price:0.00318795
2021-07-10 20:38:41,418 Checking the condition, current price:0.00319131, buy price:0.00318795
2021-07-10 20:38:41,931 Checking the condition, current price:0.00319131, buy price:0.00318795
2021-07-10 20:38:42,446 Checking the condition, current price:0.00319131, buy price:0.00318795
2021-07-10 20:38:42,960 Checking the condition, current price:0.00319131, buy price:0.00318795
2021-07-10 20:38:43,472 Checking the condition, current price:0.00319131, buy price:0.00318795
2021-07-10 20:38:43,986 Checking the condition, current price:0.00319131, buy price:0.00318795
2021-07-10 20:38:44,487 Checking the condition, current price:0.00319131, buy price:0.00318795
2021-07-10 20:38:45,002 Checking the condition, current price:0.00319131, buy price:0.00318795
2021-07-10 20:38:45,504 Checking the condition, current price:0.00319131, buy price:0.00318795
2021-07-10 20:38:46,016 Checking the condition, current price:0.00319131, buy price:0.00318795
2021-07-10 20:38:46,531 Checking the condition, current price:0.00319131, buy price:0.00318795
2021-07-10 20:38:47,047 Checking the condition, current price:0.00319131, buy price:0.00318795
2021-07-10 20:38:47,546 Checking the condition, current price:0.00319131, buy price:0.00318795
2021-07-10 20:38:48,046 Checking the condition, current price:0.00319132, buy price:0.00318795
2021-07-10 20:38:48,567 Checking the condition, current price:0.00319132, buy price:0.00318795
2021-07-10 20:38:49,074 Checking the condition, current price:0.00319132, buy price:0.00318795
2021-07-10 20:38:49,587 Checking the condition, current price:0.00319132, buy price:0.00318795
2021-07-10 20:38:50,098 Checking the condition, current price:0.00319132, buy price:0.00318795
2021-07-10 20:38:50,611 Checking the condition, current price:0.00319132, buy price:0.00318795
2021-07-10 20:38:51,122 Checking the condition, current price:0.00319133, buy price:0.00318795
2021-07-10 20:38:51,639 Checking the condition, current price:0.00319133, buy price:0.00318795
2021-07-10 20:38:52,149 Checking the condition, current price:0.00319133, buy price:0.00318795
2021-07-10 20:38:52,663 Checking the condition, current price:0.00319133, buy price:0.00318795
2021-07-10 20:38:53,174 Checking the condition, current price:0.00319133, buy price:0.00318795
2021-07-10 20:38:53,689 Checking the condition, current price:0.00319133, buy price:0.00318795
2021-07-10 20:38:54,205 Checking the condition, current price:0.00319133, buy price:0.00318795
2021-07-10 20:38:54,735 Checking the condition, current price:0.00319133, buy price:0.00318795
2021-07-10 20:38:55,234 Checking the condition, current price:0.00319133, buy price:0.00318795
2021-07-10 20:38:55,754 Checking the condition, current price:0.00319133, buy price:0.00318795
2021-07-10 20:38:56,265 Checking the condition, current price:0.00319133, buy price:0.00318795
2021-07-10 20:38:56,765 Checking the condition, current price:0.00319133, buy price:0.00318795
2021-07-10 20:38:57,288 Checking the condition, current price:0.00319132, buy price:0.00318795
2021-07-10 20:38:57,801 Checking the condition, current price:0.00319132, buy price:0.00318795
2021-07-10 20:38:58,301 Checking the condition, current price:0.00319132, buy price:0.00318795
2021-07-10 20:38:58,812 Checking the condition, current price:0.00319132, buy price:0.00318795
2021-07-10 20:38:59,323 Checking the condition, current price:0.00319132, buy price:0.00318795
2021-07-10 20:38:59,838 Checking the condition, current price:0.00319133, buy price:0.00318795
2021-07-10 20:39:00,353 Checking the condition, current price:0.00319133, buy price:0.00318795
2021-07-10 20:39:00,866 Checking the condition, current price:0.00319133, buy price:0.00318795
2021-07-10 20:39:01,381 Checking the condition, current price:0.00319133, buy price:0.00318795
2021-07-10 20:39:01,887 Checking the condition, current price:0.00319133, buy price:0.00318795
2021-07-10 20:39:02,402 Checking the condition, current price:0.00319133, buy price:0.00318795
2021-07-10 20:39:02,917 Checking the condition, current price:0.00319133, buy price:0.00318795
2021-07-10 20:39:03,420 Checking the condition, current price:0.00319133, buy price:0.00318795
2021-07-10 20:39:03,923 Checking the condition, current price:0.00319133, buy price:0.00318795
2021-07-10 20:39:04,435 Checking the condition, current price:0.00319133, buy price:0.00318795
2021-07-10 20:39:04,939 Checking the condition, current price:0.00319133, buy price:0.00318795
2021-07-10 20:39:05,451 Checking the condition, current price:0.00319133, buy price:0.00318795
2021-07-10 20:39:05,953 Checking the condition, current price:0.00319133, buy price:0.00318795
2021-07-10 20:39:06,452 Checking the condition, current price:0.00319133, buy price:0.00318795
2021-07-10 20:39:06,998 Checking the condition, current price:0.00319133, buy price:0.00318795
2021-07-10 20:39:07,511 Checking the condition, current price:0.00319133, buy price:0.00318795
2021-07-10 20:39:08,015 Checking the condition, current price:0.00319133, buy price:0.00318795
2021-07-10 20:39:08,516 Checking the condition, current price:0.00319133, buy price:0.00318795
2021-07-10 20:39:09,033 Checking the condition, current price:0.00319133, buy price:0.00318795
2021-07-10 20:39:09,539 Checking the condition, current price:0.00319133, buy price:0.00318795
2021-07-10 20:39:10,052 Checking the condition, current price:0.00319129, buy price:0.00318795
2021-07-10 20:39:10,565 Checking the condition, current price:0.00319129, buy price:0.00318795
2021-07-10 20:39:11,067 Checking the condition, current price:0.00319129, buy price:0.00318795
2021-07-10 20:39:11,583 Checking the condition, current price:0.00319131, buy price:0.00318795
2021-07-10 20:39:12,096 Checking the condition, current price:0.00319131, buy price:0.00318795
2021-07-10 20:39:12,609 Checking the condition, current price:0.00319131, buy price:0.00318795
2021-07-10 20:39:13,129 Checking the condition, current price:0.00319131, buy price:0.00318795
2021-07-10 20:39:13,643 Checking the condition, current price:0.00319131, buy price:0.00318795
2021-07-10 20:39:14,150 Checking the condition, current price:0.00319131, buy price:0.00318795
2021-07-10 20:39:14,665 Checking the condition, current price:0.00319129, buy price:0.00318795
2021-07-10 20:39:15,180 Checking the condition, current price:0.00319129, buy price:0.00318795
2021-07-10 20:39:15,706 Checking the condition, current price:0.00319129, buy price:0.00318795
2021-07-10 20:39:16,222 Checking the condition, current price:0.00319129, buy price:0.00318795
2021-07-10 20:39:16,733 Checking the condition, current price:0.00319129, buy price:0.00318795
2021-07-10 20:39:17,247 Checking the condition, current price:0.00319129, buy price:0.00318795
2021-07-10 20:39:17,750 Checking the condition, current price:0.00319129, buy price:0.00318795
2021-07-10 20:39:18,263 Checking the condition, current price:0.00319129, buy price:0.00318795
2021-07-10 20:39:18,777 Checking the condition, current price:0.00319129, buy price:0.00318795
2021-07-10 20:39:19,291 Checking the condition, current price:0.00319129, buy price:0.00318795
2021-07-10 20:39:19,802 Checking the condition, current price:0.00319129, buy price:0.00318795
2021-07-10 20:39:20,316 Checking the condition, current price:0.00319129, buy price:0.00318795
2021-07-10 20:39:20,831 Checking the condition, current price:0.00319129, buy price:0.00318795
2021-07-10 20:39:21,338 Checking the condition, current price:0.0031913, buy price:0.00318795
2021-07-10 20:39:21,850 Checking the condition, current price:0.0031913, buy price:0.00318795
2021-07-10 20:39:22,369 Checking the condition, current price:0.0031913, buy price:0.00318795
2021-07-10 20:39:22,880 Checking the condition, current price:0.0031913, buy price:0.00318795
2021-07-10 20:39:23,397 Checking the condition, current price:0.0031913, buy price:0.00318795
2021-07-10 20:39:23,908 Checking the condition, current price:0.00319129, buy price:0.00318795
2021-07-10 20:39:24,419 Checking the condition, current price:0.00319129, buy price:0.00318795
2021-07-10 20:39:24,934 Checking the condition, current price:0.00319129, buy price:0.00318795
2021-07-10 20:39:25,449 Checking the condition, current price:0.00319129, buy price:0.00318795
2021-07-10 20:39:25,961 Checking the condition, current price:0.00319129, buy price:0.00318795
2021-07-10 20:39:26,478 Checking the condition, current price:0.00319129, buy price:0.00318795
2021-07-10 20:39:26,993 Checking the condition, current price:0.00319125, buy price:0.00318795
2021-07-10 20:39:27,493 Checking the condition, current price:0.00319125, buy price:0.00318795
2021-07-10 20:39:28,007 Checking the condition, current price:0.00319125, buy price:0.00318795
2021-07-10 20:39:28,517 Checking the condition, current price:0.00319177, buy price:0.00318795
2021-07-10 20:39:29,033 Checking the condition, current price:0.00319177, buy price:0.00318795
2021-07-10 20:39:29,545 Checking the condition, current price:0.00319177, buy price:0.00318795
2021-07-10 20:39:30,057 Checking the condition, current price:0.00319177, buy price:0.00318795
2021-07-10 20:39:30,572 Checking the condition, current price:0.00319177, buy price:0.00318795
2021-07-10 20:39:31,082 Checking the condition, current price:0.00319129, buy price:0.00318795
2021-07-10 20:39:31,633 Checking the condition, current price:0.00319129, buy price:0.00318795
2021-07-10 20:39:32,133 Checking the condition, current price:0.00319177, buy price:0.00318795
2021-07-10 20:39:32,641 Checking the condition, current price:0.00319129, buy price:0.00318795
2021-07-10 20:39:33,152 Checking the condition, current price:0.00319129, buy price:0.00318795
2021-07-10 20:39:33,656 Checking the condition, current price:0.00319177, buy price:0.00318795
2021-07-10 20:39:34,160 Checking the condition, current price:0.00319177, buy price:0.00318795
2021-07-10 20:39:34,674 Checking the condition, current price:0.00319177, buy price:0.00318795
2021-07-10 20:39:35,186 Checking the condition, current price:0.00319177, buy price:0.00318795
2021-07-10 20:39:35,699 Checking the condition, current price:0.00319177, buy price:0.00318795
2021-07-10 20:39:36,212 Checking the condition, current price:0.00319177, buy price:0.00318795
2021-07-10 20:39:36,714 Checking the condition, current price:0.00319177, buy price:0.00318795
2021-07-10 20:39:37,221 Checking the condition, current price:0.00319167, buy price:0.00318795
2021-07-10 20:39:37,733 Checking the condition, current price:0.00319167, buy price:0.00318795
2021-07-10 20:39:38,252 Checking the condition, current price:0.00319167, buy price:0.00318795
2021-07-10 20:39:38,834 Checking the condition, current price:0.00319166, buy price:0.00318795
2021-07-10 20:39:39,350 Checking the condition, current price:0.00319166, buy price:0.00318795
2021-07-10 20:39:39,859 Checking the condition, current price:0.00319166, buy price:0.00318795
2021-07-10 20:39:40,377 Checking the condition, current price:0.00319166, buy price:0.00318795
2021-07-10 20:39:40,954 Checking the condition, current price:0.00319166, buy price:0.00318795
2021-07-10 20:39:41,461 Checking the condition, current price:0.00319167, buy price:0.00318795
2021-07-10 20:39:41,974 Checking the condition, current price:0.00319167, buy price:0.00318795
2021-07-10 20:39:42,487 Checking the condition, current price:0.00319167, buy price:0.00318795
2021-07-10 20:39:43,001 Checking the condition, current price:0.00319167, buy price:0.00318795
2021-07-10 20:39:43,513 Checking the condition, current price:0.00319167, buy price:0.00318795
2021-07-10 20:39:44,027 Checking the condition, current price:0.00319168, buy price:0.00318795
2021-07-10 20:39:44,532 Checking the condition, current price:0.00319168, buy price:0.00318795
2021-07-10 20:39:45,044 Checking the condition, current price:0.00319168, buy price:0.00318795
2021-07-10 20:39:45,556 Checking the condition, current price:0.00319168, buy price:0.00318795
2021-07-10 20:39:46,069 Checking the condition, current price:0.00319168, buy price:0.00318795
2021-07-10 20:39:46,571 Checking the condition, current price:0.00319168, buy price:0.00318795
2021-07-10 20:39:47,080 Checking the condition, current price:0.00319168, buy price:0.00318795
2021-07-10 20:39:47,594 Checking the condition, current price:0.00319171, buy price:0.00318795
2021-07-10 20:39:48,107 Checking the condition, current price:0.00319171, buy price:0.00318795
2021-07-10 20:39:48,621 Checking the condition, current price:0.00319171, buy price:0.00318795
2021-07-10 20:39:49,140 Checking the condition, current price:0.00319171, buy price:0.00318795
2021-07-10 20:39:49,652 Checking the condition, current price:0.00319171, buy price:0.00318795
2021-07-10 20:39:50,161 Checking the condition, current price:0.00319171, buy price:0.00318795
2021-07-10 20:39:50,664 Checking the condition, current price:0.00319171, buy price:0.00318795
2021-07-10 20:39:51,178 Checking the condition, current price:0.00319171, buy price:0.00318795
2021-07-10 20:39:51,692 Checking the condition, current price:0.00319171, buy price:0.00318795
2021-07-10 20:39:52,202 Checking the condition, current price:0.00319171, buy price:0.00318795
2021-07-10 20:39:52,708 Checking the condition, current price:0.00319171, buy price:0.00318795
2021-07-10 20:39:53,220 Checking the condition, current price:0.00319171, buy price:0.00318795
2021-07-10 20:39:53,733 Checking the condition, current price:0.00319171, buy price:0.00318795
2021-07-10 20:39:54,244 Checking the condition, current price:0.00319169, buy price:0.00318795
2021-07-10 20:39:54,754 Checking the condition, current price:0.00319169, buy price:0.00318795
2021-07-10 20:39:55,269 Checking the condition, current price:0.00319169, buy price:0.00318795
2021-07-10 20:39:55,786 Checking the condition, current price:0.00319169, buy price:0.00318795
2021-07-10 20:39:56,296 Checking the condition, current price:0.0031917, buy price:0.00318795
2021-07-10 20:39:56,810 Checking the condition, current price:0.0031917, buy price:0.00318795
2021-07-10 20:39:57,321 Checking the condition, current price:0.00319171, buy price:0.00318795
2021-07-10 20:39:57,823 Checking the condition, current price:0.00319171, buy price:0.00318795
2021-07-10 20:39:58,337 Checking the condition, current price:0.0031917, buy price:0.00318795
2021-07-10 20:39:58,849 Checking the condition, current price:0.00319169, buy price:0.00318795
2021-07-10 20:39:59,354 Checking the condition, current price:0.00319169, buy price:0.00318795
2021-07-10 20:39:59,864 Checking the condition, current price:0.00319169, buy price:0.00318795
2021-07-10 20:40:00,381 Checking the condition, current price:0.00319172, buy price:0.00318795
2021-07-10 20:40:00,896 Checking the condition, current price:0.00319172, buy price:0.00318795
2021-07-10 20:40:01,410 Checking the condition, current price:0.0031917, buy price:0.00318795
2021-07-10 20:40:01,926 Checking the condition, current price:0.0031917, buy price:0.00318795
2021-07-10 20:40:02,427 Checking the condition, current price:0.00319175, buy price:0.00318795
2021-07-10 20:40:02,930 Checking the condition, current price:0.00319175, buy price:0.00318795
2021-07-10 20:40:03,442 Checking the condition, current price:0.00319175, buy price:0.00318795
2021-07-10 20:40:03,952 Checking the condition, current price:0.00319175, buy price:0.00318795
2021-07-10 20:40:04,455 Checking the condition, current price:0.00319175, buy price:0.00318795
2021-07-10 20:40:04,968 Checking the condition, current price:0.00319175, buy price:0.00318795
2021-07-10 20:40:05,469 Checking the condition, current price:0.00319183, buy price:0.00318795
2021-07-10 20:40:05,985 Checking the condition, current price:0.00319183, buy price:0.00318795
2021-07-10 20:40:06,484 Checking the condition, current price:0.00319183, buy price:0.00318795
2021-07-10 20:40:06,990 Checking the condition, current price:0.00319183, buy price:0.00318795
2021-07-10 20:40:07,503 Checking the condition, current price:0.00319183, buy price:0.00318795
2021-07-10 20:40:08,018 Checking the condition, current price:0.00319183, buy price:0.00318795
2021-07-10 20:40:08,536 Checking the condition, current price:0.00319183, buy price:0.00318795
2021-07-10 20:40:09,049 Checking the condition, current price:0.00319109, buy price:0.00318795
2021-07-10 20:40:09,565 Checking the condition, current price:0.00319109, buy price:0.00318795
2021-07-10 20:40:10,081 Checking the condition, current price:0.00319109, buy price:0.00318795
2021-07-10 20:40:10,594 Checking the condition, current price:0.00319109, buy price:0.00318795
2021-07-10 20:40:11,097 Checking the condition, current price:0.00319109, buy price:0.00318795
2021-07-10 20:40:11,595 Checking the condition, current price:0.00319109, buy price:0.00318795
2021-07-10 20:40:12,110 Checking the condition, current price:0.00319109, buy price:0.00318795
2021-07-10 20:40:12,623 Checking the condition, current price:0.00319126, buy price:0.00318795
2021-07-10 20:40:13,124 Checking the condition, current price:0.00319126, buy price:0.00318795
2021-07-10 20:40:13,638 Checking the condition, current price:0.00319126, buy price:0.00318795
2021-07-10 20:40:14,138 Checking the condition, current price:0.00319126, buy price:0.00318795
2021-07-10 20:40:14,639 Checking the condition, current price:0.00319126, buy price:0.00318795
2021-07-10 20:40:15,139 Checking the condition, current price:0.00319126, buy price:0.00318795
2021-07-10 20:40:15,642 Checking the condition, current price:0.00319126, buy price:0.00318795
2021-07-10 20:40:16,143 Checking the condition, current price:0.00319126, buy price:0.00318795
2021-07-10 20:40:16,660 Checking the condition, current price:0.00319126, buy price:0.00318795
2021-07-10 20:40:17,174 Checking the condition, current price:0.00319126, buy price:0.00318795
2021-07-10 20:40:17,687 Checking the condition, current price:0.00319126, buy price:0.00318795
2021-07-10 20:40:18,201 Checking the condition, current price:0.00319126, buy price:0.00318795
2021-07-10 20:40:18,718 Checking the condition, current price:0.00319126, buy price:0.00318795
2021-07-10 20:40:19,231 Checking the condition, current price:0.00319126, buy price:0.00318795
2021-07-10 20:40:19,743 Checking the condition, current price:0.00319126, buy price:0.00318795
2021-07-10 20:40:20,256 Checking the condition, current price:0.00319126, buy price:0.00318795
2021-07-10 20:40:20,767 Checking the condition, current price:0.00319126, buy price:0.00318795
2021-07-10 20:40:21,272 Checking the condition, current price:0.00319126, buy price:0.00318795
2021-07-10 20:40:21,786 Checking the condition, current price:0.00319126, buy price:0.00318795
2021-07-10 20:40:22,299 Checking the condition, current price:0.00319126, buy price:0.00318795
2021-07-10 20:40:22,801 Checking the condition, current price:0.00319126, buy price:0.00318795
2021-07-10 20:40:23,316 Checking the condition, current price:0.00319126, buy price:0.00318795
2021-07-10 20:40:23,816 Checking the condition, current price:0.00319126, buy price:0.00318795
2021-07-10 20:40:24,331 Checking the condition, current price:0.00319127, buy price:0.00318795
2021-07-10 20:40:24,846 Checking the condition, current price:0.00319127, buy price:0.00318795
2021-07-10 20:40:25,357 Checking the condition, current price:0.00319127, buy price:0.00318795
2021-07-10 20:40:25,873 Checking the condition, current price:0.00319128, buy price:0.00318795
2021-07-10 20:40:26,384 Checking the condition, current price:0.00319128, buy price:0.00318795
2021-07-10 20:40:26,886 Checking the condition, current price:0.00319128, buy price:0.00318795
2021-07-10 20:40:27,399 Checking the condition, current price:0.00319128, buy price:0.00318795
2021-07-10 20:40:27,914 Checking the condition, current price:0.00319128, buy price:0.00318795
2021-07-10 20:40:28,428 Checking the condition, current price:0.00319128, buy price:0.00318795
2021-07-10 20:40:28,940 Checking the condition, current price:0.00319128, buy price:0.00318795
2021-07-10 20:40:29,439 Checking the condition, current price:0.00319128, buy price:0.00318795
2021-07-10 20:40:29,947 Checking the condition, current price:0.00319128, buy price:0.00318795
2021-07-10 20:40:30,463 Checking the condition, current price:0.0031914, buy price:0.00318795
2021-07-10 20:40:30,978 Checking the condition, current price:0.0031914, buy price:0.00318795
2021-07-10 20:40:31,490 Checking the condition, current price:0.0031914, buy price:0.00318795
2021-07-10 20:40:32,006 Checking the condition, current price:0.0031914, buy price:0.00318795
2021-07-10 20:40:32,521 Checking the condition, current price:0.0031914, buy price:0.00318795
2021-07-10 20:40:33,033 Checking the condition, current price:0.0031914, buy price:0.00318795
2021-07-10 20:40:33,547 Checking the condition, current price:0.0031914, buy price:0.00318795
2021-07-10 20:40:34,050 Checking the condition, current price:0.0031914, buy price:0.00318795
2021-07-10 20:40:34,551 Checking the condition, current price:0.0031914, buy price:0.00318795
2021-07-10 20:40:35,055 Checking the condition, current price:0.0031914, buy price:0.00318795
2021-07-10 20:40:35,557 Checking the condition, current price:0.00319141, buy price:0.00318795
2021-07-10 20:40:36,072 Checking the condition, current price:0.00319141, buy price:0.00318795
2021-07-10 20:40:36,583 Checking the condition, current price:0.00319141, buy price:0.00318795
2021-07-10 20:40:37,086 Checking the condition, current price:0.00319141, buy price:0.00318795
2021-07-10 20:40:37,600 Checking the condition, current price:0.00319141, buy price:0.00318795
2021-07-10 20:40:38,113 Checking the condition, current price:0.00319141, buy price:0.00318795
2021-07-10 20:40:38,626 Checking the condition, current price:0.00319141, buy price:0.00318795
2021-07-10 20:40:39,140 Checking the condition, current price:0.00319141, buy price:0.00318795
2021-07-10 20:40:39,652 Checking the condition, current price:0.00319141, buy price:0.00318795
2021-07-10 20:40:40,151 Checking the condition, current price:0.00319141, buy price:0.00318795
2021-07-10 20:40:40,663 Checking the condition, current price:0.00319141, buy price:0.00318795
2021-07-10 20:40:41,178 Checking the condition, current price:0.00319142, buy price:0.00318795
2021-07-10 20:40:41,704 Checking the condition, current price:0.00319142, buy price:0.00318795
2021-07-10 20:40:42,221 Checking the condition, current price:0.00319142, buy price:0.00318795
2021-07-10 20:40:42,735 Checking the condition, current price:0.00319142, buy price:0.00318795
2021-07-10 20:40:43,251 Checking the condition, current price:0.00319142, buy price:0.00318795
2021-07-10 20:40:43,752 Checking the condition, current price:0.00319142, buy price:0.00318795
2021-07-10 20:40:44,266 Checking the condition, current price:0.00319142, buy price:0.00318795
2021-07-10 20:40:44,779 Checking the condition, current price:0.00319148, buy price:0.00318795
2021-07-10 20:40:45,291 Checking the condition, current price:0.00319148, buy price:0.00318795
2021-07-10 20:40:45,799 Checking the condition, current price:0.00319148, buy price:0.00318795
2021-07-10 20:40:46,311 Checking the condition, current price:0.00319148, buy price:0.00318795
2021-07-10 20:40:46,825 Checking the condition, current price:0.00319148, buy price:0.00318795
2021-07-10 20:40:47,337 Checking the condition, current price:0.00319154, buy price:0.00318795
2021-07-10 20:40:47,852 Checking the condition, current price:0.00319154, buy price:0.00318795
2021-07-10 20:40:48,352 Checking the condition, current price:0.00319154, buy price:0.00318795
2021-07-10 20:40:48,864 Checking the condition, current price:0.00319154, buy price:0.00318795
2021-07-10 20:40:49,376 Checking the condition, current price:0.00319154, buy price:0.00318795
2021-07-10 20:40:49,890 Checking the condition, current price:0.00319154, buy price:0.00318795
2021-07-10 20:40:50,403 Checking the condition, current price:0.00319136, buy price:0.00318795
2021-07-10 20:40:50,904 Checking the condition, current price:0.00319136, buy price:0.00318795
2021-07-10 20:40:51,417 Checking the condition, current price:0.00319136, buy price:0.00318795
2021-07-10 20:40:51,919 Checking the condition, current price:0.00319136, buy price:0.00318795
2021-07-10 20:40:52,431 Checking the condition, current price:0.00319136, buy price:0.00318795
2021-07-10 20:40:52,946 Checking the condition, current price:0.00319136, buy price:0.00318795
2021-07-10 20:40:53,461 Checking the condition, current price:0.00319136, buy price:0.00318795
2021-07-10 20:40:53,977 Checking the condition, current price:0.00319136, buy price:0.00318795
2021-07-10 20:40:54,492 Checking the condition, current price:0.00319136, buy price:0.00318795
2021-07-10 20:40:55,006 Checking the condition, current price:0.00319137, buy price:0.00318795
2021-07-10 20:40:55,521 Checking the condition, current price:0.00319137, buy price:0.00318795
2021-07-10 20:40:56,019 Checking the condition, current price:0.00319137, buy price:0.00318795
2021-07-10 20:40:56,536 Checking the condition, current price:0.00319116, buy price:0.00318795
2021-07-10 20:40:57,046 Checking the condition, current price:0.00319116, buy price:0.00318795
2021-07-10 20:40:57,562 Checking the condition, current price:0.00319116, buy price:0.00318795
2021-07-10 20:40:58,081 Checking the condition, current price:0.00319116, buy price:0.00318795
2021-07-10 20:40:58,596 Checking the condition, current price:0.00319116, buy price:0.00318795
2021-07-10 20:40:59,108 Checking the condition, current price:0.00319116, buy price:0.00318795
2021-07-10 20:40:59,608 Checking the condition, current price:0.00319116, buy price:0.00318795
2021-07-10 20:41:00,123 Checking the condition, current price:0.00319116, buy price:0.00318795
2021-07-10 20:41:00,637 Checking the condition, current price:0.00319116, buy price:0.00318795
2021-07-10 20:41:01,152 Checking the condition, current price:0.00319116, buy price:0.00318795
2021-07-10 20:41:01,655 Checking the condition, current price:0.00319116, buy price:0.00318795
2021-07-10 20:41:02,166 Checking the condition, current price:0.00319116, buy price:0.00318795
2021-07-10 20:41:02,703 Checking the condition, current price:0.00319116, buy price:0.00318795
2021-07-10 20:41:03,215 Checking the condition, current price:0.00319116, buy price:0.00318795
2021-07-10 20:41:03,725 Checking the condition, current price:0.00319114, buy price:0.00318795
2021-07-10 20:41:04,230 Checking the condition, current price:0.00319114, buy price:0.00318795
2021-07-10 20:41:04,751 Checking the condition, current price:0.00319114, buy price:0.00318795
2021-07-10 20:41:05,268 Checking the condition, current price:0.00319114, buy price:0.00318795
2021-07-10 20:41:05,772 Checking the condition, current price:0.00319114, buy price:0.00318795
2021-07-10 20:41:06,281 Checking the condition, current price:0.00319116, buy price:0.00318795
2021-07-10 20:41:06,789 Checking the condition, current price:0.00319116, buy price:0.00318795
2021-07-10 20:41:07,301 Checking the condition, current price:0.00319116, buy price:0.00318795
2021-07-10 20:41:07,815 Checking the condition, current price:0.00319116, buy price:0.00318795
2021-07-10 20:41:08,330 Checking the condition, current price:0.00319116, buy price:0.00318795
2021-07-10 20:41:08,846 Checking the condition, current price:0.00319115, buy price:0.00318795
2021-07-10 20:41:09,360 Checking the condition, current price:0.00319115, buy price:0.00318795
2021-07-10 20:41:09,875 Checking the condition, current price:0.00319115, buy price:0.00318795
2021-07-10 20:41:10,389 Checking the condition, current price:0.00319115, buy price:0.00318795
2021-07-10 20:41:10,903 Checking the condition, current price:0.00319115, buy price:0.00318795
2021-07-10 20:41:11,405 Checking the condition, current price:0.00319115, buy price:0.00318795
2021-07-10 20:41:11,924 Checking the condition, current price:0.00319115, buy price:0.00318795
2021-07-10 20:41:12,436 Checking the condition, current price:0.00319115, buy price:0.00318795
2021-07-10 20:41:12,935 Checking the condition, current price:0.00319115, buy price:0.00318795
2021-07-10 20:41:13,447 Checking the condition, current price:0.00319115, buy price:0.00318795
2021-07-10 20:41:13,956 Checking the condition, current price:0.00319115, buy price:0.00318795
2021-07-10 20:41:14,460 Checking the condition, current price:0.00319115, buy price:0.00318795
2021-07-10 20:41:14,974 Checking the condition, current price:0.00319115, buy price:0.00318795
2021-07-10 20:41:15,474 Checking the condition, current price:0.00319115, buy price:0.00318795
2021-07-10 20:41:15,990 Checking the condition, current price:0.00319113, buy price:0.00318795
2021-07-10 20:41:16,502 Checking the condition, current price:0.00319113, buy price:0.00318795
2021-07-10 20:41:17,004 Checking the condition, current price:0.00319113, buy price:0.00318795
2021-07-10 20:41:17,518 Checking the condition, current price:0.0031911, buy price:0.00318795
2021-07-10 20:41:18,021 Checking the condition, current price:0.0031911, buy price:0.00318795
2021-07-10 20:41:18,532 Checking the condition, current price:0.0031911, buy price:0.00318795
2021-07-10 20:41:19,046 Checking the condition, current price:0.0031911, buy price:0.00318795
2021-07-10 20:41:19,560 Checking the condition, current price:0.0031911, buy price:0.00318795
2021-07-10 20:41:20,074 Checking the condition, current price:0.0031911, buy price:0.00318795
2021-07-10 20:41:20,588 Checking the condition, current price:0.0031911, buy price:0.00318795
2021-07-10 20:41:21,091 Checking the condition, current price:0.0031911, buy price:0.00318795
2021-07-10 20:41:21,605 Checking the condition, current price:0.0031911, buy price:0.00318795
2021-07-10 20:41:22,120 Checking the condition, current price:0.0031911, buy price:0.00318795
2021-07-10 20:41:22,624 Checking the condition, current price:0.0031911, buy price:0.00318795
2021-07-10 20:41:23,123 Checking the condition, current price:0.0031911, buy price:0.00318795
2021-07-10 20:41:23,626 Checking the condition, current price:0.0031911, buy price:0.00318795
2021-07-10 20:41:24,139 Checking the condition, current price:0.0031911, buy price:0.00318795
2021-07-10 20:41:24,656 Checking the condition, current price:0.00319106, buy price:0.00318795
2021-07-10 20:41:25,163 Checking the condition, current price:0.00319106, buy price:0.00318795
2021-07-10 20:41:25,665 Checking the condition, current price:0.00319106, buy price:0.00318795
2021-07-10 20:41:26,177 Checking the condition, current price:0.00319106, buy price:0.00318795
2021-07-10 20:41:26,690 Checking the condition, current price:0.00319106, buy price:0.00318795
2021-07-10 20:41:27,204 Checking the condition, current price:0.00319106, buy price:0.00318795
2021-07-10 20:41:27,716 Checking the condition, current price:0.00319106, buy price:0.00318795
2021-07-10 20:41:28,229 Checking the condition, current price:0.00319106, buy price:0.00318795
2021-07-10 20:41:28,742 Checking the condition, current price:0.00319106, buy price:0.00318795
2021-07-10 20:41:29,265 Checking the condition, current price:0.00319106, buy price:0.00318795
2021-07-10 20:41:29,771 Checking the condition, current price:0.00319106, buy price:0.00318795
2021-07-10 20:41:30,283 Checking the condition, current price:0.00319106, buy price:0.00318795
2021-07-10 20:41:30,785 Checking the condition, current price:0.00319106, buy price:0.00318795
2021-07-10 20:41:31,299 Checking the condition, current price:0.00319106, buy price:0.00318795
2021-07-10 20:41:31,812 Checking the condition, current price:0.00319106, buy price:0.00318795
2021-07-10 20:41:32,325 Checking the condition, current price:0.00319106, buy price:0.00318795
2021-07-10 20:41:32,838 Checking the condition, current price:0.0031911, buy price:0.00318795
2021-07-10 20:41:33,352 Checking the condition, current price:0.0031911, buy price:0.00318795
2021-07-10 20:41:33,866 Checking the condition, current price:0.0031911, buy price:0.00318795
2021-07-10 20:41:34,380 Checking the condition, current price:0.0031911, buy price:0.00318795
2021-07-10 20:41:34,894 Checking the condition, current price:0.0031911, buy price:0.00318795
2021-07-10 20:41:35,407 Checking the condition, current price:0.00319112, buy price:0.00318795
2021-07-10 20:41:35,910 Checking the condition, current price:0.00319112, buy price:0.00318795
2021-07-10 20:41:36,423 Checking the condition, current price:0.00319112, buy price:0.00318795
2021-07-10 20:41:36,932 Checking the condition, current price:0.00319112, buy price:0.00318795
2021-07-10 20:41:37,433 Checking the condition, current price:0.00319112, buy price:0.00318795
2021-07-10 20:41:37,948 Checking the condition, current price:0.00319109, buy price:0.00318795
2021-07-10 20:41:38,455 Checking the condition, current price:0.00319109, buy price:0.00318795
2021-07-10 20:41:38,967 Checking the condition, current price:0.00319109, buy price:0.00318795
2021-07-10 20:41:39,482 Checking the condition, current price:0.00319109, buy price:0.00318795
2021-07-10 20:41:39,993 Checking the condition, current price:0.00319109, buy price:0.00318795
2021-07-10 20:41:40,496 Checking the condition, current price:0.00319109, buy price:0.00318795
2021-07-10 20:41:41,008 Checking the condition, current price:0.00319109, buy price:0.00318795
2021-07-10 20:41:41,520 Checking the condition, current price:0.00319109, buy price:0.00318795
2021-07-10 20:41:42,034 Checking the condition, current price:0.00319109, buy price:0.00318795
2021-07-10 20:41:42,550 Checking the condition, current price:0.00319109, buy price:0.00318795
2021-07-10 20:41:43,050 Checking the condition, current price:0.00319109, buy price:0.00318795
2021-07-10 20:41:43,564 Checking the condition, current price:0.00319109, buy price:0.00318795
2021-07-10 20:41:44,076 Checking the condition, current price:0.00319109, buy price:0.00318795
2021-07-10 20:41:44,591 Checking the condition, current price:0.00319109, buy price:0.00318795
2021-07-10 20:41:45,101 Checking the condition, current price:0.00319109, buy price:0.00318795
2021-07-10 20:41:45,616 Checking the condition, current price:0.00319109, buy price:0.00318795
2021-07-10 20:41:46,131 Checking the condition, current price:0.00319109, buy price:0.00318795
2021-07-10 20:41:46,644 Checking the condition, current price:0.00319109, buy price:0.00318795
2021-07-10 20:41:47,160 Checking the condition, current price:0.00319109, buy price:0.00318795
2021-07-10 20:41:47,675 Checking the condition, current price:0.00319109, buy price:0.00318795
2021-07-10 20:41:48,197 Checking the condition, current price:0.00319048, buy price:0.00318795
2021-07-10 20:41:48,703 Checking the condition, current price:0.00319048, buy price:0.00318795
2021-07-10 20:41:49,215 Checking the condition, current price:0.00319048, buy price:0.00318795
2021-07-10 20:41:49,729 Checking the condition, current price:0.00319048, buy price:0.00318795
2021-07-10 20:41:50,244 Checking the condition, current price:0.00319048, buy price:0.00318795
2021-07-10 20:41:50,757 Checking the condition, current price:0.00319048, buy price:0.00318795
2021-07-10 20:41:51,275 Checking the condition, current price:0.00319048, buy price:0.00318795
2021-07-10 20:41:51,787 Checking the condition, current price:0.00319048, buy price:0.00318795
2021-07-10 20:41:52,303 Checking the condition, current price:0.00319048, buy price:0.00318795
2021-07-10 20:41:52,818 Checking the condition, current price:0.00319048, buy price:0.00318795
2021-07-10 20:41:53,332 Checking the condition, current price:0.00319048, buy price:0.00318795
2021-07-10 20:41:53,849 Checking the condition, current price:0.00319049, buy price:0.00318795
2021-07-10 20:41:54,360 Checking the condition, current price:0.00319049, buy price:0.00318795
2021-07-10 20:41:54,875 Checking the condition, current price:0.00319049, buy price:0.00318795
2021-07-10 20:41:55,384 Checking the condition, current price:0.00319049, buy price:0.00318795
2021-07-10 20:41:55,900 Checking the condition, current price:0.00319049, buy price:0.00318795
2021-07-10 20:41:56,414 Checking the condition, current price:0.00319049, buy price:0.00318795
2021-07-10 20:41:56,930 Checking the condition, current price:0.00319049, buy price:0.00318795
2021-07-10 20:41:57,430 Checking the condition, current price:0.00319049, buy price:0.00318795
2021-07-10 20:41:57,934 Checking the condition, current price:0.00319049, buy price:0.00318795
2021-07-10 20:41:58,436 Checking the condition, current price:0.00319049, buy price:0.00318795
2021-07-10 20:41:58,950 Checking the condition, current price:0.00319049, buy price:0.00318795
2021-07-10 20:41:59,465 Checking the condition, current price:0.00319049, buy price:0.00318795
2021-07-10 20:41:59,978 Checking the condition, current price:0.00319049, buy price:0.00318795
2021-07-10 20:42:00,491 Checking the condition, current price:0.00319049, buy price:0.00318795
2021-07-10 20:42:01,007 Checking the condition, current price:0.00319049, buy price:0.00318795
2021-07-10 20:42:01,523 Checking the condition, current price:0.00319049, buy price:0.00318795
2021-07-10 20:42:02,036 Checking the condition, current price:0.00319049, buy price:0.00318795
2021-07-10 20:42:02,552 Checking the condition, current price:0.00319049, buy price:0.00318795
2021-07-10 20:42:03,066 Checking the condition, current price:0.00319056, buy price:0.00318795
2021-07-10 20:42:03,580 Checking the condition, current price:0.00319056, buy price:0.00318795
2021-07-10 20:42:04,094 Checking the condition, current price:0.00319056, buy price:0.00318795
2021-07-10 20:42:04,611 Checking the condition, current price:0.00319056, buy price:0.00318795
2021-07-10 20:42:05,122 Checking the condition, current price:0.00319051, buy price:0.00318795
2021-07-10 20:42:05,640 Checking the condition, current price:0.00319051, buy price:0.00318795
2021-07-10 20:42:06,154 Checking the condition, current price:0.00319051, buy price:0.00318795
2021-07-10 20:42:06,663 Checking the condition, current price:0.00319051, buy price:0.00318795
2021-07-10 20:42:07,164 Checking the condition, current price:0.00319051, buy price:0.00318795
2021-07-10 20:42:07,680 Checking the condition, current price:0.00319051, buy price:0.00318795
2021-07-10 20:42:08,251 Checking the condition, current price:0.00319051, buy price:0.00318795
2021-07-10 20:42:08,767 Checking the condition, current price:0.00319051, buy price:0.00318795
2021-07-10 20:42:09,270 Checking the condition, current price:0.00319051, buy price:0.00318795
2021-07-10 20:42:09,782 Checking the condition, current price:0.00319051, buy price:0.00318795
2021-07-10 20:42:10,295 Checking the condition, current price:0.00319051, buy price:0.00318795
2021-07-10 20:42:10,811 Checking the condition, current price:0.00319051, buy price:0.00318795
2021-07-10 20:42:11,324 Checking the condition, current price:0.00319051, buy price:0.00318795
2021-07-10 20:42:11,839 Checking the condition, current price:0.00319051, buy price:0.00318795
2021-07-10 20:42:12,353 Checking the condition, current price:0.00319051, buy price:0.00318795
2021-07-10 20:42:12,869 Checking the condition, current price:0.00319051, buy price:0.00318795
2021-07-10 20:42:13,384 Checking the condition, current price:0.00319051, buy price:0.00318795
2021-07-10 20:42:13,896 Checking the condition, current price:0.00319051, buy price:0.00318795
2021-07-10 20:42:14,408 Checking the condition, current price:0.00319056, buy price:0.00318795
2021-07-10 20:42:14,921 Checking the condition, current price:0.00319056, buy price:0.00318795
2021-07-10 20:42:15,437 Checking the condition, current price:0.00319056, buy price:0.00318795
2021-07-10 20:42:15,953 Checking the condition, current price:0.00319056, buy price:0.00318795
2021-07-10 20:42:16,467 Checking the condition, current price:0.00319056, buy price:0.00318795
2021-07-10 20:42:16,968 Checking the condition, current price:0.00319056, buy price:0.00318795
2021-07-10 20:42:17,478 Checking the condition, current price:0.00319054, buy price:0.00318795
2021-07-10 20:42:17,980 Checking the condition, current price:0.00319054, buy price:0.00318795
2021-07-10 20:42:18,495 Checking the condition, current price:0.00319054, buy price:0.00318795
2021-07-10 20:42:18,997 Checking the condition, current price:0.00319054, buy price:0.00318795
2021-07-10 20:42:19,500 Checking the condition, current price:0.00319054, buy price:0.00318795
2021-07-10 20:42:20,009 Checking the condition, current price:0.00319054, buy price:0.00318795
2021-07-10 20:42:20,510 Checking the condition, current price:0.00319054, buy price:0.00318795
2021-07-10 20:42:21,010 Checking the condition, current price:0.00319054, buy price:0.00318795
2021-07-10 20:42:21,526 Checking the condition, current price:0.00319054, buy price:0.00318795
2021-07-10 20:42:22,037 Checking the condition, current price:0.00319054, buy price:0.00318795
2021-07-10 20:42:22,550 Checking the condition, current price:0.00319054, buy price:0.00318795
2021-07-10 20:42:23,066 Checking the condition, current price:0.00319054, buy price:0.00318795
2021-07-10 20:42:23,567 Checking the condition, current price:0.00319054, buy price:0.00318795
2021-07-10 20:42:24,083 Checking the condition, current price:0.00319053, buy price:0.00318795
2021-07-10 20:42:24,592 Checking the condition, current price:0.00319053, buy price:0.00318795
2021-07-10 20:42:25,092 Checking the condition, current price:0.00319053, buy price:0.00318795
2021-07-10 20:42:25,596 Checking the condition, current price:0.00319053, buy price:0.00318795
2021-07-10 20:42:26,105 Checking the condition, current price:0.00319053, buy price:0.00318795
2021-07-10 20:42:26,608 Checking the condition, current price:0.00319053, buy price:0.00318795
2021-07-10 20:42:27,112 Checking the condition, current price:0.00319053, buy price:0.00318795
2021-07-10 20:42:27,621 Checking the condition, current price:0.00319053, buy price:0.00318795
2021-07-10 20:42:28,122 Checking the condition, current price:0.00319053, buy price:0.00318795
2021-07-10 20:42:28,632 Checking the condition, current price:0.00319053, buy price:0.00318795
2021-07-10 20:42:29,145 Checking the condition, current price:0.00319051, buy price:0.00318795
2021-07-10 20:42:29,650 Checking the condition, current price:0.00319051, buy price:0.00318795
2021-07-10 20:42:30,163 Checking the condition, current price:0.00319051, buy price:0.00318795
2021-07-10 20:42:30,668 Checking the condition, current price:0.00319051, buy price:0.00318795
2021-07-10 20:42:31,172 Checking the condition, current price:0.00319051, buy price:0.00318795
2021-07-10 20:42:31,675 Checking the condition, current price:0.00319051, buy price:0.00318795
2021-07-10 20:42:32,178 Checking the condition, current price:0.00319051, buy price:0.00318795
2021-07-10 20:42:32,680 Checking the condition, current price:0.00319073, buy price:0.00318795
2021-07-10 20:42:33,187 Checking the condition, current price:0.00319073, buy price:0.00318795
2021-07-10 20:42:33,690 Checking the condition, current price:0.00319073, buy price:0.00318795
2021-07-10 20:42:34,204 Checking the condition, current price:0.00319073, buy price:0.00318795
2021-07-10 20:42:34,705 Checking the condition, current price:0.00319073, buy price:0.00318795
2021-07-10 20:42:35,218 Checking the condition, current price:0.00319073, buy price:0.00318795
2021-07-10 20:42:35,719 Checking the condition, current price:0.00319073, buy price:0.00318795
2021-07-10 20:42:36,234 Checking the condition, current price:0.00319073, buy price:0.00318795
2021-07-10 20:42:36,738 Checking the condition, current price:0.00319073, buy price:0.00318795
2021-07-10 20:42:37,242 Checking the condition, current price:0.00319073, buy price:0.00318795
2021-07-10 20:42:37,756 Checking the condition, current price:0.00319073, buy price:0.00318795
2021-07-10 20:42:38,268 Checking the condition, current price:0.00319073, buy price:0.00318795
2021-07-10 20:42:38,783 Checking the condition, current price:0.00319072, buy price:0.00318795
2021-07-10 20:42:39,302 Checking the condition, current price:0.00319072, buy price:0.00318795
2021-07-10 20:42:39,812 Checking the condition, current price:0.00319072, buy price:0.00318795
2021-07-10 20:42:40,313 Checking the condition, current price:0.00319072, buy price:0.00318795
2021-07-10 20:42:40,827 Checking the condition, current price:0.00319072, buy price:0.00318795
2021-07-10 20:42:41,328 Checking the condition, current price:0.00319073, buy price:0.00318795
2021-07-10 20:42:41,832 Checking the condition, current price:0.00319073, buy price:0.00318795
2021-07-10 20:42:42,344 Checking the condition, current price:0.00319073, buy price:0.00318795
2021-07-10 20:42:42,854 Checking the condition, current price:0.00319073, buy price:0.00318795
2021-07-10 20:42:43,357 Checking the condition, current price:0.00319073, buy price:0.00318795
2021-07-10 20:42:43,858 Checking the condition, current price:0.00319073, buy price:0.00318795
2021-07-10 20:42:44,372 Checking the condition, current price:0.00319073, buy price:0.00318795
2021-07-10 20:42:44,876 Checking the condition, current price:0.00319073, buy price:0.00318795
2021-07-10 20:42:45,395 Checking the condition, current price:0.00319073, buy price:0.00318795
2021-07-10 20:42:45,909 Checking the condition, current price:0.00319073, buy price:0.00318795
2021-07-10 20:42:46,412 Checking the condition, current price:0.00319073, buy price:0.00318795
2021-07-10 20:42:46,915 Checking the condition, current price:0.00319073, buy price:0.00318795
2021-07-10 20:42:47,428 Checking the condition, current price:0.00319073, buy price:0.00318795
2021-07-10 20:42:47,935 Checking the condition, current price:0.00319073, buy price:0.00318795
2021-07-10 20:42:48,447 Checking the condition, current price:0.00319073, buy price:0.00318795
2021-07-10 20:42:48,947 Checking the condition, current price:0.00319074, buy price:0.00318795
2021-07-10 20:42:49,458 Checking the condition, current price:0.00319074, buy price:0.00318795
2021-07-10 20:42:49,971 Checking the condition, current price:0.00319074, buy price:0.00318795
2021-07-10 20:42:50,483 Checking the condition, current price:0.00319074, buy price:0.00318795
2021-07-10 20:42:50,995 Checking the condition, current price:0.00319074, buy price:0.00318795
2021-07-10 20:42:51,509 Checking the condition, current price:0.00319072, buy price:0.00318795
2021-07-10 20:42:52,025 Checking the condition, current price:0.00319072, buy price:0.00318795
2021-07-10 20:42:52,539 Checking the condition, current price:0.00319072, buy price:0.00318795
2021-07-10 20:42:53,051 Checking the condition, current price:0.00319072, buy price:0.00318795
2021-07-10 20:42:53,562 Checking the condition, current price:0.00319072, buy price:0.00318795
2021-07-10 20:42:54,065 Checking the condition, current price:0.00319072, buy price:0.00318795
2021-07-10 20:42:54,566 Checking the condition, current price:0.00319072, buy price:0.00318795
2021-07-10 20:42:55,082 Checking the condition, current price:0.00319072, buy price:0.00318795
2021-07-10 20:42:55,596 Checking the condition, current price:0.00319072, buy price:0.00318795
2021-07-10 20:42:56,111 Checking the condition, current price:0.00319072, buy price:0.00318795
2021-07-10 20:42:56,623 Checking the condition, current price:0.00319072, buy price:0.00318795
2021-07-10 20:42:57,136 Checking the condition, current price:0.00319072, buy price:0.00318795
2021-07-10 20:42:59,366 Read Config Success
2021-07-10 20:43:02,822 Wallet Connected
2021-07-10 20:43:04,104 Please Input Buy Amount!
2021-07-10 20:43:27,129 Read Config Success
2021-07-10 20:43:28,860 Wallet Connected
2021-07-10 20:47:42,215 Read Config Success
2021-07-10 20:47:45,807 Wallet Connected
2021-07-10 20:48:02,209 Please Input Buy Amount!
2021-07-10 20:48:19,496 Please Input Buy Amount!
2021-07-10 20:48:56,526 Read Config Success
2021-07-10 20:48:58,992 Wallet Connected
2021-07-10 20:49:08,293 Please Input Buy Amount!
2021-07-10 20:49:20,087 Start Bot
2021-07-10 20:49:20,532 Waiting liquidity to be added
2021-07-10 20:51:06,854 Read Config Success
2021-07-10 20:51:08,688 Wallet Connected
