2021-07-29 14:28:36,112 Read Config Success
2021-07-29 14:28:37,313 Wallet Connected
2021-07-29 14:28:39,326 Access Level Tier 3: Snipping,Max Speed:10, Auto Sells, Limit Sells, Limit Buys, Stop Loss
2021-07-29 14:30:26,107 Please Input Buy Amount!
2021-07-29 14:30:31,328 Start Bot
2021-07-29 14:30:31,333 Token Address : 0xe9e7CEA3DedcA5984780Bafc599bD69ADd087D56, Presale Address : 
2021-07-29 14:30:31,336 Buy Amount : 1000000000000000.0, Sell Amount Percent : 100%, Sell Price : 0%
2021-07-29 14:30:31,637 Waiting liquidity to be added
2021-07-29 14:30:36,110 Liquidity Added : 0x17033de81605effffaf3a482d99485d010f38ff9ac8e3640280a1dc8e8a3e71e
2021-07-29 14:30:36,522 Buy transaction: 0x6219af3cd4639f5e509425738eff0bc8233b28547133c7cba2e01fb08ca689da
2021-07-29 14:31:29,946 Buy transaction confirmed
2021-07-29 14:31:29,949 Waiting Sell Moment....
2021-07-29 14:31:30,351 Checking the condition, current price:100.0%
2021-07-29 14:31:31,253 Checking the condition, current price:100.0%
2021-07-29 14:31:32,133 Checking the condition, current price:99.99913%
2021-07-29 14:31:33,017 Checking the condition, current price:99.99913%
2021-07-29 14:31:33,888 Checking the condition, current price:99.99913%
2021-07-29 14:31:34,772 Checking the condition, current price:99.99947%
2021-07-29 14:31:35,666 Checking the condition, current price:99.99947%
2021-07-29 14:31:36,539 Checking the condition, current price:99.99947%
2021-07-29 14:31:37,417 Checking the condition, current price:99.99947%
2021-07-29 14:31:38,303 Checking the condition, current price:99.99957%
2021-07-29 14:31:39,176 Checking the condition, current price:99.99957%
2021-07-29 14:31:40,070 Checking the condition, current price:99.99957%
2021-07-29 14:31:40,941 Checking the condition, current price:100.00006%
2021-07-29 14:31:41,833 Checking the condition, current price:100.00006%
2021-07-29 14:31:42,738 Checking the condition, current price:100.00006%
2021-07-29 14:31:43,628 Checking the condition, current price:100.00006%
2021-07-29 14:31:44,455 Checking the condition, current price:100.00077%
2021-07-29 14:31:45,343 Checking the condition, current price:100.00077%
2021-07-29 14:31:46,237 Checking the condition, current price:100.00077%
2021-07-29 14:31:47,119 Checking the condition, current price:100.00077%
2021-07-29 14:31:47,995 Checking the condition, current price:100.00253%
2021-07-29 14:31:48,873 Checking the condition, current price:100.00253%
2021-07-29 14:31:49,760 Checking the condition, current price:100.00253%
2021-07-29 14:31:50,644 Checking the condition, current price:100.00256%
2021-07-29 14:31:51,532 Checking the condition, current price:100.00256%
2021-07-29 14:31:52,409 Checking the condition, current price:100.00256%
2021-07-29 14:31:53,295 Checking the condition, current price:100.00287%
2021-07-29 14:31:54,185 Checking the condition, current price:100.00287%
2021-07-29 14:31:54,959 Checking the condition, current price:100.00287%
2021-07-29 14:31:55,865 Checking the condition, current price:100.00287%
2021-07-29 14:31:56,754 Checking the condition, current price:100.00287%
2021-07-29 14:31:57,644 Checking the condition, current price:100.00287%
2021-07-29 14:31:58,547 Checking the condition, current price:100.00287%
2021-07-29 14:31:59,415 Checking the condition, current price:100.00937%
2021-07-29 14:32:00,293 Checking the condition, current price:100.00937%
2021-07-29 14:32:01,185 Checking the condition, current price:100.00937%
2021-07-29 14:32:02,077 Checking the condition, current price:100.00823%
2021-07-29 14:32:02,958 Checking the condition, current price:100.00823%
2021-07-29 14:32:03,850 Checking the condition, current price:100.00823%
2021-07-29 14:32:04,732 Checking the condition, current price:100.00823%
2021-07-29 14:32:05,501 Checking the condition, current price:100.007%
2021-07-29 14:32:07,010 Checking the condition, current price:100.007%
2021-07-29 14:32:08,518 Checking the condition, current price:99.99846%
2021-07-29 14:32:09,409 Checking the condition, current price:99.99846%
2021-07-29 14:32:10,284 Checking the condition, current price:99.99846%
2021-07-29 14:32:13,396 Checking the condition, current price:99.99846%
2021-07-29 14:32:14,286 Checking the condition, current price:99.98842%
2021-07-29 14:32:15,181 Checking the condition, current price:99.98842%
2021-07-29 14:32:15,991 Checking the condition, current price:99.98842%
2021-07-29 14:32:16,871 Checking the condition, current price:99.98854%
2021-07-29 14:32:18,380 Checking the condition, current price:99.98854%
2021-07-29 14:32:19,269 Checking the condition, current price:99.98854%
2021-07-29 14:32:20,181 Checking the condition, current price:99.98657%
2021-07-29 14:32:21,052 Checking the condition, current price:99.98657%
2021-07-29 14:32:21,938 Checking the condition, current price:99.98657%
2021-07-29 14:32:22,824 Checking the condition, current price:99.98652%
2021-07-29 14:32:23,713 Checking the condition, current price:99.98652%
2021-07-29 14:32:24,596 Checking the condition, current price:99.98652%
2021-07-29 14:32:26,116 Checking the condition, current price:99.98652%
2021-07-29 14:32:26,856 Checking the condition, current price:99.98652%
2021-07-29 14:32:27,702 Checking the condition, current price:99.98652%
2021-07-29 14:32:28,594 Checking the condition, current price:99.98652%
2021-07-29 14:32:29,485 Checking the condition, current price:99.98671%
2021-07-29 14:32:30,378 Checking the condition, current price:99.98671%
2021-07-29 14:32:31,256 Checking the condition, current price:99.98671%
2021-07-29 14:32:32,138 Checking the condition, current price:99.98571%
2021-07-29 14:32:33,024 Checking the condition, current price:99.98571%
2021-07-29 14:32:33,913 Checking the condition, current price:99.98571%
2021-07-29 14:32:34,803 Checking the condition, current price:99.98571%
2021-07-29 14:32:35,710 Checking the condition, current price:99.98534%
2021-07-29 14:32:36,598 Checking the condition, current price:99.98534%
2021-07-29 14:32:37,466 Checking the condition, current price:99.98534%
2021-07-29 14:32:38,339 Checking the condition, current price:99.9863%
2021-07-29 14:32:39,247 Checking the condition, current price:99.9863%
2021-07-29 14:32:40,146 Checking the condition, current price:99.9863%
2021-07-29 14:32:41,036 Checking the condition, current price:99.9863%
2021-07-29 14:32:41,938 Checking the condition, current price:99.98619%
2021-07-29 14:32:42,832 Checking the condition, current price:99.98619%
2021-07-29 14:32:43,735 Checking the condition, current price:99.98619%
2021-07-29 14:32:44,633 Checking the condition, current price:99.98593%
2021-07-29 14:32:45,537 Checking the condition, current price:99.98593%
2021-07-29 14:32:46,435 Checking the condition, current price:99.98593%
2021-07-29 14:32:47,321 Checking the condition, current price:99.98567%
2021-07-29 14:32:48,206 Checking the condition, current price:99.98567%
2021-07-29 14:32:49,098 Checking the condition, current price:99.98567%
2021-07-29 14:32:50,030 Checking the condition, current price:99.98779%
2021-07-29 14:32:50,925 Checking the condition, current price:99.98779%
2021-07-29 14:32:51,822 Checking the condition, current price:99.98779%
2021-07-29 14:32:52,709 Checking the condition, current price:99.98779%
2021-07-29 14:32:53,599 Checking the condition, current price:99.98847%
2021-07-29 14:32:56,431 Checking the condition, current price:99.98847%
2021-07-29 14:32:57,329 Checking the condition, current price:99.98774%
2021-07-29 14:32:58,224 Checking the condition, current price:99.98774%
2021-07-29 14:32:59,053 Checking the condition, current price:99.98774%
2021-07-29 14:32:59,933 Checking the condition, current price:99.98774%
2021-07-29 14:33:00,829 Checking the condition, current price:99.98128%
2021-07-29 14:33:01,718 Checking the condition, current price:99.98128%
2021-07-29 14:33:02,624 Checking the condition, current price:99.9815%
2021-07-29 14:33:03,537 Checking the condition, current price:99.9815%
2021-07-29 14:33:04,433 Checking the condition, current price:99.9815%
2021-07-29 14:33:05,347 Checking the condition, current price:99.98132%
2021-07-29 14:33:06,221 Checking the condition, current price:99.98132%
2021-07-29 14:33:07,106 Checking the condition, current price:99.98132%
2021-07-29 14:33:07,995 Checking the condition, current price:99.98172%
2021-07-29 14:33:08,889 Checking the condition, current price:99.98172%
2021-07-29 14:33:09,710 Checking the condition, current price:99.98172%
2021-07-29 14:33:10,580 Checking the condition, current price:99.98172%
2021-07-29 14:33:11,447 Checking the condition, current price:99.9814%
2021-07-29 14:33:12,327 Checking the condition, current price:99.9814%
2021-07-29 14:33:13,211 Checking the condition, current price:99.9814%
2021-07-29 14:33:14,088 Checking the condition, current price:99.98099%
2021-07-29 14:33:14,970 Checking the condition, current price:99.98099%
2021-07-29 14:33:15,859 Checking the condition, current price:99.98099%
2021-07-29 14:33:16,739 Checking the condition, current price:99.98324%
2021-07-29 14:33:17,629 Checking the condition, current price:99.98324%
2021-07-29 14:33:18,511 Checking the condition, current price:99.98324%
2021-07-29 14:33:19,402 Checking the condition, current price:99.98324%
2021-07-29 14:33:20,288 Checking the condition, current price:99.97716%
2021-07-29 14:33:21,204 Checking the condition, current price:99.97716%
2021-07-29 14:33:22,078 Checking the condition, current price:99.97716%
2021-07-29 14:33:24,199 Checking the condition, current price:99.97716%
2021-07-29 14:33:25,098 Checking the condition, current price:99.97716%
2021-07-29 14:33:25,994 Checking the condition, current price:99.97702%
2021-07-29 14:33:26,905 Checking the condition, current price:99.97702%
2021-07-29 14:33:27,790 Checking the condition, current price:99.97702%
2021-07-29 14:33:29,308 Checking the condition, current price:99.97702%
2021-07-29 14:33:30,182 Checking the condition, current price:99.97516%
2021-07-29 14:33:31,043 Checking the condition, current price:99.97516%
2021-07-29 14:33:31,937 Checking the condition, current price:99.97511%
2021-07-29 14:33:32,840 Checking the condition, current price:99.97511%
2021-07-29 14:33:38,248 Checking the condition, current price:99.97511%
2021-07-29 14:33:39,147 Checking the condition, current price:99.97614%
2021-07-29 14:33:40,066 Checking the condition, current price:99.97614%
2021-07-29 14:33:40,947 Checking the condition, current price:99.97606%
2021-07-29 14:33:41,814 Checking the condition, current price:99.97606%
2021-07-29 14:33:42,696 Checking the condition, current price:99.97606%
2021-07-29 14:33:43,588 Checking the condition, current price:99.97606%
2021-07-29 14:33:44,463 Checking the condition, current price:99.97487%
2021-07-29 14:33:45,345 Checking the condition, current price:99.97487%
2021-07-29 14:33:46,236 Checking the condition, current price:99.97487%
2021-07-29 14:33:47,108 Checking the condition, current price:99.97441%
2021-07-29 14:33:47,942 Checking the condition, current price:99.97441%
2021-07-29 14:33:48,835 Checking the condition, current price:99.97441%
2021-07-29 14:33:49,706 Checking the condition, current price:99.97441%
2021-07-29 14:33:50,592 Checking the condition, current price:99.97261%
2021-07-29 14:33:51,473 Checking the condition, current price:99.97261%
2021-07-29 14:33:52,360 Checking the condition, current price:99.97261%
2021-07-29 14:33:53,206 Checking the condition, current price:99.97188%
2021-07-29 14:33:54,102 Checking the condition, current price:99.97188%
2021-07-29 14:33:55,007 Checking the condition, current price:99.97188%
2021-07-29 14:33:55,879 Checking the condition, current price:99.97024%
2021-07-29 14:33:56,757 Checking the condition, current price:99.97024%
2021-07-29 14:33:57,643 Checking the condition, current price:99.97024%
2021-07-29 14:33:58,540 Checking the condition, current price:99.97024%
2021-07-29 14:33:59,429 Checking the condition, current price:99.96762%
2021-07-29 14:34:00,313 Checking the condition, current price:99.96762%
2021-07-29 14:34:01,204 Checking the condition, current price:99.96762%
2021-07-29 14:34:02,130 Checking the condition, current price:99.96755%
2021-07-29 14:34:02,994 Checking the condition, current price:99.96755%
2021-07-29 14:34:03,833 Checking the condition, current price:99.96755%
2021-07-29 14:34:04,732 Checking the condition, current price:99.96755%
2021-07-29 14:34:05,593 Checking the condition, current price:99.96784%
2021-07-29 14:34:06,492 Checking the condition, current price:99.96784%
2021-07-29 14:34:07,375 Checking the condition, current price:99.96784%
2021-07-29 14:34:08,261 Checking the condition, current price:99.96784%
2021-07-29 14:34:09,076 Checking the condition, current price:99.96828%
2021-07-29 14:34:09,958 Checking the condition, current price:99.96828%
2021-07-29 14:34:10,816 Checking the condition, current price:99.9684%
2021-07-29 14:34:11,699 Checking the condition, current price:99.9684%
2021-07-29 14:34:12,593 Checking the condition, current price:99.9684%
2021-07-29 14:34:13,474 Checking the condition, current price:99.9684%
2021-07-29 14:34:14,244 Checking the condition, current price:99.96701%
2021-07-29 14:34:15,138 Checking the condition, current price:99.96701%
2021-07-29 14:34:16,022 Checking the condition, current price:99.96701%
2021-07-29 14:34:16,885 Checking the condition, current price:99.96698%
2021-07-29 14:34:17,765 Checking the condition, current price:99.96698%
2021-07-29 14:34:18,670 Checking the condition, current price:99.96698%
2021-07-29 14:34:19,600 Checking the condition, current price:99.96698%
2021-07-29 14:34:20,517 Checking the condition, current price:99.96605%
2021-07-29 14:34:21,410 Checking the condition, current price:99.96605%
2021-07-29 14:34:22,309 Checking the condition, current price:99.96605%
2021-07-29 14:34:23,196 Checking the condition, current price:99.96624%
2021-07-29 14:34:24,125 Checking the condition, current price:99.96624%
2021-07-29 14:34:24,955 Checking the condition, current price:99.96624%
2021-07-29 14:34:25,853 Checking the condition, current price:99.96624%
2021-07-29 14:34:26,749 Checking the condition, current price:99.96624%
2021-07-29 14:34:27,644 Checking the condition, current price:99.96624%
2021-07-29 14:34:28,542 Checking the condition, current price:99.96624%
2021-07-29 14:34:29,436 Checking the condition, current price:99.96401%
2021-07-29 14:34:30,346 Checking the condition, current price:99.96401%
2021-07-29 14:34:31,243 Checking the condition, current price:99.96401%
2021-07-29 14:34:32,178 Checking the condition, current price:99.96401%
2021-07-29 14:34:33,092 Checking the condition, current price:99.9644%
2021-07-29 14:34:33,983 Checking the condition, current price:99.9644%
2021-07-29 14:34:34,876 Checking the condition, current price:99.96062%
2021-07-29 14:34:35,655 Checking the condition, current price:99.96062%
2021-07-29 14:34:36,551 Checking the condition, current price:99.96062%
2021-07-29 14:34:37,452 Checking the condition, current price:99.96062%
2021-07-29 14:34:38,333 Checking the condition, current price:99.95984%
2021-07-29 14:34:39,242 Checking the condition, current price:99.95984%
2021-07-29 14:34:40,127 Checking the condition, current price:99.95984%
2021-07-29 14:34:41,021 Checking the condition, current price:99.95984%
2021-07-29 14:34:41,913 Checking the condition, current price:99.95831%
2021-07-29 14:34:42,810 Checking the condition, current price:99.95831%
2021-07-29 14:34:43,701 Checking the condition, current price:99.95986%
2021-07-29 14:34:44,567 Checking the condition, current price:99.95986%
2021-07-29 14:34:45,437 Checking the condition, current price:99.95986%
2021-07-29 14:34:46,276 Checking the condition, current price:99.95862%
2021-07-29 14:34:47,054 Checking the condition, current price:99.95862%
2021-07-29 14:34:47,958 Checking the condition, current price:99.95862%
2021-07-29 14:34:48,859 Checking the condition, current price:99.95861%
2021-07-29 14:34:49,757 Checking the condition, current price:99.95861%
2021-07-29 14:34:50,650 Checking the condition, current price:99.95861%
2021-07-29 14:34:51,557 Checking the condition, current price:99.95861%
2021-07-29 14:34:52,454 Checking the condition, current price:99.95861%
2021-07-29 14:34:53,340 Checking the condition, current price:99.95861%
2021-07-29 14:34:54,221 Checking the condition, current price:99.95861%
2021-07-29 14:34:55,121 Checking the condition, current price:99.95861%
2021-07-29 14:34:56,015 Checking the condition, current price:99.96064%
2021-07-29 14:34:56,894 Checking the condition, current price:99.96064%
2021-07-29 14:34:57,673 Checking the condition, current price:99.96064%
2021-07-29 14:34:58,576 Checking the condition, current price:99.96064%
2021-07-29 14:34:59,457 Checking the condition, current price:99.96116%
2021-07-29 14:35:00,342 Checking the condition, current price:99.96116%
2021-07-29 14:35:01,204 Checking the condition, current price:99.96116%
2021-07-29 14:35:02,066 Checking the condition, current price:99.9614%
2021-07-29 14:35:02,939 Checking the condition, current price:99.9614%
2021-07-29 14:35:04,448 Checking the condition, current price:99.9614%
2021-07-29 14:35:05,316 Checking the condition, current price:99.96275%
2021-07-29 14:35:06,222 Checking the condition, current price:99.96275%
2021-07-29 14:35:07,101 Checking the condition, current price:99.96275%
2021-07-29 14:35:07,914 Checking the condition, current price:99.96164%
2021-07-29 14:35:08,723 Checking the condition, current price:99.96164%
2021-07-29 14:35:09,624 Checking the condition, current price:99.96164%
2021-07-29 14:35:11,135 Checking the condition, current price:99.96164%
2021-07-29 14:35:12,017 Checking the condition, current price:99.95997%
2021-07-29 14:35:12,890 Checking the condition, current price:99.95997%
2021-07-29 14:35:14,400 Checking the condition, current price:99.95997%
2021-07-29 14:35:15,296 Checking the condition, current price:99.96011%
2021-07-29 14:35:16,168 Checking the condition, current price:99.96011%
2021-07-29 14:35:17,039 Checking the condition, current price:99.96011%
2021-07-29 14:35:17,845 Checking the condition, current price:99.9599%
2021-07-29 14:35:18,565 Checking the condition, current price:99.9599%
2021-07-29 14:35:19,398 Checking the condition, current price:99.9599%
2021-07-29 14:35:20,290 Checking the condition, current price:99.96081%
2021-07-29 14:35:21,177 Checking the condition, current price:99.96081%
2021-07-29 14:35:22,085 Checking the condition, current price:99.96081%
2021-07-29 14:35:22,952 Checking the condition, current price:99.96131%
2021-07-29 14:35:23,807 Checking the condition, current price:99.96131%
2021-07-29 14:35:24,720 Checking the condition, current price:99.96131%
2021-07-29 14:35:25,606 Checking the condition, current price:99.96131%
2021-07-29 14:35:26,494 Checking the condition, current price:99.96493%
2021-07-29 14:35:27,372 Checking the condition, current price:99.96493%
2021-07-29 14:35:28,234 Checking the condition, current price:99.96493%
2021-07-29 14:35:29,112 Checking the condition, current price:99.96679%
2021-07-29 14:35:29,972 Checking the condition, current price:99.96679%
2021-07-29 14:35:30,850 Checking the condition, current price:99.96679%
2021-07-29 14:35:31,764 Checking the condition, current price:99.96679%
2021-07-29 14:35:32,627 Checking the condition, current price:99.96751%
2021-07-29 14:35:33,500 Checking the condition, current price:99.96751%
2021-07-29 14:35:34,380 Checking the condition, current price:99.96751%
2021-07-29 14:35:35,267 Checking the condition, current price:99.96736%
2021-07-29 14:35:36,136 Checking the condition, current price:99.96736%
2021-07-29 14:35:37,010 Checking the condition, current price:99.96736%
2021-07-29 14:35:37,876 Checking the condition, current price:99.96234%
2021-07-29 14:35:38,744 Checking the condition, current price:99.96234%
2021-07-29 14:35:39,622 Checking the condition, current price:99.96234%
2021-07-29 14:35:40,400 Checking the condition, current price:99.96234%
2021-07-29 14:35:41,289 Checking the condition, current price:99.963%
2021-07-29 14:35:42,151 Checking the condition, current price:99.963%
2021-07-29 14:35:43,050 Checking the condition, current price:99.963%
2021-07-29 14:35:43,933 Checking the condition, current price:99.96488%
2021-07-29 14:35:44,823 Checking the condition, current price:99.96488%
2021-07-29 14:35:45,659 Checking the condition, current price:99.96488%
2021-07-29 14:35:46,550 Checking the condition, current price:99.96488%
2021-07-29 14:35:47,454 Checking the condition, current price:99.96488%
2021-07-29 14:35:48,342 Checking the condition, current price:99.96391%
2021-07-29 14:35:49,263 Checking the condition, current price:99.96391%
2021-07-29 14:35:50,155 Checking the condition, current price:99.96391%
2021-07-29 14:35:50,958 Checking the condition, current price:99.96391%
2021-07-29 14:35:51,849 Checking the condition, current price:99.96391%
2021-07-29 14:35:52,729 Checking the condition, current price:99.96447%
2021-07-29 14:35:53,633 Checking the condition, current price:99.96447%
2021-07-29 14:35:54,519 Checking the condition, current price:99.96447%
2021-07-29 14:35:55,412 Checking the condition, current price:99.96447%
2021-07-29 14:35:56,300 Checking the condition, current price:99.96447%
2021-07-29 14:35:57,183 Checking the condition, current price:99.96447%
2021-07-29 14:35:58,070 Checking the condition, current price:99.96447%
2021-07-29 14:35:58,974 Checking the condition, current price:99.9688%
2021-07-29 14:35:59,859 Checking the condition, current price:99.9688%
2021-07-29 14:36:00,726 Checking the condition, current price:99.9688%
2021-07-29 14:36:01,465 Checking the condition, current price:99.9688%
2021-07-29 14:36:02,316 Checking the condition, current price:99.97361%
2021-07-29 14:36:03,192 Checking the condition, current price:99.97361%
2021-07-29 14:36:04,088 Checking the condition, current price:99.97361%
2021-07-29 14:36:04,990 Checking the condition, current price:99.97361%
2021-07-29 14:36:05,856 Checking the condition, current price:99.97231%
2021-07-29 14:36:06,740 Checking the condition, current price:99.97231%
2021-07-29 14:36:08,283 Checking the condition, current price:99.97231%
2021-07-29 14:36:09,167 Checking the condition, current price:99.97017%
2021-07-29 14:36:10,051 Checking the condition, current price:99.97017%
2021-07-29 14:36:10,910 Checking the condition, current price:99.9689%
2021-07-29 14:36:11,751 Checking the condition, current price:99.9689%
2021-07-29 14:36:12,618 Checking the condition, current price:99.9689%
2021-07-29 14:36:13,508 Checking the condition, current price:99.9689%
2021-07-29 14:36:14,397 Checking the condition, current price:99.96928%
2021-07-29 14:36:15,284 Checking the condition, current price:99.96928%
2021-07-29 14:36:16,163 Checking the condition, current price:99.96928%
2021-07-29 14:36:17,945 Checking the condition, current price:99.9758%
2021-07-29 14:36:18,847 Checking the condition, current price:99.9758%
2021-07-29 14:36:19,699 Checking the condition, current price:99.9758%
2021-07-29 14:36:21,212 Checking the condition, current price:99.97792%
2021-07-29 14:36:22,105 Checking the condition, current price:99.97792%
2021-07-29 14:36:22,865 Checking the condition, current price:99.95613%
2021-07-29 14:36:23,746 Checking the condition, current price:99.95613%
2021-07-29 14:36:24,639 Checking the condition, current price:99.95613%
2021-07-29 14:36:25,533 Checking the condition, current price:99.95613%
2021-07-29 14:36:26,424 Checking the condition, current price:99.9537%
2021-07-29 14:36:27,321 Checking the condition, current price:99.9537%
2021-07-29 14:36:28,199 Checking the condition, current price:99.9537%
2021-07-29 14:36:29,082 Checking the condition, current price:99.95536%
2021-07-29 14:36:29,965 Checking the condition, current price:99.95536%
2021-07-29 14:36:30,865 Checking the condition, current price:99.95536%
2021-07-29 14:36:31,765 Checking the condition, current price:99.95536%
2021-07-29 14:36:32,653 Checking the condition, current price:99.95749%
2021-07-29 14:36:33,364 Checking the condition, current price:99.95749%
2021-07-29 14:36:34,219 Checking the condition, current price:99.95749%
2021-07-29 14:36:35,099 Checking the condition, current price:99.95552%
2021-07-29 14:36:35,967 Checking the condition, current price:99.95552%
2021-07-29 14:36:36,855 Checking the condition, current price:99.95552%
2021-07-29 14:36:37,740 Checking the condition, current price:99.95552%
2021-07-29 14:36:38,703 Checking the condition, current price:99.95552%
2021-07-29 14:36:39,596 Checking the condition, current price:99.95552%
2021-07-29 14:36:40,462 Checking the condition, current price:99.95552%
2021-07-29 14:36:41,331 Checking the condition, current price:99.9586%
2021-07-29 14:36:42,210 Checking the condition, current price:99.9586%
2021-07-29 14:36:43,103 Checking the condition, current price:99.9586%
2021-07-29 14:36:43,915 Checking the condition, current price:99.96001%
2021-07-29 14:36:44,764 Checking the condition, current price:99.96001%
2021-07-29 14:36:45,617 Checking the condition, current price:99.96001%
2021-07-29 14:36:46,487 Checking the condition, current price:99.96001%
2021-07-29 14:36:47,371 Checking the condition, current price:99.96065%
2021-07-29 14:36:48,222 Checking the condition, current price:99.96065%
2021-07-29 14:36:49,725 Checking the condition, current price:99.96065%
2021-07-29 14:36:50,604 Checking the condition, current price:99.96772%
2021-07-29 14:36:51,488 Checking the condition, current price:99.96772%
2021-07-29 14:36:52,373 Checking the condition, current price:99.96772%
2021-07-29 14:36:53,263 Checking the condition, current price:99.97161%
2021-07-29 14:36:54,157 Checking the condition, current price:99.97161%
2021-07-29 14:36:54,890 Checking the condition, current price:99.97161%
2021-07-29 14:36:55,769 Checking the condition, current price:99.97212%
2021-07-29 14:36:56,659 Checking the condition, current price:99.97212%
2021-07-29 14:36:57,528 Checking the condition, current price:99.97212%
2021-07-29 14:36:58,419 Checking the condition, current price:99.97212%
2021-07-29 14:36:59,318 Checking the condition, current price:99.97215%
2021-07-29 14:37:00,194 Checking the condition, current price:99.97215%
2021-07-29 14:37:01,074 Checking the condition, current price:99.97215%
2021-07-29 14:37:01,966 Checking the condition, current price:99.97227%
2021-07-29 14:37:02,855 Checking the condition, current price:99.97227%
2021-07-29 14:37:03,769 Checking the condition, current price:99.97227%
2021-07-29 14:37:04,656 Checking the condition, current price:99.97227%
2021-07-29 14:37:05,429 Checking the condition, current price:99.97212%
2021-07-29 14:37:06,375 Checking the condition, current price:99.97212%
2021-07-29 14:37:07,879 Checking the condition, current price:99.97212%
2021-07-29 14:37:08,763 Checking the condition, current price:99.97248%
2021-07-29 14:37:09,629 Checking the condition, current price:99.97248%
2021-07-29 14:37:10,505 Checking the condition, current price:99.97248%
2021-07-29 14:37:11,401 Checking the condition, current price:99.97194%
2021-07-29 14:37:12,296 Checking the condition, current price:99.97194%
2021-07-29 14:37:13,177 Checking the condition, current price:99.97194%
2021-07-29 14:37:14,066 Checking the condition, current price:100.02017%
2021-07-29 14:37:14,974 Checking the condition, current price:100.02017%
2021-07-29 14:37:16,357 Checking the condition, current price:100.02017%
2021-07-29 14:37:17,274 Checking the condition, current price:100.02017%
2021-07-29 14:37:18,171 Checking the condition, current price:100.02068%
2021-07-29 14:37:19,048 Checking the condition, current price:100.02068%
2021-07-29 14:37:19,920 Checking the condition, current price:100.03965%
2021-07-29 14:37:20,806 Checking the condition, current price:100.03965%
2021-07-29 14:37:21,694 Checking the condition, current price:100.03965%
2021-07-29 14:37:22,584 Checking the condition, current price:100.03585%
2021-07-29 14:37:23,471 Checking the condition, current price:100.03585%
2021-07-29 14:37:24,400 Checking the condition, current price:100.03585%
2021-07-29 14:37:25,278 Checking the condition, current price:100.03585%
2021-07-29 14:37:26,159 Checking the condition, current price:100.0357%
2021-07-29 14:37:26,937 Checking the condition, current price:100.0357%
2021-07-29 14:37:27,833 Checking the condition, current price:100.0357%
2021-07-29 14:37:28,733 Checking the condition, current price:100.0357%
2021-07-29 14:37:29,638 Checking the condition, current price:100.0358%
2021-07-29 14:37:30,524 Checking the condition, current price:100.0358%
2021-07-29 14:37:32,037 Checking the condition, current price:100.0358%
2021-07-29 14:37:32,901 Checking the condition, current price:100.03759%
2021-07-29 14:37:33,762 Checking the condition, current price:100.03759%
2021-07-29 14:37:35,278 Checking the condition, current price:100.03759%
2021-07-29 14:37:36,153 Checking the condition, current price:100.03759%
2021-07-29 14:37:37,045 Checking the condition, current price:100.03947%
2021-07-29 14:37:37,861 Checking the condition, current price:100.03947%
2021-07-29 14:37:38,763 Checking the condition, current price:100.03947%
2021-07-29 14:37:39,648 Checking the condition, current price:100.03947%
2021-07-29 14:37:40,539 Checking the condition, current price:100.03947%
2021-07-29 14:37:41,435 Checking the condition, current price:100.03743%
2021-07-29 14:37:42,319 Checking the condition, current price:100.03743%
2021-07-29 14:37:43,217 Checking the condition, current price:100.03743%
2021-07-29 14:37:44,109 Checking the condition, current price:100.03925%
2021-07-29 14:37:45,008 Checking the condition, current price:100.03925%
2021-07-29 14:37:45,901 Checking the condition, current price:100.03925%
2021-07-29 14:37:46,794 Checking the condition, current price:100.03925%
2021-07-29 14:37:47,698 Checking the condition, current price:100.03761%
2021-07-29 14:37:48,467 Checking the condition, current price:100.03761%
2021-07-29 14:37:49,365 Checking the condition, current price:100.03761%
2021-07-29 14:37:50,285 Checking the condition, current price:100.04317%
2021-07-29 14:37:51,176 Checking the condition, current price:100.04317%
2021-07-29 14:37:52,063 Checking the condition, current price:100.04317%
2021-07-29 14:37:52,956 Checking the condition, current price:100.04317%
2021-07-29 14:37:53,841 Checking the condition, current price:100.04462%
2021-07-29 14:37:54,724 Checking the condition, current price:100.04462%
2021-07-29 14:37:55,604 Checking the condition, current price:100.04462%
2021-07-29 14:37:56,506 Checking the condition, current price:100.04497%
2021-07-29 14:37:57,455 Checking the condition, current price:100.04497%
2021-07-29 14:37:58,342 Checking the condition, current price:100.04497%
2021-07-29 14:37:59,069 Checking the condition, current price:100.09475%
2021-07-29 14:37:59,950 Checking the condition, current price:100.09475%
2021-07-29 14:38:00,870 Checking the condition, current price:100.09475%
2021-07-29 14:38:01,768 Checking the condition, current price:100.09475%
2021-07-29 14:38:02,658 Checking the condition, current price:100.09465%
2021-07-29 14:38:03,550 Checking the condition, current price:100.09465%
2021-07-29 14:38:04,445 Checking the condition, current price:100.09465%
2021-07-29 14:38:05,332 Checking the condition, current price:100.09465%
2021-07-29 14:38:06,228 Checking the condition, current price:100.0946%
2021-07-29 14:38:07,072 Checking the condition, current price:100.0946%
2021-07-29 14:38:07,962 Checking the condition, current price:100.09498%
2021-07-29 14:38:08,797 Checking the condition, current price:100.09498%
2021-07-29 14:38:09,648 Checking the condition, current price:100.09498%
2021-07-29 14:38:10,547 Checking the condition, current price:100.09498%
2021-07-29 14:38:11,453 Checking the condition, current price:100.09327%
2021-07-29 14:38:12,353 Checking the condition, current price:100.09327%
2021-07-29 14:38:13,242 Checking the condition, current price:100.09327%
2021-07-29 14:38:14,142 Checking the condition, current price:100.0922%
2021-07-29 14:38:15,023 Checking the condition, current price:100.0922%
2021-07-29 14:38:15,919 Checking the condition, current price:100.0922%
2021-07-29 14:38:16,812 Checking the condition, current price:100.0922%
2021-07-29 14:38:17,712 Checking the condition, current price:100.0922%
2021-07-29 14:38:18,591 Checking the condition, current price:100.0969%
2021-07-29 14:38:19,480 Checking the condition, current price:100.0969%
2021-07-29 14:38:20,371 Checking the condition, current price:100.0969%
2021-07-29 14:38:21,273 Checking the condition, current price:100.0969%
2021-07-29 14:38:22,163 Checking the condition, current price:100.0969%
2021-07-29 14:38:23,059 Checking the condition, current price:100.0975%
2021-07-29 14:38:23,951 Checking the condition, current price:100.0975%
2021-07-29 14:38:24,858 Checking the condition, current price:100.0975%
2021-07-29 14:38:26,386 Checking the condition, current price:100.0975%
2021-07-29 14:38:27,290 Checking the condition, current price:100.0975%
2021-07-29 14:38:28,183 Checking the condition, current price:100.0975%
2021-07-29 14:38:29,076 Checking the condition, current price:100.0975%
2021-07-29 14:38:29,906 Checking the condition, current price:100.0975%
2021-07-29 14:38:30,742 Checking the condition, current price:100.0975%
2021-07-29 14:38:31,639 Checking the condition, current price:100.09657%
2021-07-29 14:38:32,522 Checking the condition, current price:100.09657%
2021-07-29 14:38:33,403 Checking the condition, current price:100.09657%
2021-07-29 14:38:34,299 Checking the condition, current price:100.09657%
2021-07-29 14:38:35,168 Checking the condition, current price:100.10263%
2021-07-29 14:38:36,047 Checking the condition, current price:100.10263%
2021-07-29 14:38:36,944 Checking the condition, current price:100.10263%
2021-07-29 14:38:37,819 Checking the condition, current price:100.10263%
2021-07-29 14:38:38,692 Checking the condition, current price:100.10283%
2021-07-29 14:38:39,575 Checking the condition, current price:100.10283%
2021-07-29 14:38:40,304 Checking the condition, current price:100.10283%
2021-07-29 14:38:41,200 Checking the condition, current price:100.10306%
2021-07-29 14:38:42,074 Checking the condition, current price:100.10306%
2021-07-29 14:38:42,927 Checking the condition, current price:100.10306%
2021-07-29 14:38:43,827 Checking the condition, current price:100.10306%
2021-07-29 14:38:44,725 Checking the condition, current price:100.10306%
2021-07-29 14:38:45,593 Checking the condition, current price:100.10306%
2021-07-29 14:38:46,468 Checking the condition, current price:100.10327%
2021-07-29 14:38:47,352 Checking the condition, current price:100.10385%
2021-07-29 14:38:48,230 Checking the condition, current price:100.10385%
2021-07-29 14:38:49,716 Checking the condition, current price:100.10385%
2021-07-29 14:38:50,599 Checking the condition, current price:100.10433%
2021-07-29 14:38:51,340 Checking the condition, current price:100.10433%
2021-07-29 14:38:52,231 Checking the condition, current price:100.10433%
2021-07-29 14:38:53,116 Checking the condition, current price:100.10465%
2021-07-29 14:38:53,992 Checking the condition, current price:100.10465%
2021-07-29 14:38:54,879 Checking the condition, current price:100.10465%
2021-07-29 14:38:55,756 Checking the condition, current price:100.11049%
2021-07-29 14:38:56,637 Checking the condition, current price:100.11049%
2021-07-29 14:38:57,520 Checking the condition, current price:100.11049%
2021-07-29 14:38:59,045 Checking the condition, current price:100.11049%
2021-07-29 14:38:59,939 Checking the condition, current price:100.11129%
2021-07-29 14:39:00,820 Checking the condition, current price:100.11129%
2021-07-29 14:39:01,693 Checking the condition, current price:100.11047%
2021-07-29 14:39:02,606 Checking the condition, current price:100.11047%
2021-07-29 14:39:03,500 Checking the condition, current price:100.11047%
2021-07-29 14:39:04,387 Checking the condition, current price:100.11047%
2021-07-29 14:39:05,271 Checking the condition, current price:100.10998%
2021-07-29 14:39:06,163 Checking the condition, current price:100.10998%
2021-07-29 14:39:07,046 Checking the condition, current price:100.10998%
2021-07-29 14:39:07,940 Checking the condition, current price:100.10919%
2021-07-29 14:39:08,842 Checking the condition, current price:100.10919%
2021-07-29 14:39:09,730 Checking the condition, current price:100.10919%
2021-07-29 14:39:10,609 Checking the condition, current price:100.10919%
2021-07-29 14:39:11,489 Checking the condition, current price:100.10462%
2021-07-29 14:39:12,357 Checking the condition, current price:100.10462%
2021-07-29 14:39:13,165 Checking the condition, current price:100.10462%
2021-07-29 14:39:14,064 Checking the condition, current price:100.10389%
2021-07-29 14:39:14,941 Checking the condition, current price:100.10389%
2021-07-29 14:39:15,808 Checking the condition, current price:100.10389%
2021-07-29 14:39:16,681 Checking the condition, current price:100.10389%
2021-07-29 14:39:17,591 Checking the condition, current price:100.10389%
2021-07-29 14:39:18,454 Checking the condition, current price:100.10389%
2021-07-29 14:39:19,350 Checking the condition, current price:100.10389%
2021-07-29 14:39:20,245 Checking the condition, current price:100.09745%
2021-07-29 14:39:21,140 Checking the condition, current price:100.09745%
2021-07-29 14:39:22,025 Checking the condition, current price:100.09745%
2021-07-29 14:39:22,916 Checking the condition, current price:100.09748%
2021-07-29 14:39:23,714 Checking the condition, current price:100.09748%
2021-07-29 14:39:24,600 Checking the condition, current price:100.09748%
2021-07-29 14:39:25,481 Checking the condition, current price:100.09748%
2021-07-29 14:39:26,381 Checking the condition, current price:100.09798%
2021-07-29 14:39:27,898 Checking the condition, current price:100.09798%
2021-07-29 14:39:28,770 Checking the condition, current price:100.09798%
2021-07-29 14:39:29,663 Checking the condition, current price:100.09851%
2021-07-29 14:39:30,552 Checking the condition, current price:100.09851%
2021-07-29 14:39:31,460 Checking the condition, current price:100.09851%
2021-07-29 14:39:32,324 Checking the condition, current price:100.09851%
2021-07-29 14:39:33,209 Checking the condition, current price:100.09851%
2021-07-29 14:39:33,985 Checking the condition, current price:100.09851%
2021-07-29 14:39:34,858 Checking the condition, current price:100.16115%
2021-07-29 14:39:35,729 Checking the condition, current price:100.16115%
2021-07-29 14:39:36,620 Checking the condition, current price:100.16115%
2021-07-29 14:39:37,455 Checking the condition, current price:100.16115%
2021-07-29 14:39:38,331 Checking the condition, current price:100.16455%
2021-07-29 14:39:39,180 Checking the condition, current price:100.16455%
2021-07-29 14:39:40,024 Checking the condition, current price:100.16455%
2021-07-29 14:39:40,919 Checking the condition, current price:100.16468%
2021-07-29 14:39:41,768 Checking the condition, current price:100.16468%
2021-07-29 14:39:42,623 Checking the condition, current price:100.16468%
2021-07-29 14:39:43,509 Checking the condition, current price:100.16468%
2021-07-29 14:39:44,866 Checking the condition, current price:100.16473%
2021-07-29 14:39:45,754 Checking the condition, current price:100.16473%
2021-07-29 14:39:46,625 Checking the condition, current price:100.16473%
2021-07-29 14:39:47,505 Checking the condition, current price:100.16651%
2021-07-29 14:39:48,361 Checking the condition, current price:100.16651%
2021-07-29 14:39:49,166 Checking the condition, current price:100.16651%
2021-07-29 14:39:50,055 Checking the condition, current price:100.16647%
2021-07-29 14:39:50,894 Checking the condition, current price:100.16647%
2021-07-29 14:39:51,768 Checking the condition, current price:100.16647%
2021-07-29 14:39:52,900 Checking the condition, current price:100.16647%
2021-07-29 14:39:53,763 Checking the condition, current price:100.21145%
2021-07-29 14:39:54,672 Checking the condition, current price:100.21145%
2021-07-29 14:39:55,534 Checking the condition, current price:100.21145%
2021-07-29 14:39:56,424 Checking the condition, current price:100.2101%
2021-07-29 14:39:57,225 Checking the condition, current price:100.2101%
2021-07-29 14:39:58,125 Checking the condition, current price:100.2101%
2021-07-29 14:39:59,016 Checking the condition, current price:100.20229%
2021-07-29 14:40:00,506 Checking the condition, current price:100.20229%
2021-07-29 14:40:01,412 Checking the condition, current price:100.20229%
2021-07-29 14:40:02,270 Checking the condition, current price:100.20229%
2021-07-29 14:40:03,166 Checking the condition, current price:100.20229%
2021-07-29 14:40:04,041 Checking the condition, current price:100.20229%
2021-07-29 14:40:04,927 Checking the condition, current price:100.2047%
2021-07-29 14:40:05,783 Checking the condition, current price:100.2047%
2021-07-29 14:40:06,595 Checking the condition, current price:100.2047%
2021-07-29 14:40:07,390 Checking the condition, current price:100.2047%
2021-07-29 14:40:08,238 Checking the condition, current price:100.2047%
2021-07-29 14:40:09,125 Checking the condition, current price:100.23366%
2021-07-29 14:40:09,962 Checking the condition, current price:100.23366%
2021-07-29 14:40:10,846 Checking the condition, current price:100.23336%
2021-07-29 14:40:11,737 Checking the condition, current price:100.23336%
2021-07-29 14:40:12,621 Checking the condition, current price:100.23336%
2021-07-29 14:40:13,498 Checking the condition, current price:100.23336%
2021-07-29 14:40:14,395 Checking the condition, current price:100.23418%
2021-07-29 14:40:15,256 Checking the condition, current price:100.23418%
2021-07-29 14:40:16,076 Checking the condition, current price:100.23418%
2021-07-29 14:40:16,951 Checking the condition, current price:100.23368%
2021-07-29 14:40:17,833 Checking the condition, current price:100.23368%
2021-07-29 14:40:18,591 Checking the condition, current price:100.23368%
2021-07-29 14:40:19,484 Checking the condition, current price:100.23368%
2021-07-29 14:40:20,375 Checking the condition, current price:100.2356%
2021-07-29 14:40:21,239 Checking the condition, current price:100.2356%
2021-07-29 14:40:22,108 Checking the condition, current price:100.2356%
2021-07-29 14:40:22,963 Checking the condition, current price:100.23528%
2021-07-29 14:40:23,843 Checking the condition, current price:100.23528%
2021-07-29 14:40:24,751 Checking the condition, current price:100.23528%
2021-07-29 14:40:26,213 Checking the condition, current price:100.235%
2021-07-29 14:40:27,081 Checking the condition, current price:100.235%
2021-07-29 14:40:27,957 Checking the condition, current price:100.235%
2021-07-29 14:40:28,782 Checking the condition, current price:100.23506%
2021-07-29 14:40:29,578 Checking the condition, current price:100.23506%
2021-07-29 14:40:30,461 Checking the condition, current price:100.23506%
2021-07-29 14:40:31,345 Checking the condition, current price:100.23506%
2021-07-29 14:40:32,211 Checking the condition, current price:100.23568%
2021-07-29 14:40:33,131 Checking the condition, current price:100.23568%
2021-07-29 14:40:33,994 Checking the condition, current price:100.23568%
2021-07-29 14:40:34,828 Checking the condition, current price:100.23816%
2021-07-29 14:40:35,711 Checking the condition, current price:100.23816%
2021-07-29 14:40:36,574 Checking the condition, current price:100.23816%
2021-07-29 14:40:37,437 Checking the condition, current price:100.23816%
2021-07-29 14:40:38,315 Checking the condition, current price:100.23754%
2021-07-29 14:40:39,169 Checking the condition, current price:100.23754%
2021-07-29 14:40:39,893 Checking the condition, current price:100.23754%
2021-07-29 14:40:40,784 Checking the condition, current price:100.24296%
2021-07-29 14:40:41,663 Checking the condition, current price:100.24296%
2021-07-29 14:40:42,544 Checking the condition, current price:100.24296%
2021-07-29 14:40:43,422 Checking the condition, current price:100.24296%
2021-07-29 14:40:44,307 Checking the condition, current price:100.24359%
2021-07-29 14:40:45,188 Checking the condition, current price:100.24359%
2021-07-29 14:40:46,080 Checking the condition, current price:100.24359%
2021-07-29 14:40:46,963 Checking the condition, current price:100.24359%
2021-07-29 14:40:47,828 Checking the condition, current price:100.24528%
2021-07-29 14:40:48,717 Checking the condition, current price:100.24528%
2021-07-29 14:40:49,603 Checking the condition, current price:100.24528%
2021-07-29 14:40:50,325 Checking the condition, current price:100.24894%
2021-07-29 14:40:51,219 Checking the condition, current price:100.24894%
2021-07-29 14:40:52,119 Checking the condition, current price:100.24894%
2021-07-29 14:40:53,011 Checking the condition, current price:100.24894%
2021-07-29 14:40:53,923 Checking the condition, current price:100.24894%
2021-07-29 14:40:54,816 Checking the condition, current price:100.2496%
2021-07-29 14:40:55,768 Checking the condition, current price:100.24908%
2021-07-29 14:40:56,658 Checking the condition, current price:100.24908%
2021-07-29 14:40:57,553 Checking the condition, current price:100.24908%
2021-07-29 14:40:58,438 Checking the condition, current price:100.24908%
2021-07-29 14:40:59,458 Checking the condition, current price:100.24908%
2021-07-29 14:41:00,323 Checking the condition, current price:100.25079%
2021-07-29 14:41:01,090 Checking the condition, current price:100.25079%
2021-07-29 14:41:01,978 Checking the condition, current price:100.25079%
2021-07-29 14:41:02,862 Checking the condition, current price:100.25079%
2021-07-29 14:41:03,742 Checking the condition, current price:100.25079%
2021-07-29 14:41:04,629 Checking the condition, current price:100.25079%
2021-07-29 14:41:05,519 Checking the condition, current price:100.24993%
2021-07-29 14:41:06,410 Checking the condition, current price:100.24993%
2021-07-29 14:41:07,295 Checking the condition, current price:100.24993%
2021-07-29 14:41:08,191 Checking the condition, current price:100.25012%
2021-07-29 14:41:09,072 Checking the condition, current price:100.25012%
2021-07-29 14:41:09,967 Checking the condition, current price:100.25012%
2021-07-29 14:41:10,839 Checking the condition, current price:100.25012%
2021-07-29 14:41:11,569 Checking the condition, current price:100.25091%
2021-07-29 14:41:12,406 Checking the condition, current price:100.25091%
2021-07-29 14:41:13,244 Checking the condition, current price:100.25091%
2021-07-29 14:41:14,137 Checking the condition, current price:100.24892%
2021-07-29 14:41:14,975 Checking the condition, current price:100.24892%
2021-07-29 14:41:15,840 Checking the condition, current price:100.24892%
2021-07-29 14:41:16,735 Checking the condition, current price:100.24892%
2021-07-29 14:41:17,592 Checking the condition, current price:100.24905%
2021-07-29 14:41:18,482 Checking the condition, current price:100.24905%
2021-07-29 14:41:19,171 Start Sell
2021-07-29 14:41:19,172 Wait until transaction completed...
2021-07-29 14:41:19,345 Checking the condition, current price:100.24905%
2021-07-29 14:41:21,551 Sell transaction: 0x42555a587ba21a18231db99067ce1fa18833aae22aae01cbe88fadcf7ddfa6a8
2021-07-29 14:42:12,114 Sell transaction confirmed
2021-07-29 14:50:41,229 Stop Bot
