2021-07-13 11:08:45,049 Read Config Success
2021-07-13 11:08:47,531 Wallet Connected
2021-07-13 11:09:04,886 Start Bot
2021-07-13 11:15:06,303 Read Config Success
2021-07-13 11:15:08,164 Wallet Connected
2021-07-13 11:15:18,049 Token Address Invalid(example: 0xe9e7cea3dedca5984780bafc599bd69add087d56
2021-07-13 11:15:18,050 Please Input Buy Amount!
2021-07-13 11:15:57,318 Read Config Success
2021-07-13 11:15:59,836 Wallet Connected
2021-07-13 11:16:11,857 Token Address Invalid(example: 0xe9e7cea3dedca5984780bafc599bd69add087d56
2021-07-13 11:16:11,859 Please Input Buy Amount!
2021-07-13 11:42:29,887 Read Config Success
2021-07-13 11:42:32,655 Wallet Connected
2021-07-13 11:42:46,279 Token Address Invalid(example: 0xe9e7cea3dedca5984780bafc599bd69add087d56
2021-07-13 11:43:00,641 Token Address Wrong: Unknown format , attempted to normalize to 0x
2021-07-13 11:43:06,121 Token Address Wrong: Unknown format , attempted to normalize to 0x
2021-07-13 11:43:06,863 Token Address Wrong: Unknown format , attempted to normalize to 0x
2021-07-13 11:43:23,734 Token Address Wrong: Unknown format , attempted to normalize to 0x
2021-07-13 11:43:36,859 Read Config Success
2021-07-13 11:43:39,344 Wallet Connected
2021-07-13 11:43:59,386 Start Bot
2021-07-13 11:43:59,412 Stop Bot
2021-07-13 11:44:02,038 Start Bot
2021-07-13 11:44:02,055 Stop Bot
2021-07-13 11:44:04,737 Start Bot
2021-07-13 11:44:24,912 Stop Bot
2021-07-13 11:44:45,304 Read Config Success
2021-07-13 11:44:48,263 Wallet Connected
2021-07-13 11:45:54,012 Read Config Success
2021-07-13 11:45:56,714 Wallet Connected
2021-07-13 11:46:04,864 Token Address Invalid(example: 0xe9e7cea3dedca5984780bafc599bd69add087d56
2021-07-13 11:46:16,876 Token Address Wrong: Unknown format , attempted to normalize to 0x
2021-07-13 11:46:23,864 Read Config Success
2021-07-13 11:46:24,909 Wallet Connected
2021-07-13 11:46:33,537 Start Bot
2021-07-13 11:47:38,754 Read Config Success
2021-07-13 11:47:41,315 Wallet Connected
