2021-07-17 17:00:58,367 Read Config Success
2021-07-17 17:01:00,998 Wallet Connected
2021-07-17 17:01:03,062 Access Level Tier 3: Snipping,Max Speed:10, Auto Sells, Limit Sells, Limit Buys, Stop Loss
2021-07-17 17:01:13,500 Start Bot
2021-07-17 17:01:14,468 Checking the condition, current price:0.0%
2021-07-17 17:01:15,707 Checking the condition, current price:0.0%
2021-07-17 17:01:17,082 Checking the condition, current price:0.0%
2021-07-17 17:01:18,376 Checking the condition, current price:0.0%
2021-07-17 17:01:19,597 Checking the condition, current price:0.0%
2021-07-17 17:01:20,827 Checking the condition, current price:0.0%
2021-07-17 17:01:22,039 Checking the condition, current price:0.0%
2021-07-17 17:01:23,259 Checking the condition, current price:0.0%
2021-07-17 17:01:24,469 Checking the condition, current price:0.0%
2021-07-17 17:01:25,681 Checking the condition, current price:0.0%
2021-07-17 17:01:26,601 Stop Bot
2021-07-17 17:01:26,902 Checking the condition, current price:0.0%
2021-07-17 17:01:35,111 Read Config Success
2021-07-17 17:01:36,663 Wallet Connected
2021-07-17 17:01:39,026 Access Level Tier 3: Snipping,Max Speed:10, Auto Sells, Limit Sells, Limit Buys, Stop Loss
2021-07-17 17:01:55,912 Start Bot
2021-07-17 17:01:56,605 Checking the condition, current price:100.0%
2021-07-17 17:01:57,838 Checking the condition, current price:100.0%
2021-07-17 17:01:59,080 Checking the condition, current price:100.0%
2021-07-17 17:02:00,390 Checking the condition, current price:100.0%
2021-07-17 17:02:01,748 Checking the condition, current price:100.00031%
2021-07-17 17:02:03,056 Checking the condition, current price:100.00031%
2021-07-17 17:02:04,396 Checking the condition, current price:100.00032%
2021-07-17 17:02:05,643 Checking the condition, current price:100.00121%
2021-07-17 17:02:06,855 Checking the condition, current price:100.00121%
2021-07-17 17:02:08,070 Checking the condition, current price:100.00121%
2021-07-17 17:02:09,340 Checking the condition, current price:100.00102%
2021-07-17 17:02:10,692 Checking the condition, current price:100.00102%
2021-07-17 17:02:11,991 Checking the condition, current price:100.001%
2021-07-17 17:02:12,896 Stop Bot
2021-07-17 17:02:13,223 Checking the condition, current price:100.001%
2021-07-17 17:02:14,524 Checking the condition, current price:100.001%
2021-07-17 17:03:06,031 Read Config Success
2021-07-17 17:03:07,405 Wallet Connected
2021-07-17 17:03:09,557 Access Level Tier 3: Snipping,Max Speed:10, Auto Sells, Limit Sells, Limit Buys, Stop Loss
2021-07-17 17:03:23,936 Start Bot
2021-07-17 17:03:24,668 Start Price:0.00331BNB
2021-07-17 17:03:24,994 Checking the condition, current price:100.0%
2021-07-17 17:03:26,197 Checking the condition, current price:100.0%
2021-07-17 17:03:27,454 Checking the condition, current price:100.00229%
2021-07-17 17:03:28,654 Checking the condition, current price:100.00229%
2021-07-17 17:03:29,864 Checking the condition, current price:100.00229%
2021-07-17 17:03:31,071 Checking the condition, current price:100.00238%
2021-07-17 17:03:32,305 Checking the condition, current price:100.00238%
2021-07-17 17:03:33,518 Checking the condition, current price:100.00229%
2021-07-17 17:03:34,733 Checking the condition, current price:100.00232%
2021-07-17 17:03:35,971 Checking the condition, current price:100.00232%
2021-07-17 17:03:37,179 Checking the condition, current price:100.00232%
2021-07-17 17:03:38,395 Checking the condition, current price:100.00232%
2021-07-17 17:03:39,753 Checking the condition, current price:100.00204%
2021-07-17 17:03:41,093 Checking the condition, current price:100.00204%
2021-07-17 17:03:42,446 Checking the condition, current price:100.00204%
2021-07-17 17:03:43,586 Stop Bot
2021-07-17 17:03:43,849 Checking the condition, current price:100.00204%
2021-07-17 17:03:54,185 Read Config Success
2021-07-17 17:03:55,299 Wallet Connected
2021-07-17 17:03:57,408 Access Level Tier 3: Snipping,Max Speed:10, Auto Sells, Limit Sells, Limit Buys, Stop Loss
2021-07-17 17:04:11,558 Start Bot
2021-07-17 17:04:12,034 Start Price:0.003306857094BNB
2021-07-17 17:04:12,301 Checking the condition, current price:100.0%
2021-07-17 17:04:13,516 Checking the condition, current price:100.0%
2021-07-17 17:04:14,771 Checking the condition, current price:100.0%
2021-07-17 17:04:15,984 Checking the condition, current price:100.0%
2021-07-17 17:04:17,250 Checking the condition, current price:100.0%
2021-07-17 17:04:18,504 Checking the condition, current price:100.00001%
2021-07-17 17:04:19,797 Checking the condition, current price:100.00001%
2021-07-17 17:04:21,053 Checking the condition, current price:99.99992%
2021-07-17 17:04:22,432 Checking the condition, current price:99.99992%
2021-07-17 17:04:23,675 Checking the condition, current price:99.99992%
2021-07-17 17:04:24,907 Checking the condition, current price:99.99997%
2021-07-17 17:04:26,164 Checking the condition, current price:99.99997%
2021-07-17 17:04:27,414 Checking the condition, current price:99.9999%
2021-07-17 17:04:28,652 Checking the condition, current price:99.9999%
2021-07-17 17:04:29,441 Stop Bot
2021-07-17 17:04:29,968 Checking the condition, current price:99.99983%
2021-07-17 17:04:31,273 Checking the condition, current price:99.99983%
2021-07-17 17:04:32,487 Checking the condition, current price:99.99983%
2021-07-17 17:04:33,759 Checking the condition, current price:99.99923%
2021-07-17 17:04:35,134 Checking the condition, current price:99.99923%
2021-07-17 17:04:36,395 Checking the condition, current price:99.99908%
2021-07-17 17:04:37,613 Checking the condition, current price:99.99908%
2021-07-17 17:04:53,339 Read Config Success
2021-07-17 17:04:55,150 Wallet Connected
2021-07-17 17:04:57,657 Access Level Tier 3: Snipping,Max Speed:10, Auto Sells, Limit Sells, Limit Buys, Stop Loss
2021-07-17 17:06:03,803 Start Bot
2021-07-17 17:06:04,204 Start Price:0.003307209084BNB
2021-07-17 17:06:04,393 Checking the condition, current price:100.0%
2021-07-17 17:06:05,596 Checking the condition, current price:100.0%
2021-07-17 17:06:06,839 Checking the condition, current price:100.00007%
2021-07-17 17:06:08,043 Checking the condition, current price:100.00007%
2021-07-17 17:06:09,246 Checking the condition, current price:99.99987%
2021-07-17 17:06:10,445 Checking the condition, current price:99.99987%
2021-07-17 17:06:11,650 Checking the condition, current price:99.99987%
2021-07-17 17:06:12,863 Checking the condition, current price:99.99975%
2021-07-17 17:06:14,058 Checking the condition, current price:99.99975%
2021-07-17 17:06:15,271 Checking the condition, current price:100.00003%
2021-07-17 17:06:16,489 Checking the condition, current price:100.00003%
2021-07-17 17:06:17,699 Checking the condition, current price:100.00001%
2021-07-17 17:06:18,910 Checking the condition, current price:100.00001%
2021-07-17 17:06:20,131 Checking the condition, current price:100.00001%
2021-07-17 17:06:21,348 Checking the condition, current price:99.99951%
2021-07-17 17:06:21,817 Stop Bot
2021-07-17 17:06:27,505 Start Bot
2021-07-17 17:06:27,920 Start Price:0.003307191637BNB
2021-07-17 17:06:28,114 Checking the condition, current price:100.0%
2021-07-17 17:06:29,322 Checking the condition, current price:100.0%
2021-07-17 17:06:30,526 Checking the condition, current price:99.99979%
2021-07-17 17:06:31,732 Checking the condition, current price:99.99979%
2021-07-17 17:06:32,936 Checking the condition, current price:99.99978%
2021-07-17 17:06:34,171 Checking the condition, current price:99.99978%
2021-07-17 17:06:35,372 Checking the condition, current price:99.99978%
2021-07-17 17:06:36,594 Checking the condition, current price:99.99979%
2021-07-17 17:06:37,804 Checking the condition, current price:99.99979%
2021-07-17 17:06:39,038 Checking the condition, current price:99.9992%
2021-07-17 17:06:40,250 Checking the condition, current price:99.9992%
2021-07-17 17:06:41,456 Checking the condition, current price:99.9992%
2021-07-17 17:06:42,671 Checking the condition, current price:100.0026%
2021-07-17 17:06:43,875 Checking the condition, current price:100.0026%
2021-07-17 17:06:45,093 Checking the condition, current price:100.00269%
2021-07-17 17:06:46,311 Checking the condition, current price:100.00269%
2021-07-17 17:06:47,515 Checking the condition, current price:100.00269%
2021-07-17 17:06:48,724 Checking the condition, current price:100.00181%
2021-07-17 17:06:49,926 Checking the condition, current price:100.00181%
2021-07-17 17:06:51,152 Checking the condition, current price:100.00181%
2021-07-17 17:06:52,348 Checking the condition, current price:100.00181%
2021-07-17 17:06:53,567 Checking the condition, current price:100.00182%
2021-07-17 17:06:54,781 Checking the condition, current price:100.00207%
2021-07-17 17:06:55,040 Stop Bot
2021-07-17 17:10:14,748 Read Config Success
2021-07-17 17:10:16,535 Wallet Connected
2021-07-17 17:11:05,120 Read Config Success
2021-07-17 17:11:06,440 Wallet Connected
2021-07-17 17:11:08,344 Access Level Tier 3: Snipping,Max Speed:10, Auto Sells, Limit Sells, Limit Buys, Stop Loss
2021-07-17 17:11:45,804 Read Config Success
2021-07-17 17:11:47,487 Wallet Connected
2021-07-17 17:11:49,001 Access Level Tier 3: Snipping,Max Speed:10, Auto Sells, Limit Sells, Limit Buys, Stop Loss
2021-07-17 17:12:47,406 Read Config Success
2021-07-17 17:12:49,820 Wallet Connected
2021-07-17 17:12:50,621 Access Level Tier 3: Snipping,Max Speed:10, Auto Sells, Limit Sells, Limit Buys, Stop Loss
2021-07-17 17:13:58,057 Read Config Success
2021-07-17 17:14:00,034 Wallet Connected
2021-07-17 17:14:01,690 Access Level Tier 3: Snipping,Max Speed:10, Auto Sells, Limit Sells, Limit Buys, Stop Loss
2021-07-17 17:14:14,879 Start Bot
2021-07-17 17:14:15,354 Start Price:0.003307112976BNB
2021-07-17 17:14:15,574 Checking the condition, current price:100.0%
2021-07-17 17:14:16,828 Checking the condition, current price:100.0%
2021-07-17 17:14:18,149 Checking the condition, current price:100.0%
2021-07-17 17:14:19,501 Checking the condition, current price:99.99955%
2021-07-17 17:14:20,815 Checking the condition, current price:99.99955%
2021-07-17 17:14:22,095 Checking the condition, current price:100.00021%
2021-07-17 17:14:23,383 Checking the condition, current price:100.00021%
2021-07-17 17:14:24,702 Checking the condition, current price:100.00057%
2021-07-17 17:14:26,000 Checking the condition, current price:100.00057%
2021-07-17 17:14:27,277 Checking the condition, current price:99.99926%
2021-07-17 17:14:28,704 Checking the condition, current price:99.99926%
2021-07-17 17:14:30,057 Checking the condition, current price:99.9981%
2021-07-17 17:14:31,337 Checking the condition, current price:99.9981%
2021-07-17 17:14:32,572 Checking the condition, current price:99.9981%
2021-07-17 17:14:33,814 Checking the condition, current price:100.01696%
2021-07-17 17:14:35,105 Checking the condition, current price:100.01696%
2021-07-17 17:14:36,444 Checking the condition, current price:100.01696%
2021-07-17 17:14:37,757 Checking the condition, current price:100.01696%
2021-07-17 17:14:39,081 Checking the condition, current price:100.0172%
2021-07-17 17:14:40,388 Checking the condition, current price:100.0172%
2021-07-17 17:14:41,777 Checking the condition, current price:100.0172%
2021-07-17 17:14:43,006 Checking the condition, current price:100.0172%
2021-07-17 17:14:43,320 Start Sell
2021-07-17 17:14:43,322 Wait until transaction completed...
2021-07-17 17:14:44,666 Sell transaction: 0x0a04f17c39f7400efdd7ba4501e4295e7c0017f7ea2569ae11fd43ce61b19eb1
2021-07-17 17:14:44,708 Checking the condition, current price:100.0172%
2021-07-17 17:14:45,966 Checking the condition, current price:100.01728%
2021-07-17 17:14:47,212 Checking the condition, current price:100.01728%
2021-07-17 17:14:48,483 Checking the condition, current price:100.01724%
2021-07-17 17:14:49,760 Checking the condition, current price:100.01724%
2021-07-17 17:14:51,111 Checking the condition, current price:100.01593%
2021-07-17 17:14:51,568 Sell transaction confirmed
2021-07-17 17:14:52,580 Checking the condition, current price:100.01593%
2021-07-17 17:14:53,824 Checking the condition, current price:100.01593%
2021-07-17 17:14:55,160 Checking the condition, current price:100.02181%
2021-07-17 17:14:56,518 Checking the condition, current price:100.02181%
2021-07-17 17:14:57,789 Checking the condition, current price:100.02181%
2021-07-17 17:14:59,057 Checking the condition, current price:100.02181%
2021-07-17 17:15:00,192 Stop Bot
2021-07-17 17:15:00,331 Checking the condition, current price:100.02118%
2021-07-17 17:17:23,265 Read Config Success
2021-07-17 17:17:24,953 Wallet Connected
2021-07-17 17:17:26,545 Access Level Tier 3: Snipping,Max Speed:10, Auto Sells, Limit Sells, Limit Buys, Stop Loss
2021-07-17 17:27:07,983 Read Config Success
2021-07-17 17:27:10,239 Wallet Connected
2021-07-17 17:27:12,639 Access Level Tier 3: Snipping,Max Speed:10, Auto Sells, Limit Sells, Limit Buys, Stop Loss
2021-07-17 17:27:28,791 Please Input Buy Amount!
2021-07-17 17:27:34,690 Start Bot
2021-07-17 17:27:35,384 Start Price:0.00331000346BNB
2021-07-17 17:27:35,722 Checking the condition, current price:99.99998%
2021-07-17 17:27:37,044 Checking the condition, current price:99.99998%
2021-07-17 17:27:38,373 Checking the condition, current price:99.99998%
2021-07-17 17:27:39,236 Buy transaction: 0xa2f6cd5e8feb84802b43bf70138d39035ad22a07c8b3ee2efd04220f1436ffef
2021-07-17 17:27:49,313 Buy transaction confirmed
2021-07-17 17:27:49,316 Waiting Sell Moment....
2021-07-17 17:27:49,321 Checking the condition, current price:100.0%
2021-07-17 17:27:49,322 Start Sell
2021-07-17 17:27:49,324 Wait until transaction completed...
2021-07-17 17:27:50,575 Sell transaction: 0xfe45ec4ff1f0c9d8267de5dab2ab57bdf963d51c6381222e7254066e2ffaf01d
2021-07-17 17:27:58,250 Sell transaction confirmed
2021-07-17 17:28:04,482 Stop Bot
2021-07-17 17:36:02,465 Read Config Success
2021-07-17 17:36:04,088 Wallet Connected
2021-07-17 17:36:06,110 Access Level Tier 3: Snipping,Max Speed:10, Auto Sells, Limit Sells, Limit Buys, Stop Loss
2021-07-17 17:38:37,130 Read Config Success
2021-07-17 17:38:38,367 Wallet Connected
2021-07-17 17:38:39,596 Access Level Tier 3: Snipping,Max Speed:10, Auto Sells, Limit Sells, Limit Buys, Stop Loss
2021-07-17 17:38:52,076 Start Bot
2021-07-17 17:38:52,496 Start Price:0.003309183784BNB
2021-07-17 17:38:52,691 Checking the condition, current price:100.0%
2021-07-17 17:38:53,885 Checking the condition, current price:99.99746%
2021-07-17 17:38:55,088 Checking the condition, current price:99.99746%
2021-07-17 17:38:55,937 Buy transaction: 0x65539586ec2d0422ea891a1b56730e70de14471baf38f0e4640419add7a7488a
2021-07-17 17:39:01,937 Buy transaction confirmed
2021-07-17 17:39:02,926 Waiting Sell Moment....
2021-07-17 17:39:03,204 Checking the condition, current price:100.0%
2021-07-17 17:39:03,938 Checking the condition, current price:99.99968%
2021-07-17 17:39:04,814 Checking the condition, current price:99.99968%
2021-07-17 17:39:05,610 Checking the condition, current price:99.99968%
2021-07-17 17:39:06,439 Checking the condition, current price:99.99951%
2021-07-17 17:39:07,224 Checking the condition, current price:99.99951%
2021-07-17 17:39:08,045 Checking the condition, current price:99.99951%
2021-07-17 17:39:08,932 Checking the condition, current price:99.99951%
2021-07-17 17:39:09,748 Checking the condition, current price:99.99928%
2021-07-17 17:39:10,475 Checking the condition, current price:99.99928%
2021-07-17 17:39:11,256 Checking the condition, current price:99.99928%
2021-07-17 17:39:12,089 Checking the condition, current price:99.99928%
2021-07-17 17:39:13,001 Checking the condition, current price:99.99927%
2021-07-17 17:39:13,836 Checking the condition, current price:99.99927%
2021-07-17 17:39:14,726 Checking the condition, current price:99.99927%
2021-07-17 17:39:15,476 Checking the condition, current price:99.99554%
2021-07-17 17:39:16,195 Checking the condition, current price:99.99554%
2021-07-17 17:39:16,904 Checking the condition, current price:99.99554%
2021-07-17 17:39:17,613 Checking the condition, current price:99.99554%
2021-07-17 17:39:18,351 Checking the condition, current price:99.99552%
2021-07-17 17:39:19,053 Checking the condition, current price:99.99552%
2021-07-17 17:39:19,756 Checking the condition, current price:99.99552%
2021-07-17 17:39:20,287 Start Sell
2021-07-17 17:39:20,288 Wait until transaction completed...
2021-07-17 17:39:20,465 Checking the condition, current price:99.99552%
2021-07-17 17:39:21,552 Sell transaction: 0x7c675b5d7436504731d8fe5efe76a35c1599829f30a20082c4ebb22629f03788
2021-07-17 17:39:28,342 Sell transaction confirmed
2021-07-17 17:40:00,673 Stop Bot
2021-07-17 17:48:24,221 Read Config Success
2021-07-17 17:48:25,445 Wallet Connected
2021-07-17 17:48:26,939 Access Level Tier 3: Snipping,Max Speed:10, Auto Sells, Limit Sells, Limit Buys, Stop Loss
2021-07-17 17:48:38,751 Start Bot
2021-07-17 17:49:14,704 Read Config Success
2021-07-17 17:49:15,772 Wallet Connected
2021-07-17 17:49:17,168 Access Level Tier 3: Snipping,Max Speed:10, Auto Sells, Limit Sells, Limit Buys, Stop Loss
2021-07-17 17:49:26,670 Start Bot
2021-07-17 17:49:27,059 Start Price:0.003309891326BNB
2021-07-17 17:49:27,258 Checking the condition, current price:100.0%
2021-07-17 17:49:28,512 Checking the condition, current price:100.0%
2021-07-17 17:49:29,782 Checking the condition, current price:100.0%
2021-07-17 17:49:31,094 Checking the condition, current price:100.00001%
2021-07-17 17:49:32,303 Stop Bot
2021-07-17 17:49:32,656 Checking the condition, current price:100.00001%
2021-07-17 17:51:11,909 Read Config Success
2021-07-17 17:51:13,846 Wallet Connected
2021-07-17 17:51:17,824 Access Level Tier 3: Snipping,Max Speed:10, Auto Sells, Limit Sells, Limit Buys, Stop Loss
2021-07-17 17:51:29,381 Start Bot
2021-07-17 17:51:29,794 Start Price:0.003311527708BNB
2021-07-17 17:51:30,025 Checking the condition, current price:100.0%
2021-07-17 17:51:31,232 Checking the condition, current price:100.0%
2021-07-17 17:51:32,455 Checking the condition, current price:100.0%
2021-07-17 17:51:33,675 Checking the condition, current price:99.99994%
2021-07-17 17:51:33,984 Stop Bot
