2021-07-17 11:35:51,971 Read Config Success
2021-07-17 11:35:54,356 Wallet Connected
2021-07-17 11:35:55,505 Access Level Tier 3: Snipping,Max Speed:10, Auto Sells, Limit Sells, Limit Buys, Stop Loss
2021-07-17 11:48:40,980 Read Config Success
2021-07-17 11:48:42,475 Wallet Connected
2021-07-17 11:48:43,640 Access Level Tier 3: Snipping,Max Speed:10, Auto Sells, Limit Sells, Limit Buys, Stop Loss
2021-07-17 11:51:05,110 Read Config Success
2021-07-17 11:51:06,660 Wallet Connected
2021-07-17 11:51:08,897 Access Level Tier 3: Snipping,Max Speed:10, Auto Sells, Limit Sells, Limit Buys, Stop Loss
2021-07-17 11:52:03,972 Read Config Success
2021-07-17 11:52:05,113 Wallet Connected
2021-07-17 11:52:07,189 Access Level Tier 3: Snipping,Max Speed:10, Auto Sells, Limit Sells, Limit Buys, Stop Loss
2021-07-17 11:52:17,199 Please Input Buy Amount!
2021-07-17 11:52:24,012 Start Bot
2021-07-17 11:53:05,142 Read Config Success
2021-07-17 11:53:06,773 Wallet Connected
2021-07-17 11:53:08,937 Access Level Tier 3: Snipping,Max Speed:10, Auto Sells, Limit Sells, Limit Buys, Stop Loss
2021-07-17 11:53:16,586 Please Input Buy Amount!
2021-07-17 11:53:22,445 Start Bot
2021-07-17 11:53:35,756 Waiting Until Buy Confirm
2021-07-17 11:53:36,129 Buy transaction: 0xd73b9103721851b6fa7dec4274341fb480156c556b5e902d6f0e6162945d514e
2021-07-17 11:53:42,735 Buy transaction confirmed
2021-07-17 11:53:42,749 Waiting Sell Moment....
2021-07-17 11:53:42,966 Checking the condition, current price:100.0%
2021-07-17 11:53:42,968 Start Sell
2021-07-17 11:53:42,969 Wait until transaction completed...
2021-07-17 11:53:44,553 Sell transaction: 0x4c986d07f55dc2b14f6aa96e4658ef1dd0354fb202303cb643d8effd106c4491
2021-07-17 11:53:52,256 Sell transaction confirmed
2021-07-17 11:53:53,467 Waiting Until Buy Confirm
2021-07-17 11:53:53,759 Buy error: {'code': -32000, 'message': 'nonce too low'}
2021-07-17 11:53:53,759 Retry ...
2021-07-17 11:54:04,378 Stop Bot
2021-07-17 11:56:17,122 Start Bot
2021-07-17 11:56:17,886 Waiting Until Buy Confirm
2021-07-17 11:56:18,351 Buy transaction: 0x44ad3b21dab3391d6403cfd43e653cbec9b655b61075d3309521bca5783a64b1
2021-07-17 11:56:19,417 Stop Bot
2021-07-17 11:56:25,017 Buy transaction confirmed
2021-07-17 11:56:25,021 Waiting Sell Moment....
2021-07-17 11:56:26,305 Waiting Until Buy Confirm
2021-07-17 11:56:26,736 Buy error: {'code': -32000, 'message': 'nonce too low'}
2021-07-17 11:56:26,737 Retry ...
