2021-07-11 02:19:06,022 Read Config Success
2021-07-11 02:19:07,694 Wallet Connected
2021-07-11 02:19:14,359 Please Input Buy Amount!
2021-07-11 02:19:24,843 Start Bot
2021-07-11 02:19:57,821 Read Config Success
2021-07-11 02:20:00,543 Wallet Connected
2021-07-11 02:20:07,030 Please Input Buy Amount!
2021-07-11 02:20:19,667 Start Bot
2021-07-11 02:20:30,421 Wait until transaction completed...
2021-07-11 02:20:30,427 Buy transaction: 0x6b3b6a18cf2dd7f1c87ac1d4b52ea596136f6ec9924ebd421c95c00a8ce3056b
2021-07-11 02:20:39,965 Buy transaction confirmed
2021-07-11 02:20:40,265 Checking the condition, current price:0.0031454, buy price:0.0031454
2021-07-11 02:20:40,572 Checking the condition, current price:0.0031454, buy price:0.0031454
2021-07-11 02:20:40,913 Checking the condition, current price:0.0031454, buy price:0.0031454
2021-07-11 02:20:41,258 Checking the condition, current price:0.0031454, buy price:0.0031454
2021-07-11 02:20:41,580 Checking the condition, current price:0.0031454, buy price:0.0031454
2021-07-11 02:20:41,909 Checking the condition, current price:0.0031454, buy price:0.0031454
2021-07-11 02:20:42,245 Checking the condition, current price:0.0031454, buy price:0.0031454
2021-07-11 02:20:42,581 Checking the condition, current price:0.0031454, buy price:0.0031454
2021-07-11 02:20:43,021 Checking the condition, current price:0.0031454, buy price:0.0031454
2021-07-11 02:20:43,865 Checking the condition, current price:0.0031454, buy price:0.0031454
2021-07-11 02:20:44,687 Checking the condition, current price:0.0031454, buy price:0.0031454
2021-07-11 02:20:45,398 Checking the condition, current price:0.0031454, buy price:0.0031454
2021-07-11 02:20:46,076 Checking the condition, current price:0.0031454, buy price:0.0031454
2021-07-11 02:20:46,944 Checking the condition, current price:0.0031454, buy price:0.0031454
2021-07-11 02:20:47,644 Checking the condition, current price:0.0031454, buy price:0.0031454
2021-07-11 02:20:48,451 Checking the condition, current price:0.0031454, buy price:0.0031454
2021-07-11 02:20:49,294 Checking the condition, current price:0.0031454, buy price:0.0031454
2021-07-11 02:20:50,030 Checking the condition, current price:0.0031454, buy price:0.0031454
2021-07-11 02:20:50,938 Checking the condition, current price:0.0031454, buy price:0.0031454
2021-07-11 02:20:52,235 Checking the condition, current price:0.0031454, buy price:0.0031454
2021-07-11 02:20:52,970 Checking the condition, current price:0.0031454, buy price:0.0031454
2021-07-11 02:20:53,829 Checking the condition, current price:0.0031454, buy price:0.0031454
2021-07-11 02:20:54,693 Checking the condition, current price:0.0031454, buy price:0.0031454
2021-07-11 02:20:55,516 Checking the condition, current price:0.0031454, buy price:0.0031454
2021-07-11 02:20:56,289 Checking the condition, current price:0.0031454, buy price:0.0031454
2021-07-11 02:20:57,069 Checking the condition, current price:0.0031454, buy price:0.0031454
2021-07-11 02:20:57,969 Checking the condition, current price:0.0031454, buy price:0.0031454
2021-07-11 02:20:58,769 Checking the condition, current price:0.0031454, buy price:0.0031454
2021-07-11 02:20:59,626 Checking the condition, current price:0.0031454, buy price:0.0031454
2021-07-11 02:20:59,636 Start Sell
2021-07-11 02:20:59,640 Sell Amount is bigger than balance, set to max..
2021-07-11 02:20:59,641 Wait until transaction completed...
2021-07-11 02:21:01,179 Sell transaction: 0x35f598cafc086c782e7b662f0300d472a3996a1dd8dd5323eacda8e288104a03
2021-07-11 02:21:07,039 Sell transaction confirmed
2021-07-11 02:21:10,655 Stop Bot
2021-07-11 02:21:21,356 Start Bot
2021-07-11 02:21:21,745 Waiting liquidity to be added
2021-07-11 02:21:46,903 Liquidity Added : 0xd179c97923596a996029150f63260b5d7fc142cac5ae0389170a373bb0f6559c
2021-07-11 02:21:46,904 Start Buy
2021-07-11 02:21:47,442 Wait until transaction completed...
2021-07-11 02:21:47,445 Buy transaction: 0x121dd393859f1ca1b3c1b9fa16198c1dc9675dc5dd6739067ff2d235ff657ae5
2021-07-11 02:21:58,996 Buy transaction confirmed
2021-07-11 02:21:59,215 Checking the condition, current price:0.00314646, buy price:0.00314633
2021-07-11 02:21:59,499 Checking the condition, current price:0.00314646, buy price:0.00314633
2021-07-11 02:21:59,825 Checking the condition, current price:0.00314646, buy price:0.00314633
2021-07-11 02:22:00,189 Checking the condition, current price:0.00314646, buy price:0.00314633
2021-07-11 02:22:00,898 Checking the condition, current price:0.00314646, buy price:0.00314633
2021-07-11 02:22:01,761 Checking the condition, current price:0.00314647, buy price:0.00314633
2021-07-11 02:22:02,689 Checking the condition, current price:0.00314647, buy price:0.00314633
2021-07-11 02:22:03,488 Checking the condition, current price:0.00314647, buy price:0.00314633
2021-07-11 02:22:04,442 Checking the condition, current price:0.00314647, buy price:0.00314633
2021-07-11 02:22:04,449 Start Sell
2021-07-11 02:22:04,451 Insufficient Funds
2021-07-11 02:22:05,209 Checking the condition, current price:0.00314647, buy price:0.00314633
2021-07-11 02:22:05,850 Checking the condition, current price:0.00314647, buy price:0.00314633
2021-07-11 02:22:06,679 Checking the condition, current price:0.00314647, buy price:0.00314633
2021-07-11 02:22:07,631 Checking the condition, current price:0.00314647, buy price:0.00314633
2021-07-11 02:22:08,129 Start Sell
2021-07-11 02:22:08,129 Insufficient Funds
2021-07-11 02:22:08,448 Checking the condition, current price:0.00314647, buy price:0.00314633
2021-07-11 02:22:09,050 Checking the condition, current price:0.00314647, buy price:0.00314633
2021-07-11 02:22:09,772 Checking the condition, current price:0.00314647, buy price:0.00314633
2021-07-11 02:22:10,475 Checking the condition, current price:0.00314645, buy price:0.00314633
2021-07-11 02:22:11,206 Checking the condition, current price:0.00314645, buy price:0.00314633
2021-07-11 02:22:11,953 Checking the condition, current price:0.00314645, buy price:0.00314633
2021-07-11 02:22:12,721 Checking the condition, current price:0.00314645, buy price:0.00314633
2021-07-11 02:22:13,562 Checking the condition, current price:0.00314645, buy price:0.00314633
2021-07-11 02:22:14,316 Checking the condition, current price:0.00314645, buy price:0.00314633
2021-07-11 02:22:14,663 Start Sell
2021-07-11 02:22:14,664 Insufficient Funds
2021-07-11 02:22:15,161 Checking the condition, current price:0.00314645, buy price:0.00314633
2021-07-11 02:22:16,008 Checking the condition, current price:0.00314645, buy price:0.00314633
2021-07-11 02:22:16,875 Checking the condition, current price:0.00314645, buy price:0.00314633
2021-07-11 02:22:17,763 Checking the condition, current price:0.00314645, buy price:0.00314633
2021-07-11 02:22:17,767 Start Sell
2021-07-11 02:22:17,768 Insufficient Funds
2021-07-11 02:22:18,568 Checking the condition, current price:0.00314645, buy price:0.00314633
2021-07-11 02:22:19,472 Checking the condition, current price:0.00314645, buy price:0.00314633
2021-07-11 02:22:20,287 Checking the condition, current price:0.00314645, buy price:0.00314633
2021-07-11 02:22:21,047 Checking the condition, current price:0.00314645, buy price:0.00314633
2021-07-11 02:22:22,021 Checking the condition, current price:0.00314645, buy price:0.00314633
2021-07-11 02:22:22,743 Checking the condition, current price:0.00314643, buy price:0.00314633
2021-07-11 02:22:23,682 Checking the condition, current price:0.00314643, buy price:0.00314633
2021-07-11 02:22:24,542 Checking the condition, current price:0.00314643, buy price:0.00314633
2021-07-11 02:22:25,325 Checking the condition, current price:0.00314643, buy price:0.00314633
2021-07-11 02:22:26,247 Checking the condition, current price:0.00314643, buy price:0.00314633
2021-07-11 02:22:27,099 Checking the condition, current price:0.00314643, buy price:0.00314633
2021-07-11 02:22:27,977 Checking the condition, current price:0.00314643, buy price:0.00314633
2021-07-11 02:22:28,787 Checking the condition, current price:0.00314643, buy price:0.00314633
2021-07-11 02:22:29,535 Checking the condition, current price:0.00314643, buy price:0.00314633
2021-07-11 02:22:30,326 Checking the condition, current price:0.00314643, buy price:0.00314633
2021-07-11 02:22:31,143 Checking the condition, current price:0.00314643, buy price:0.00314633
2021-07-11 02:22:32,000 Checking the condition, current price:0.00314643, buy price:0.00314633
2021-07-11 02:22:32,942 Checking the condition, current price:0.00314643, buy price:0.00314633
2021-07-11 02:22:33,547 Checking the condition, current price:0.00314643, buy price:0.00314633
2021-07-11 02:22:34,473 Checking the condition, current price:0.00314643, buy price:0.00314633
2021-07-11 02:22:35,434 Checking the condition, current price:0.00314643, buy price:0.00314633
2021-07-11 02:22:36,122 Checking the condition, current price:0.00314643, buy price:0.00314633
2021-07-11 02:22:36,712 Start Sell
2021-07-11 02:22:36,713 Insufficient Funds
2021-07-11 02:22:37,128 Checking the condition, current price:0.00314643, buy price:0.00314633
2021-07-11 02:22:37,799 Checking the condition, current price:0.00314643, buy price:0.00314633
2021-07-11 02:22:38,760 Checking the condition, current price:0.00314643, buy price:0.00314633
2021-07-11 02:22:39,647 Checking the condition, current price:0.00314643, buy price:0.00314633
2021-07-11 02:22:40,371 Checking the condition, current price:0.00314645, buy price:0.00314633
2021-07-11 02:22:41,301 Checking the condition, current price:0.00314645, buy price:0.00314633
2021-07-11 02:22:42,210 Checking the condition, current price:0.00314645, buy price:0.00314633
2021-07-11 02:22:42,822 Checking the condition, current price:0.00314645, buy price:0.00314633
2021-07-11 02:22:43,929 Checking the condition, current price:0.00314645, buy price:0.00314633
2021-07-11 02:22:44,658 Checking the condition, current price:0.00314645, buy price:0.00314633
2021-07-11 02:22:45,462 Checking the condition, current price:0.00314645, buy price:0.00314633
2021-07-11 02:22:46,402 Checking the condition, current price:0.00314645, buy price:0.00314633
2021-07-11 02:22:47,179 Checking the condition, current price:0.00314645, buy price:0.00314633
2021-07-11 02:22:48,054 Checking the condition, current price:0.00314645, buy price:0.00314633
2021-07-11 02:22:48,686 Checking the condition, current price:0.00314645, buy price:0.00314633
2021-07-11 02:22:49,782 Checking the condition, current price:0.00314644, buy price:0.00314633
2021-07-11 02:22:50,320 Checking the condition, current price:0.00314644, buy price:0.00314633
2021-07-11 02:22:51,190 Checking the condition, current price:0.00314644, buy price:0.00314633
2021-07-11 02:22:51,903 Checking the condition, current price:0.00314644, buy price:0.00314633
2021-07-11 02:22:52,675 Checking the condition, current price:0.00314644, buy price:0.00314633
2021-07-11 02:22:53,520 Checking the condition, current price:0.00314644, buy price:0.00314633
2021-07-11 02:22:54,203 Checking the condition, current price:0.00314644, buy price:0.00314633
2021-07-11 02:22:54,979 Checking the condition, current price:0.00314645, buy price:0.00314633
2021-07-11 02:22:55,777 Checking the condition, current price:0.00314645, buy price:0.00314633
2021-07-11 02:22:56,616 Checking the condition, current price:0.00314645, buy price:0.00314633
2021-07-11 02:22:57,553 Checking the condition, current price:0.00314645, buy price:0.00314633
2021-07-11 02:22:58,278 Checking the condition, current price:0.00314645, buy price:0.00314633
2021-07-11 02:22:58,994 Checking the condition, current price:0.00314633, buy price:0.00314633
2021-07-11 02:22:59,666 Checking the condition, current price:0.00314633, buy price:0.00314633
2021-07-11 02:23:00,348 Checking the condition, current price:0.00314633, buy price:0.00314633
2021-07-11 02:23:01,070 Checking the condition, current price:0.00314632, buy price:0.00314633
2021-07-11 02:23:01,762 Checking the condition, current price:0.00314632, buy price:0.00314633
2021-07-11 02:23:02,491 Checking the condition, current price:0.00314632, buy price:0.00314633
2021-07-11 02:23:03,170 Checking the condition, current price:0.00314632, buy price:0.00314633
2021-07-11 02:23:03,888 Checking the condition, current price:0.00314632, buy price:0.00314633
2021-07-11 02:23:04,579 Checking the condition, current price:0.00314629, buy price:0.00314633
2021-07-11 02:23:05,290 Checking the condition, current price:0.00314629, buy price:0.00314633
2021-07-11 02:23:06,006 Checking the condition, current price:0.00314629, buy price:0.00314633
2021-07-11 02:23:06,704 Checking the condition, current price:0.00314629, buy price:0.00314633
2021-07-11 02:23:07,401 Checking the condition, current price:0.00314629, buy price:0.00314633
2021-07-11 02:23:08,145 Checking the condition, current price:0.00314629, buy price:0.00314633
2021-07-11 02:23:08,865 Checking the condition, current price:0.00314629, buy price:0.00314633
2021-07-11 02:23:09,579 Checking the condition, current price:0.00314629, buy price:0.00314633
2021-07-11 02:23:10,334 Checking the condition, current price:0.00314628, buy price:0.00314633
2021-07-11 02:23:11,020 Checking the condition, current price:0.00314628, buy price:0.00314633
2021-07-11 02:23:11,772 Checking the condition, current price:0.00314628, buy price:0.00314633
2021-07-11 02:23:12,702 Checking the condition, current price:0.00314628, buy price:0.00314633
2021-07-11 02:23:13,229 Checking the condition, current price:0.00314629, buy price:0.00314633
2021-07-11 02:23:13,960 Checking the condition, current price:0.00314629, buy price:0.00314633
2021-07-11 02:23:14,671 Checking the condition, current price:0.00314629, buy price:0.00314633
2021-07-11 02:23:15,403 Checking the condition, current price:0.00314629, buy price:0.00314633
2021-07-11 02:23:16,131 Checking the condition, current price:0.00314629, buy price:0.00314633
2021-07-11 02:23:16,813 Checking the condition, current price:0.00314629, buy price:0.00314633
2021-07-11 02:23:17,512 Checking the condition, current price:0.00314629, buy price:0.00314633
2021-07-11 02:23:18,223 Checking the condition, current price:0.00314629, buy price:0.00314633
2021-07-11 02:23:18,923 Checking the condition, current price:0.00314629, buy price:0.00314633
2021-07-11 02:23:19,647 Checking the condition, current price:0.00314629, buy price:0.00314633
2021-07-11 02:23:20,480 Checking the condition, current price:0.00314629, buy price:0.00314633
2021-07-11 02:23:21,358 Checking the condition, current price:0.00314629, buy price:0.00314633
2021-07-11 02:23:21,968 Checking the condition, current price:0.00314629, buy price:0.00314633
2021-07-11 02:23:22,651 Checking the condition, current price:0.00314629, buy price:0.00314633
2021-07-11 02:23:23,362 Checking the condition, current price:0.00314629, buy price:0.00314633
2021-07-11 02:23:24,073 Checking the condition, current price:0.00314629, buy price:0.00314633
2021-07-11 02:23:24,764 Checking the condition, current price:0.00314629, buy price:0.00314633
2021-07-11 02:23:25,498 Checking the condition, current price:0.00314629, buy price:0.00314633
2021-07-11 02:23:26,201 Checking the condition, current price:0.00314629, buy price:0.00314633
2021-07-11 02:23:26,926 Checking the condition, current price:0.00314629, buy price:0.00314633
2021-07-11 02:23:27,612 Checking the condition, current price:0.00314629, buy price:0.00314633
2021-07-11 02:23:28,317 Checking the condition, current price:0.00314629, buy price:0.00314633
2021-07-11 02:23:29,005 Checking the condition, current price:0.00314629, buy price:0.00314633
2021-07-11 02:23:29,696 Checking the condition, current price:0.00314629, buy price:0.00314633
2021-07-11 02:23:30,437 Checking the condition, current price:0.00314629, buy price:0.00314633
2021-07-11 02:23:31,164 Checking the condition, current price:0.00314629, buy price:0.00314633
2021-07-11 02:23:31,876 Checking the condition, current price:0.00314629, buy price:0.00314633
2021-07-11 02:23:32,580 Checking the condition, current price:0.00314629, buy price:0.00314633
2021-07-11 02:23:33,270 Checking the condition, current price:0.00314629, buy price:0.00314633
2021-07-11 02:23:33,978 Checking the condition, current price:0.00314629, buy price:0.00314633
2021-07-11 02:23:34,697 Checking the condition, current price:0.0031463, buy price:0.00314633
2021-07-11 02:23:35,390 Checking the condition, current price:0.0031463, buy price:0.00314633
2021-07-11 02:23:36,119 Checking the condition, current price:0.0031463, buy price:0.00314633
2021-07-11 02:23:36,828 Checking the condition, current price:0.0031463, buy price:0.00314633
2021-07-11 02:23:37,541 Checking the condition, current price:0.00314636, buy price:0.00314633
2021-07-11 02:23:38,268 Checking the condition, current price:0.00314636, buy price:0.00314633
2021-07-11 02:23:38,983 Checking the condition, current price:0.00314636, buy price:0.00314633
2021-07-11 02:23:39,687 Checking the condition, current price:0.00314636, buy price:0.00314633
2021-07-11 02:23:40,399 Checking the condition, current price:0.00314637, buy price:0.00314633
2021-07-11 02:23:41,101 Checking the condition, current price:0.00314637, buy price:0.00314633
2021-07-11 02:23:41,798 Checking the condition, current price:0.00314637, buy price:0.00314633
2021-07-11 02:23:42,513 Checking the condition, current price:0.00314637, buy price:0.00314633
2021-07-11 02:23:43,245 Checking the condition, current price:0.00314637, buy price:0.00314633
2021-07-11 02:23:43,943 Checking the condition, current price:0.00314639, buy price:0.00314633
2021-07-11 02:23:44,636 Checking the condition, current price:0.00314639, buy price:0.00314633
2021-07-11 02:23:45,335 Checking the condition, current price:0.00314639, buy price:0.00314633
2021-07-11 02:23:46,034 Checking the condition, current price:0.00314639, buy price:0.00314633
2021-07-11 02:23:46,731 Checking the condition, current price:0.00314639, buy price:0.00314633
2021-07-11 02:23:47,441 Checking the condition, current price:0.00314639, buy price:0.00314633
2021-07-11 02:23:48,152 Checking the condition, current price:0.00314639, buy price:0.00314633
2021-07-11 02:23:48,835 Checking the condition, current price:0.00314639, buy price:0.00314633
2021-07-11 02:23:50,091 Checking the condition, current price:0.00314636, buy price:0.00314633
2021-07-11 02:23:50,327 Checking the condition, current price:0.00314636, buy price:0.00314633
2021-07-11 02:23:51,081 Checking the condition, current price:0.00314636, buy price:0.00314633
2021-07-11 02:23:52,467 Checking the condition, current price:0.00314636, buy price:0.00314633
2021-07-11 02:23:52,682 Checking the condition, current price:0.00314636, buy price:0.00314633
2021-07-11 02:23:53,196 Checking the condition, current price:0.00314636, buy price:0.00314633
2021-07-11 02:23:53,695 Start Sell
2021-07-11 02:23:53,696 Wait until transaction completed...
2021-07-11 02:23:53,897 Checking the condition, current price:0.00314636, buy price:0.00314633
2021-07-11 02:23:54,832 Sell transaction: 0x2367f66180c0f8055d37f6fbba0ed5401ed0650c2ff85af730ad99b9c176ecfa
2021-07-11 02:24:01,323 Sell transaction confirmed
2021-07-11 02:24:58,053 Start Sell
2021-07-11 02:24:58,054 Wait until transaction completed...
2021-07-11 02:24:59,101 Sell transaction: 0x764efdc3b317c951f290bde00764f897a0e252594d9d4bfbeeacf312737c01ef
2021-07-11 02:24:59,518 Sell transaction confirmed
2021-07-11 02:27:26,407 Stop Bot
2021-07-11 02:27:33,311 Start Bot
2021-07-11 02:27:34,337 Start Sell
2021-07-11 02:27:34,342 Wait until transaction completed...
2021-07-11 02:27:36,034 Sell transaction: 0x9365a75cbd2cbf1f30d1f5f6a536a934fde78fd58fad15885d76c0bf5cb73875
2021-07-11 02:27:40,571 Sell transaction confirmed
2021-07-11 02:28:05,495 Stop Bot
2021-07-11 02:28:15,860 Start Bot
2021-07-11 02:28:16,676 Start Sell
2021-07-11 02:28:16,678 Wait until transaction completed...
2021-07-11 02:28:18,204 Sell transaction: 0x186b8b19cc61f64d8d2f88c0bea007e72472891d180619cbfa386385a1996c26
2021-07-11 02:28:22,949 Sell transaction confirmed
2021-07-11 02:29:22,059 Start Sell
2021-07-11 02:29:22,060 Wait until transaction completed...
2021-07-11 02:29:23,489 Sell transaction: 0xd969efcb00ffe49abcb5b35e16f36c23286d3482ecb50b2be0babd6430fbcd61
2021-07-11 02:29:29,171 Sell transaction confirmed
2021-07-11 02:29:40,560 Stop Bot
2021-07-11 02:30:04,150 Read Config Success
2021-07-11 02:30:05,605 Wallet Connected
2021-07-11 02:46:58,613 Read Config Success
2021-07-11 02:47:01,220 Wallet Connected
2021-07-11 02:48:12,133 Read Config Success
2021-07-11 02:48:14,346 Wallet Connected
2021-07-11 02:49:01,671 Read Config Success
2021-07-11 02:49:03,150 Wallet Connected
2021-07-11 02:49:44,413 Read Config Success
2021-07-11 02:49:46,599 Wallet Connected
2021-07-11 02:51:18,411 Read Config Success
2021-07-11 02:51:20,615 Wallet Connected
2021-07-11 02:51:26,125 Please Input Buy Amount!
2021-07-11 02:52:38,002 Read Config Success
2021-07-11 02:52:39,646 Wallet Connected
2021-07-11 02:53:53,958 Read Config Success
2021-07-11 02:53:55,607 Wallet Connected
2021-07-11 02:54:03,648 Please Input Buy Amount!
2021-07-11 02:54:16,482 Start Bot
2021-07-11 02:55:00,768 Read Config Success
2021-07-11 02:55:05,303 Wallet Connected
2021-07-11 02:55:09,824 Please Input Buy Amount!
2021-07-11 02:55:29,721 Start Bot
2021-07-11 02:55:53,716 Read Config Success
2021-07-11 02:55:55,436 Wallet Connected
2021-07-11 02:55:59,596 Please Input Buy Amount!
2021-07-11 02:56:11,481 Please Input Buy Amount!
2021-07-11 02:56:59,156 Read Config Success
2021-07-11 02:57:00,787 Wallet Connected
