2021-07-12 08:03:32,492 Read Config Success
2021-07-12 08:03:34,195 Wallet Connected
2021-07-12 08:04:07,161 Read Config Success
2021-07-12 08:04:09,101 Wallet Connected
2021-07-12 08:06:00,252 Read Config Success
2021-07-12 08:06:01,693 Wallet Connected
2021-07-12 08:07:42,643 Read Config Success
2021-07-12 08:07:44,085 Wallet Connected
2021-07-12 08:08:37,457 Read Config Success
2021-07-12 08:08:38,954 Wallet Connected
2021-07-12 08:09:49,459 Read Config Success
2021-07-12 08:09:52,239 Wallet Connected
2021-07-12 08:17:33,101 Read Config Success
2021-07-12 08:17:34,470 Wallet Connected
2021-07-12 08:18:45,836 Read Config Success
2021-07-12 08:18:47,242 Wallet Connected
2021-07-12 08:18:49,771 Let's discuss in Skype
2021-07-12 08:18:49,772 My SkypeId- live:.cid.464fc6f7b3e73598
2021-07-12 08:18:49,773 Please connect me and Don't Mention about the skype in freelancer chat
2021-07-12 08:18:49,773 Please Input Buy Amount!
2021-07-12 08:18:52,042 Let's discuss in Skype
2021-07-12 08:18:52,042 My SkypeId- live:.cid.464fc6f7b3e73598
2021-07-12 08:18:52,043 Please connect me and Don't Mention about the skype in freelancer chat
2021-07-12 08:18:52,043 Please Input Buy Amount!
2021-07-12 08:19:44,922 Read Config Success
2021-07-12 08:19:46,815 Wallet Connected
2021-07-12 08:34:21,612 Let's discuss in Skype
2021-07-12 08:34:21,614 My SkypeId- live:.cid.464fc6f7b3e73598
2021-07-12 08:34:21,614 Please connect me and Don't Mention about the skype in freelancer chat
2021-07-12 08:34:22,578 Start Bot
2021-07-12 08:34:22,889 Waiting liquidity to be added
2021-07-12 08:34:26,480 Liquidity Added : 0x9e2fccfd7efb96b328dcf4b76172ca87cba0f63204874c27e59b5575c43a69b8
2021-07-12 08:34:26,482 Start Buy
2021-07-12 08:34:26,893 Wait until transaction completed...
2021-07-12 08:34:26,893 Buy transaction: 0x331de0f382fb945cdb9144ebc8f18468d2bb55365929b2928ba70bb5395c4edb
2021-07-12 08:34:36,529 Buy transaction confirmed
2021-07-12 08:34:36,727 Checking the condition, current price:0.00305545, buy price:0.00305548
2021-07-12 08:34:36,925 Checking the condition, current price:0.00305545, buy price:0.00305548
2021-07-12 08:34:37,146 Checking the condition, current price:0.00305546, buy price:0.00305548
2021-07-12 08:34:37,602 Checking the condition, current price:0.00305546, buy price:0.00305548
2021-07-12 08:34:38,470 Checking the condition, current price:0.00305546, buy price:0.00305548
2021-07-12 08:34:38,967 Start Sell
2021-07-12 08:34:38,974 Wait until transaction completed...
2021-07-12 08:34:39,404 Checking the condition, current price:0.00305546, buy price:0.00305548
2021-07-12 08:34:40,436 Sell transaction: 0xe57eb0f01a7fa3292a040006f380fa83bfa0489a6671c0a9c47de5e81c68c814
2021-07-12 08:34:46,441 Sell transaction confirmed
2021-07-12 08:34:53,331 Stop Bot
2021-07-12 08:35:29,074 Let's discuss in Skype
2021-07-12 08:35:29,074 My SkypeId- live:.cid.464fc6f7b3e73598
2021-07-12 08:35:29,074 Please connect me and Don't Mention about the skype in freelancer chat
2021-07-12 08:35:30,300 Start Bot
2021-07-12 08:35:30,673 Waiting liquidity to be added
2021-07-12 08:35:32,062 Liquidity Added : 0x9859c1b68644d63c2f816bab979f2d800aeedfcfade762d6bc7f73fba5279b43
2021-07-12 08:35:32,066 Start Buy
2021-07-12 08:35:32,420 Wait until transaction completed...
2021-07-12 08:35:32,420 Buy transaction: 0x9c3f98fc14b5ed3aaeb0c8c53e21ba3bb11458fd903f67cbb27d401e44c84f5a
2021-07-12 08:35:37,522 Stop Bot
2021-07-12 08:35:40,558 Buy transaction confirmed
2021-07-12 08:36:09,396 Read Config Success
2021-07-12 08:36:12,552 Wallet Connected
2021-07-12 08:36:30,107 Let's discuss in Skype
2021-07-12 08:36:30,108 My SkypeId- live:.cid.464fc6f7b3e73598
2021-07-12 08:36:30,108 Please connect me and Don't Mention about the skype in freelancer chat
2021-07-12 08:36:30,112 Please Input Buy Amount!
2021-07-12 08:36:30,641 Let's discuss in Skype
2021-07-12 08:36:30,641 My SkypeId- live:.cid.464fc6f7b3e73598
2021-07-12 08:36:30,642 Please connect me and Don't Mention about the skype in freelancer chat
2021-07-12 08:36:30,643 Please Input Buy Amount!
2021-07-12 08:36:36,442 Let's discuss in Skype
2021-07-12 08:36:36,442 My SkypeId- live:.cid.464fc6f7b3e73598
2021-07-12 08:36:36,442 Please connect me and Don't Mention about the skype in freelancer chat
2021-07-12 08:36:36,447 Please Input Buy Amount!
2021-07-12 08:36:42,593 Let's discuss in Skype
2021-07-12 08:36:42,594 My SkypeId- live:.cid.464fc6f7b3e73598
2021-07-12 08:36:42,594 Please connect me and Don't Mention about the skype in freelancer chat
2021-07-12 08:36:44,536 Start Bot
2021-07-12 08:36:47,074 Wait until transaction completed...
2021-07-12 08:36:47,075 Buy transaction: 0x4691779266155142827750bf577a80d501598aa72246e9975bd9b084de13b9b8
2021-07-12 08:36:52,790 Buy transaction confirmed
2021-07-12 08:36:53,163 Checking the condition, current price:0.00305762, buy price:0.00305762
2021-07-12 08:36:54,045 Checking the condition, current price:0.00305762, buy price:0.00305762
2021-07-12 08:36:54,889 Checking the condition, current price:0.00305762, buy price:0.00305762
2021-07-12 08:36:54,899 Start Sell
2021-07-12 08:36:54,901 Wait until transaction completed...
2021-07-12 08:36:56,505 Sell transaction: 0x2b10395dd2f91ac1e48e6086adc67dbb5814dc4ac3eb55d57724af380f3e2cd7
2021-07-12 08:37:01,321 Sell transaction confirmed
2021-07-12 08:37:23,963 Stop Bot
2021-07-12 08:47:03,237 Read Config Success
2021-07-12 08:47:05,052 Wallet Connected
2021-07-12 08:47:25,368 Read Config Success
2021-07-12 08:47:27,201 Wallet Connected
2021-07-12 08:48:29,164 Read Config Success
2021-07-12 08:48:31,330 Wallet Connected
2021-07-12 08:49:04,098 Token Address Invalid(example: 0xe9e7cea3dedca5984780bafc599bd69add087d56
2021-07-12 08:49:04,099 Let's discuss in Skype
2021-07-12 08:49:04,099 My SkypeId- live:.cid.464fc6f7b3e73598
2021-07-12 08:49:04,100 Please connect me and Don't Mention about the skype in freelancer chat
2021-07-12 08:49:04,101 Please Input Buy Amount!
2021-07-12 08:49:38,222 Read Config Success
2021-07-12 08:49:40,696 Wallet Connected
2021-07-12 08:50:02,731 Read Config Success
2021-07-12 08:50:06,429 Wallet Connected
2021-07-12 08:50:27,922 Token Address Invalid(example: 0xe9e7cea3dedca5984780bafc599bd69add087d56
2021-07-12 08:50:27,923 Please Input Buy Amount!
2021-07-12 08:52:01,525 Read Config Success
2021-07-12 08:52:03,664 Wallet Connected
2021-07-12 08:55:23,219 Read Config Success
2021-07-12 08:55:25,292 Wallet Connected
2021-07-12 08:58:10,336 Read Config Success
2021-07-12 08:58:12,521 Wallet Connected
