2021-07-11 04:18:59,281 Read Config Success
2021-07-11 04:19:01,875 Wallet Connected
2021-07-11 04:36:13,582 Read Config Success
2021-07-11 04:36:15,469 Wallet Connected
2021-07-11 04:42:54,581 Read Config Success
2021-07-11 04:42:55,661 Wallet Not Connected
2021-07-11 04:43:54,258 Read Config Success
2021-07-11 04:43:55,495 Wallet Not Connected
2021-07-11 04:44:56,840 Read Config Success
2021-07-11 04:44:58,120 Wallet Connected
2021-07-11 04:54:47,552 Token Address Invalid(example: 0xe9e7cea3dedca5984780bafc599bd69add087d56
2021-07-11 04:55:03,519 Token Address Wrong: Unknown format , attempted to normalize to 0x
2021-07-11 04:55:28,004 Read Config Success
2021-07-11 04:55:29,993 Wallet Connected
2021-07-11 04:55:39,861 Start Bot
2021-07-11 04:57:20,192 Read Config Success
2021-07-11 04:57:21,940 Wallet Connected
2021-07-11 04:57:27,162 Start Bot
2021-07-11 04:58:44,847 Read Config Success
2021-07-11 04:58:46,943 Wallet Connected
2021-07-11 04:58:56,209 Read Config Success
2021-07-11 04:58:58,010 Wallet Connected
2021-07-11 04:59:03,922 Start Bot
