2021-07-22 04:39:48,499 Read Config Success
2021-07-22 04:39:52,861 Wallet Connected
2021-07-22 04:39:57,075 You don't have enough Trini Token, You have to buy Trin Token!
2021-07-22 04:41:22,020 Read Config Success
2021-07-22 04:41:24,025 Wallet Connected
2021-07-22 04:41:27,503 Access Level Tier 3: Snipping,Max Speed:10, Auto Sells, Limit Sells, Limit Buys, Stop Loss
2021-07-22 04:42:06,814 Read Config Success
2021-07-22 04:42:09,290 Wallet Connected
2021-07-22 04:42:13,792 Access Level Tier 3: Snipping,Max Speed:10, Auto Sells, Limit Sells, Limit Buys, Stop Loss
2021-07-22 04:43:10,291 Read Config Success
2021-07-22 04:43:13,201 Wallet Connected
2021-07-22 04:43:15,562 Access Level Tier 3: Snipping,Max Speed:10, Auto Sells, Limit Sells, Limit Buys, Stop Loss
2021-07-22 04:44:06,850 Read Config Success
2021-07-22 04:44:08,377 Wallet Connected
2021-07-22 04:44:12,462 Access Level Tier 3: Snipping,Max Speed:10, Auto Sells, Limit Sells, Limit Buys, Stop Loss
2021-07-22 04:44:43,518 Read Config Success
2021-07-22 04:44:45,492 Wallet Connected
2021-07-22 04:44:48,760 Access Level Tier 3: Snipping,Max Speed:10, Auto Sells, Limit Sells, Limit Buys, Stop Loss
2021-07-22 04:46:13,484 Read Config Success
2021-07-22 04:46:15,689 Wallet Connected
2021-07-22 04:46:19,548 Access Level Tier 3: Snipping,Max Speed:10, Auto Sells, Limit Sells, Limit Buys, Stop Loss
2021-07-22 04:47:36,718 Read Config Success
2021-07-22 04:47:38,948 Wallet Connected
2021-07-22 04:47:41,435 Access Level Tier 3: Snipping,Max Speed:10, Auto Sells, Limit Sells, Limit Buys, Stop Loss
2021-07-22 04:48:08,661 Read Config Success
2021-07-22 04:48:10,254 Wallet Connected
2021-07-22 04:48:13,847 Access Level Tier 3: Snipping,Max Speed:10, Auto Sells, Limit Sells, Limit Buys, Stop Loss
2021-07-22 04:48:54,325 Read Config Success
2021-07-22 04:48:57,691 Wallet Connected
2021-07-22 04:48:59,966 Access Level Tier 3: Snipping,Max Speed:10, Auto Sells, Limit Sells, Limit Buys, Stop Loss
2021-07-22 04:49:26,913 Read Config Success
2021-07-22 04:49:30,616 Wallet Connected
2021-07-22 04:49:33,232 Access Level Tier 3: Snipping,Max Speed:10, Auto Sells, Limit Sells, Limit Buys, Stop Loss
2021-07-22 04:50:32,746 Read Config Success
2021-07-22 04:50:34,954 Wallet Connected
2021-07-22 04:50:39,923 Access Level Tier 3: Snipping,Max Speed:10, Auto Sells, Limit Sells, Limit Buys, Stop Loss
2021-07-22 04:53:26,525 Read Config Success
2021-07-22 04:53:28,651 Wallet Connected
2021-07-22 04:53:31,145 Access Level Tier 3: Snipping,Max Speed:10, Auto Sells, Limit Sells, Limit Buys, Stop Loss
2021-07-22 04:54:06,027 Read Config Success
2021-07-22 04:54:07,864 Wallet Connected
2021-07-22 04:54:10,373 Access Level Tier 3: Snipping,Max Speed:10, Auto Sells, Limit Sells, Limit Buys, Stop Loss
2021-07-22 04:54:22,295 Start Bot
2021-07-22 04:54:22,666 Waiting liquidity to be added
2021-07-22 04:54:24,842 Stop Bot
2021-07-22 04:55:49,812 Read Config Success
2021-07-22 04:55:53,011 Wallet Connected
2021-07-22 04:55:55,438 Access Level Tier 3: Snipping,Max Speed:10, Auto Sells, Limit Sells, Limit Buys, Stop Loss
2021-07-22 04:56:10,416 Start Bot
2021-07-22 04:56:10,793 Waiting liquidity to be added
2021-07-22 04:56:12,202 Stop Bot
2021-07-22 04:57:23,112 Read Config Success
2021-07-22 04:57:27,979 Wallet Connected
2021-07-22 04:57:30,464 Access Level Tier 3: Snipping,Max Speed:10, Auto Sells, Limit Sells, Limit Buys, Stop Loss
2021-07-22 04:57:55,009 Read Config Success
2021-07-22 04:57:58,885 Wallet Connected
2021-07-22 04:58:03,459 Access Level Tier 3: Snipping,Max Speed:10, Auto Sells, Limit Sells, Limit Buys, Stop Loss
2021-07-22 04:58:18,825 Start Bot
2021-07-22 04:58:19,185 Waiting liquidity to be added
2021-07-22 04:58:21,129 Stop Bot
2021-07-22 04:58:22,770 Contribute Start!
2021-07-22 04:59:43,939 Read Config Success
2021-07-22 04:59:48,561 Wallet Connected
2021-07-22 04:59:51,134 Access Level Tier 3: Snipping,Max Speed:10, Auto Sells, Limit Sells, Limit Buys, Stop Loss
2021-07-22 05:11:02,778 Start Bot
2021-07-22 05:11:02,796 Stop Bot
2021-07-22 05:11:03,104 Waiting liquidity to be added
2021-07-22 05:11:04,900 Contribute Start!
2021-07-22 05:11:05,952 Contribute:b'\xf4\xc7\xb9\xe3\x1es\x06}\xcf\x04T\xfb\xd0\xa4\x14\xbb\xf8B\x01\x11\x0f3N;\xeb@\xf8\xe7\xf1\x1f\xc5\xb8'
2021-07-22 05:11:05,952 Waiting Presale End...
2021-07-22 05:11:09,826 Buy transaction confirmed
