2021-07-13 16:07:20,386 Read Config Success
2021-07-13 16:07:21,859 Wallet Connected
2021-07-13 16:09:58,369 Read Config Success
2021-07-13 16:10:01,933 Wallet Connected
2021-07-13 16:12:41,280 Read Config Success
2021-07-13 16:12:42,819 Wallet Connected
2021-07-13 16:14:25,174 Read Config Success
2021-07-13 16:14:26,938 Wallet Connected
2021-07-13 16:15:33,485 Read Config Success
2021-07-13 16:15:34,906 Wallet Connected
2021-07-13 16:24:10,441 Read Config Success
2021-07-13 16:24:11,866 Wallet Connected
2021-07-13 16:25:48,890 Read Config Success
2021-07-13 16:25:51,787 Wallet Connected
2021-07-13 16:26:10,578 You have enough Trini Token, You can use our bot!
2021-07-13 16:26:10,583 Please Input Buy Amount!
2021-07-13 16:26:28,911 Read Config Success
2021-07-13 16:26:30,308 Wallet Connected
2021-07-13 16:35:28,034 Read Config Success
2021-07-13 16:35:29,714 Wallet Connected
2021-07-13 16:35:42,391 Read Config Success
2021-07-13 16:35:44,080 Wallet Connected
2021-07-13 16:36:16,675 Read Config Success
2021-07-13 16:36:17,892 Wallet Connected
2021-07-13 16:37:52,370 Read Config Success
2021-07-13 16:37:55,127 Wallet Connected
2021-07-13 16:38:27,256 Read Config Success
2021-07-13 16:38:28,861 Wallet Connected
2021-07-13 16:40:04,395 Read Config Success
2021-07-13 16:40:06,312 Wallet Connected
2021-07-13 16:40:09,136 You have enough Trini Token, You can use our bot!
2021-07-13 16:40:09,137 Please Input Buy Amount!
2021-07-13 16:42:50,363 Read Config Success
2021-07-13 16:42:52,044 Wallet Connected
2021-07-13 16:43:02,553 You have enough Trini Token, You can use our bot!
2021-07-13 16:43:03,785 Start Bot
2021-07-13 16:43:04,053 Waiting liquidity to be added
2021-07-13 16:43:04,060 Waiting Sell Moment....
2021-07-13 16:43:04,679 Checking the condition, current price:0.00322882, buy price:0.00322882
2021-07-13 16:43:05,450 Checking the condition, current price:0.00322882, buy price:0.00322882
2021-07-13 16:43:06,344 Checking the condition, current price:0.00322882, buy price:0.00322882
2021-07-13 16:43:07,059 Checking the condition, current price:0.00322882, buy price:0.00322882
2021-07-13 16:43:07,062 Stop Bot
2021-07-13 16:49:11,186 Read Config Success
2021-07-13 16:49:13,043 Wallet Connected
2021-07-13 16:51:58,321 Read Config Success
2021-07-13 16:51:59,678 Wallet Connected
2021-07-13 16:53:26,978 Read Config Success
2021-07-13 16:53:29,912 Wallet Connected
