2021-07-16 18:19:30,216 Read Config Success
2021-07-16 18:19:34,994 Wallet Connected
2021-07-16 18:19:36,833 Access Level Tier 1: Snipping only,Autosell, Max Speed: 5
2021-07-16 18:20:47,680 Read Config Success
2021-07-16 18:20:53,196 Wallet Connected
2021-07-16 18:20:55,093 Access Level Tier 1: Snipping only,Autosell, Max Speed: 5
2021-07-16 18:21:39,546 Read Config Success
2021-07-16 18:21:41,474 Wallet Connected
2021-07-16 18:21:44,032 Access Level Tier 1: Snipping only,Autosell, Max Speed: 5
2021-07-16 18:26:57,765 Read Config Success
2021-07-16 18:26:59,772 Wallet Connected
2021-07-16 18:27:01,372 Access Level Tier 1: Snipping only,Autosell, Max Speed: 5
2021-07-16 18:29:03,966 Read Config Success
2021-07-16 18:29:07,244 Wallet Connected
2021-07-16 18:29:08,645 Access Level Tier 1: Snipping only,Autosell, Max Speed: 5
2021-07-16 18:33:23,690 Read Config Success
2021-07-16 18:33:25,486 Wallet Connected
2021-07-16 18:33:27,175 Access Level Tier 1: Snipping only,Autosell, Max Speed: 5
2021-07-16 18:33:54,483 Read Config Success
2021-07-16 18:33:56,184 Wallet Connected
2021-07-16 18:33:57,800 Access Level Tier 1: Snipping only,Autosell, Max Speed: 5
2021-07-16 18:38:47,329 Read Config Success
2021-07-16 18:38:49,123 Wallet Connected
2021-07-16 18:38:50,817 Access Level Tier 1: Snipping only,Autosell, Max Speed: 5
2021-07-16 18:41:12,596 Read Config Success
2021-07-16 18:41:14,220 Wallet Connected
2021-07-16 18:41:15,633 Access Level Tier 1: Snipping only,Autosell, Max Speed: 5
2021-07-16 18:41:31,097 Read Config Success
2021-07-16 18:41:32,409 Wallet Connected
2021-07-16 18:41:34,006 Access Level Tier 1: Snipping only,Autosell, Max Speed: 5
2021-07-16 18:42:21,263 Read Config Success
2021-07-16 18:42:23,014 Wallet Connected
2021-07-16 18:42:24,446 Access Level Tier 3: Snipping,Max Speed:10, Auto Sells, Limit Sells, Limit Buys, Stop Loss
2021-07-16 18:43:48,696 Read Config Success
2021-07-16 18:43:50,143 Wallet Connected
2021-07-16 18:43:51,409 Access Level Tier 3: Snipping,Max Speed:10, Auto Sells, Limit Sells, Limit Buys, Stop Loss
2021-07-16 18:44:31,853 Read Config Success
2021-07-16 18:44:33,577 Wallet Connected
2021-07-16 18:44:35,282 Access Level Tier 3: Snipping,Max Speed:10, Auto Sells, Limit Sells, Limit Buys, Stop Loss
2021-07-16 18:47:25,715 Start Bot
2021-07-16 18:47:25,966 Waiting Sell Moment....
2021-07-16 18:47:26,045 Stop Bot
2021-07-16 18:47:27,542 Checking the condition, current price:100.0%
2021-07-16 18:47:27,542 Start Sell
