2021-07-30 08:00:01,118 Read Config Success
2021-07-30 08:00:05,027 Wallet Connected
2021-07-30 08:00:06,962 Access Level Tier 3: Snipping,Max Speed:10, Auto Sells, Limit Sells, Limit Buys, Stop Loss
2021-07-30 08:03:03,366 Read Config Success
2021-07-30 08:03:04,266 Wallet Connected
2021-07-30 08:03:06,152 Access Level Tier 3: Snipping,Max Speed:10, Auto Sells, Limit Sells, Limit Buys, Stop Loss
2021-07-30 08:03:17,305 Please Input Buy Amount!
2021-07-30 08:03:22,267 Start Bot
2021-07-30 08:03:22,273 Token Address : 0xe9e7CEA3DedcA5984780Bafc599bD69ADd087D56, Presale Address : 
2021-07-30 08:03:22,274 Buy Amount : 0.001, Sell Amount Percent : 100%, Sell Price : 0%, Buy Speed : 1.0, Sell Speed : 5.0
2021-07-30 08:03:22,491 Waiting liquidity to be added
2021-07-30 08:03:26,981 Liquidity Added : 0xca55a175c4956641550de681d25cd666ee77677f11912dbf1be5d49ac6552586
2021-07-30 08:03:27,228 Buy transaction: 0xbf66f5ec0af875bf7d0b26a618688f956dc4ed8d306073c866d2cd8ca6d611e6
2021-07-30 08:03:33,876 Buy transaction confirmed
2021-07-30 08:03:33,888 Waiting Sell Moment....
2021-07-30 08:03:33,888 Checking the condition, current price:100.0%
2021-07-30 08:03:34,331 Checking the condition, current price:100.0%
2021-07-30 08:03:35,126 Checking the condition, current price:100.0%
2021-07-30 08:03:35,900 Checking the condition, current price:99.99806%
2021-07-30 08:03:36,623 Checking the condition, current price:99.99806%
2021-07-30 08:03:37,350 Checking the condition, current price:99.99806%
2021-07-30 08:03:37,488 Start Sell
2021-07-30 08:03:37,489 Wait until transaction completed...
2021-07-30 08:03:39,560 Sell transaction: 0x1e5ac6b02eebc03b772533c0a4769889a95e4496ba57f4f69a4dd48ce0a7c26a
2021-07-30 08:03:44,564 Sell transaction confirmed
2021-07-30 08:03:51,673 Stop Bot
2021-07-30 08:04:03,039 Start Bot
2021-07-30 08:04:03,046 Token Address : 0xe9e7CEA3DedcA5984780Bafc599bD69ADd087D56, Presale Address : 
2021-07-30 08:04:03,047 Buy Amount : 0.001, Sell Amount Percent : 100%, Sell Price : 0%, Buy Speed : 1.0, Sell Speed : 5.0
2021-07-30 08:04:03,268 Waiting Presale Start
2021-07-30 08:04:06,521 Stop Bot
2021-07-30 08:05:14,740 Read Config Success
2021-07-30 08:05:15,614 Wallet Connected
2021-07-30 08:05:17,406 Access Level Tier 3: Snipping,Max Speed:10, Auto Sells, Limit Sells, Limit Buys, Stop Loss
2021-07-30 08:05:22,537 Please Input Presale Address!
2021-07-30 08:06:57,130 Read Config Success
2021-07-30 08:06:58,769 Wallet Connected
2021-07-30 08:08:28,920 Read Config Success
2021-07-30 08:08:29,799 Wallet Connected
2021-07-30 08:08:33,751 Access Level Tier 3: Snipping,Max Speed:10, Auto Sells, Limit Sells, Limit Buys, Stop Loss
2021-07-30 08:09:58,309 Read Config Success
2021-07-30 08:09:59,219 Wallet Connected
2021-07-30 08:10:01,054 Access Level Tier 3: Snipping,Max Speed:10, Auto Sells, Limit Sells, Limit Buys, Stop Loss
2021-07-30 08:10:28,701 Token Address Wrong: Unknown format 0xe9e7cea3deda5984780bafc599bd69add087d56, attempted to normalize to 0xe9e7cea3deda5984780bafc599bd69add087d56
2021-07-30 08:10:28,943 Token Address Wrong: Unknown format 0xe9e7cea3ded5984780bafc599bd69add087d56, attempted to normalize to 0xe9e7cea3ded5984780bafc599bd69add087d56
2021-07-30 08:10:29,408 Token Address Wrong: Unknown format 0xe9e7cea3ded984780bafc599bd69add087d56, attempted to normalize to 0xe9e7cea3ded984780bafc599bd69add087d56
2021-07-30 08:21:06,612 Read Config Success
2021-07-30 08:21:07,540 Wallet Connected
2021-07-30 08:21:09,426 Access Level Tier 3: Snipping,Max Speed:10, Auto Sells, Limit Sells, Limit Buys, Stop Loss
