2021-07-17 18:25:49,596 Read Config Success
2021-07-17 18:25:51,668 Wallet Connected
2021-07-17 18:25:53,361 You don't have enough Trini Token, You have to buy Trin Token!
2021-07-17 18:26:04,158 Start Bot
2021-07-17 18:26:04,376 Waiting liquidity to be added
2021-07-17 18:26:12,560 Stop Bot
2021-07-17 18:26:12,772 You don't have enough Trini Token, You have to buy Trin Token!
2021-07-17 18:26:45,613 Start Bot
2021-07-17 18:26:45,869 Waiting liquidity to be added
2021-07-17 18:26:52,623 Stop Bot
2021-07-17 18:26:52,837 You don't have enough Trini Token, You have to buy Trin Token!
2021-07-17 18:28:47,254 Read Config Success
2021-07-17 18:28:48,583 Wallet Connected
2021-07-17 18:28:50,347 You don't have enough Trini Token, You have to buy Trin Token!
2021-07-17 18:31:52,081 Read Config Success
2021-07-17 18:31:53,335 Wallet Connected
2021-07-17 18:31:54,798 Access Level Tier 1: Snipping only,Autosell, Max Speed: 5
2021-07-17 18:32:04,276 Start Bot
2021-07-17 18:32:04,483 Waiting liquidity to be added
2021-07-17 18:32:35,479 Stop Bot
2021-07-17 18:33:15,534 Read Config Success
2021-07-17 18:33:16,883 Wallet Connected
2021-07-17 18:33:18,593 Access Level Tier 1: Snipping only,Autosell, Max Speed: 5
2021-07-17 18:33:26,501 Start Bot
2021-07-17 18:33:26,709 Waiting liquidity to be added
2021-07-17 18:33:32,082 Stop Bot
