2021-07-16 08:00:14,588 Read Config Success
2021-07-16 08:00:16,129 Wallet Connected
2021-07-16 08:00:21,198 Please Input Buy Amount!
2021-07-16 08:00:25,818 Access Level Tier 1: Snipping only,Autosell, Max Speed: 5
2021-07-16 08:00:25,820 Access Level Tier 1: Snipping only,Autosell, Max Speed: 5
2021-07-16 08:00:31,578 Access Level Tier 1: Snipping only,Autosell, Max Speed: 5
2021-07-16 08:00:32,580 Start Bot
2021-07-16 08:00:32,806 Waiting liquidity to be added
2021-07-16 08:00:55,595 Stop Bot
2021-07-16 08:00:56,353 Access Level Tier 1: Snipping only,Autosell, Max Speed: 5
2021-07-16 08:00:57,746 Start Bot
2021-07-16 08:00:57,962 Waiting liquidity to be added
2021-07-16 08:01:17,026 Stop Bot
2021-07-16 08:01:21,287 Read Config Success
2021-07-16 08:01:22,581 Wallet Connected
2021-07-16 08:01:26,794 Please Input Buy Amount!
2021-07-16 08:01:32,170 You don't have enough Trini Token, You have to buy Trin Token!
2021-07-16 08:01:49,308 Read Config Success
2021-07-16 08:01:50,385 Wallet Connected
2021-07-16 08:01:57,362 Access Level Tier 1: Snipping only,Autosell, Max Speed: 5
2021-07-16 08:01:58,333 Start Bot
2021-07-16 08:01:58,537 Waiting liquidity to be added
2021-07-16 08:04:44,219 Stop Bot
2021-07-16 08:05:25,482 Read Config Success
2021-07-16 08:05:26,778 Wallet Connected
2021-07-16 08:05:32,418 Access Level Tier 1: Snipping only,Autosell, Max Speed: 5
2021-07-16 08:05:33,316 Start Bot
2021-07-16 08:05:33,524 Waiting liquidity to be added
2021-07-16 08:05:41,955 Stop Bot
